<?xml version="1.0" encoding="UTF-8"?>
<TestRun id="d7552fe1-178a-4701-80c6-1d57beb55603" name="X3G9@MW00977477 2015-12-27 14:30:52" runUser="NORD\X3G9" xmlns="http://microsoft.com/schemas/VisualStudio/TeamTest/2010">
  <TestSettings name="Default Test Settings" id="5502f19b-167a-403b-8af3-23b3224b3c80">
    <Execution>
      <TestTypeSpecific />
      <AgentRule name="Execution Agents">
      </AgentRule>
    </Execution>
    <Deployment runDeploymentRoot="X3G9_MW00977477 2015-12-27 14_30_52" />
    <Properties />
  </TestSettings>
  <Times creation="2015-12-27T14:30:52.2976631-08:00" queuing="2015-12-27T14:30:54.9049238-08:00" start="2015-12-27T14:30:54.9879321-08:00" finish="2015-12-27T14:48:34.2174024-08:00" />
  <ResultSummary outcome="Failed">
    <Counters total="120" executed="23" passed="4" error="0" failed="18" timeout="0" aborted="1" inconclusive="0" passedButRunAborted="0" notRunnable="0" notExecuted="97" disconnected="0" warning="0" completed="0" inProgress="0" pending="0" />
    <RunInfos>
      <RunInfo computerName="MW00977477" outcome="Warning" timestamp="2015-12-27T14:30:53.4147748-08:00">
        <Text>Warning: Test Run deployment issue: The assembly or module 'RestSharp' directly or indirectly referenced by the test container 'c:\loyaltywebtest\web\test\ui\loyaltyweb\loyaltywebtest\loyaltywebtest\bin\debug\nordstrom.web.test.ui.loyaltyweb.dll' was not found.</Text>
      </RunInfo>
    </RunInfos>
  </ResultSummary>
  <TestDefinitions>
    <UnitTest name="TenderNeutralEarn_GuestUserCannotSeeRewardsSectionInOrderSubmitPage_Successfully" storage="c:\loyaltywebtest\web\test\ui\loyaltyweb\loyaltywebtest\loyaltywebtest\bin\debug\nordstrom.web.test.ui.loyaltyweb.dll" id="ab97186a-ec5a-c908-5c1d-428ddbe44d2b">
      <Description>Verify that the guest user cannot see Rewards section in Ordersubmit page.</Description>
      <TestCategory>
        <TestCategoryItem TestCategory="LoyaltyTenderNeutral" />
        <TestCategoryItem TestCategory="Earn" />
      </TestCategory>
      <DeploymentItems>
        <DeploymentItem filename="ExternalBinaries" outputDirectory=".\ExternalBinaries" />
        <DeploymentItem filename="TestData" outputDirectory=".\TestData" />
        <DeploymentItem filename="TestRunConfig" outputDirectory=".\TestRunConfig" />
      </DeploymentItems>
      <Execution id="f6030222-a4f9-42bc-90d2-c1f07f39163f" />
      <TestMethod codeBase="C:/LoyaltyWebTest/Web/Test/UI/LoyaltyWeb/LoyaltyWebTest/LoyaltyWebTest/bin/Debug/Nordstrom.Web.Test.UI.LoyaltyWeb.DLL" adapterTypeName="Microsoft.VisualStudio.TestTools.TestTypes.Unit.UnitTestAdapter, Microsoft.VisualStudio.QualityTools.Tips.UnitTest.Adapter, Version=12.0.0.0, Culture=neutral, PublicKeyToken=b03f5f7f11d50a3a" className="Nordstrom.Web.Test.UI.LoyaltyWeb.LoyaltyEarnTests, Nordstrom.Web.Test.UI.LoyaltyWeb, Version=1.0.0.0, Culture=neutral, PublicKeyToken=null" name="TenderNeutralEarn_GuestUserCannotSeeRewardsSectionInOrderSubmitPage_Successfully" />
    </UnitTest>
    <UnitTest name="TenderNeutralRewardsRegister_GuestUserEnrollWithExistingEmailButDifferentPhoneNumberInTheLoyaltyProgram_ShouldFailInEnroll" storage="c:\loyaltywebtest\web\test\ui\loyaltyweb\loyaltywebtest\loyaltywebtest\bin\debug\nordstrom.web.test.ui.loyaltyweb.dll" id="a6eb5918-3ab1-9078-7b27-8e40be1748bf">
      <Description>Guest user enrolling with existing enroll email but different phone number would fail</Description>
      <TestCategory>
        <TestCategoryItem TestCategory="LoyaltyTenderNeutral" />
        <TestCategoryItem TestCategory="Enroll" />
      </TestCategory>
      <DeploymentItems>
        <DeploymentItem filename="ExternalBinaries" outputDirectory=".\ExternalBinaries" />
        <DeploymentItem filename="TestData" outputDirectory=".\TestData" />
        <DeploymentItem filename="TestRunConfig" outputDirectory=".\TestRunConfig" />
      </DeploymentItems>
      <Execution id="33a58a9a-e1b2-42c4-a089-d91b325f9a31" />
      <TestMethod codeBase="C:/LoyaltyWebTest/Web/Test/UI/LoyaltyWeb/LoyaltyWebTest/LoyaltyWebTest/bin/Debug/Nordstrom.Web.Test.UI.LoyaltyWeb.DLL" adapterTypeName="Microsoft.VisualStudio.TestTools.TestTypes.Unit.UnitTestAdapter, Microsoft.VisualStudio.QualityTools.Tips.UnitTest.Adapter, Version=12.0.0.0, Culture=neutral, PublicKeyToken=b03f5f7f11d50a3a" className="Nordstrom.Web.Test.UI.LoyaltyWeb.LoyaltyRegisterTests, Nordstrom.Web.Test.UI.LoyaltyWeb, Version=1.0.0.0, Culture=neutral, PublicKeyToken=null" name="TenderNeutralRewardsRegister_GuestUserEnrollWithExistingEmailButDifferentPhoneNumberInTheLoyaltyProgram_ShouldFailInEnroll" />
    </UnitTest>
    <UnitTest name="SuccessAssociationPageModalPopupsValidation_GuestUserGetANewCodeModalContentValidation_GetANewCodeModalContentValidatedSuccessfully" storage="c:\loyaltywebtest\web\test\ui\loyaltyweb\loyaltywebtest\loyaltywebtest\bin\debug\nordstrom.web.test.ui.loyaltyweb.dll" id="d7776958-df7b-aafc-c999-c6ac276b3cb8">
      <Description>Get a new code Modal Popup Content Validation for Association mobile verification modal</Description>
      <TestCategory>
        <TestCategoryItem TestCategory="LoyaltyTenderNeutral" />
        <TestCategoryItem TestCategory="MobileVerification" />
      </TestCategory>
      <DeploymentItems>
        <DeploymentItem filename="ExternalBinaries" outputDirectory=".\ExternalBinaries" />
        <DeploymentItem filename="TestData" outputDirectory=".\TestData" />
        <DeploymentItem filename="TestRunConfig" outputDirectory=".\TestRunConfig" />
      </DeploymentItems>
      <Execution id="ff4180d2-5995-445b-bb8a-6bb8e46f6d22" />
      <TestMethod codeBase="C:/LoyaltyWebTest/Web/Test/UI/LoyaltyWeb/LoyaltyWebTest/LoyaltyWebTest/bin/Debug/Nordstrom.Web.Test.UI.LoyaltyWeb.DLL" adapterTypeName="Microsoft.VisualStudio.TestTools.TestTypes.Unit.UnitTestAdapter, Microsoft.VisualStudio.QualityTools.Tips.UnitTest.Adapter, Version=12.0.0.0, Culture=neutral, PublicKeyToken=b03f5f7f11d50a3a" className="Nordstrom.Web.Test.UI.LoyaltyWeb.LoyaltyTenderNeutralMobileVerificationPageTests, Nordstrom.Web.Test.UI.LoyaltyWeb, Version=1.0.0.0, Culture=neutral, PublicKeyToken=null" name="SuccessAssociationPageModalPopupsValidation_GuestUserGetANewCodeModalContentValidation_GetANewCodeModalContentValidatedSuccessfully" />
    </UnitTest>
    <UnitTest name="TenderNeutralRewardsEnroll_LoyaltyTenderNeutralRegisteredAuthenticatedUser_EmailPrePopulationVerificationSuccessful" storage="c:\loyaltywebtest\web\test\ui\loyaltyweb\loyaltywebtest\loyaltywebtest\bin\debug\nordstrom.web.test.ui.loyaltyweb.dll" id="882fb25a-af60-c1a9-9ac5-8c717310c276">
      <Description>Verify pre-population of mobile number on loyalty mobile verification page for a TN enrolled user</Description>
      <TestCategory>
        <TestCategoryItem TestCategory="LoyaltyTenderNeutral" />
        <TestCategoryItem TestCategory="MobileVerification" />
      </TestCategory>
      <DeploymentItems>
        <DeploymentItem filename="ExternalBinaries" outputDirectory=".\ExternalBinaries" />
        <DeploymentItem filename="TestData" outputDirectory=".\TestData" />
        <DeploymentItem filename="TestRunConfig" outputDirectory=".\TestRunConfig" />
      </DeploymentItems>
      <Execution id="690772f7-7ce0-4ef1-a28d-81cbaf690805" />
      <TestMethod codeBase="C:/LoyaltyWebTest/Web/Test/UI/LoyaltyWeb/LoyaltyWebTest/LoyaltyWebTest/bin/Debug/Nordstrom.Web.Test.UI.LoyaltyWeb.DLL" adapterTypeName="Microsoft.VisualStudio.TestTools.TestTypes.Unit.UnitTestAdapter, Microsoft.VisualStudio.QualityTools.Tips.UnitTest.Adapter, Version=12.0.0.0, Culture=neutral, PublicKeyToken=b03f5f7f11d50a3a" className="Nordstrom.Web.Test.UI.LoyaltyWeb.LoyaltyTenderNeutralMobileVerificationPageTests, Nordstrom.Web.Test.UI.LoyaltyWeb, Version=1.0.0.0, Culture=neutral, PublicKeyToken=null" name="TenderNeutralRewardsEnroll_LoyaltyTenderNeutralRegisteredAuthenticatedUser_EmailPrePopulationVerificationSuccessful" />
    </UnitTest>
    <UnitTest name="TenderNeutralRewardsEnroll_EnrollingWebGuestUserWithSpecialCharacterInLastName_ThrowsError" storage="c:\loyaltywebtest\web\test\ui\loyaltyweb\loyaltywebtest\loyaltywebtest\bin\debug\nordstrom.web.test.ui.loyaltyweb.dll" id="d8d2522c-d687-f307-5915-98cd323cb3f9">
      <Description>Verify that Invalid Special Character in Last Name throws error</Description>
      <TestCategory>
        <TestCategoryItem TestCategory="LoyaltyTenderNeutral" />
        <TestCategoryItem TestCategory="Enroll" />
      </TestCategory>
      <DeploymentItems>
        <DeploymentItem filename="ExternalBinaries" outputDirectory=".\ExternalBinaries" />
        <DeploymentItem filename="TestData" outputDirectory=".\TestData" />
        <DeploymentItem filename="TestRunConfig" outputDirectory=".\TestRunConfig" />
      </DeploymentItems>
      <Execution id="eb976b58-a308-4597-83c0-fc319fdaae2d" />
      <TestMethod codeBase="C:/LoyaltyWebTest/Web/Test/UI/LoyaltyWeb/LoyaltyWebTest/LoyaltyWebTest/bin/Debug/Nordstrom.Web.Test.UI.LoyaltyWeb.DLL" adapterTypeName="Microsoft.VisualStudio.TestTools.TestTypes.Unit.UnitTestAdapter, Microsoft.VisualStudio.QualityTools.Tips.UnitTest.Adapter, Version=12.0.0.0, Culture=neutral, PublicKeyToken=b03f5f7f11d50a3a" className="Nordstrom.Web.Test.UI.LoyaltyWeb.LoyaltyRegisterTests, Nordstrom.Web.Test.UI.LoyaltyWeb, Version=1.0.0.0, Culture=neutral, PublicKeyToken=null" name="TenderNeutralRewardsEnroll_EnrollingWebGuestUserWithSpecialCharacterInLastName_ThrowsError" />
    </UnitTest>
    <UnitTest name="TenderNeutralRewardsRegister_GuestUserEnrollWhenEmailPreferenceCheckboxUnchecked_ShouldFailEnroll" storage="c:\loyaltywebtest\web\test\ui\loyaltyweb\loyaltywebtest\loyaltywebtest\bin\debug\nordstrom.web.test.ui.loyaltyweb.dll" id="8f46b4dc-24ba-0a98-6e75-5962fc8b7e13">
      <Description>Guest user enrolls when email preference is not checked</Description>
      <TestCategory>
        <TestCategoryItem TestCategory="LoyaltyTenderNeutral" />
        <TestCategoryItem TestCategory="Enroll" />
      </TestCategory>
      <DeploymentItems>
        <DeploymentItem filename="ExternalBinaries" outputDirectory=".\ExternalBinaries" />
        <DeploymentItem filename="TestData" outputDirectory=".\TestData" />
        <DeploymentItem filename="TestRunConfig" outputDirectory=".\TestRunConfig" />
      </DeploymentItems>
      <Execution id="7e3ec35f-42a4-48b2-94cb-ba7fbc99e97e" />
      <TestMethod codeBase="C:/LoyaltyWebTest/Web/Test/UI/LoyaltyWeb/LoyaltyWebTest/LoyaltyWebTest/bin/Debug/Nordstrom.Web.Test.UI.LoyaltyWeb.DLL" adapterTypeName="Microsoft.VisualStudio.TestTools.TestTypes.Unit.UnitTestAdapter, Microsoft.VisualStudio.QualityTools.Tips.UnitTest.Adapter, Version=12.0.0.0, Culture=neutral, PublicKeyToken=b03f5f7f11d50a3a" className="Nordstrom.Web.Test.UI.LoyaltyWeb.LoyaltyRegisterTests, Nordstrom.Web.Test.UI.LoyaltyWeb, Version=1.0.0.0, Culture=neutral, PublicKeyToken=null" name="TenderNeutralRewardsRegister_GuestUserEnrollWhenEmailPreferenceCheckboxUnchecked_ShouldFailEnroll" />
    </UnitTest>
    <UnitTest name="TenderNeutralEarn_RecognisedUserCanSeeRewardsSectionInOrderSubmitPageAfterSignInFromCheckout_Successfully" storage="c:\loyaltywebtest\web\test\ui\loyaltyweb\loyaltywebtest\loyaltywebtest\bin\debug\nordstrom.web.test.ui.loyaltyweb.dll" id="1b9e4056-ae08-6178-83f0-22316d897d12">
      <Description>Verify that a registered user signing in from checkout page is able to see Rewards section in Ordersubmit page.</Description>
      <TestCategory>
        <TestCategoryItem TestCategory="LoyaltyTenderNeutral" />
        <TestCategoryItem TestCategory="Earn" />
      </TestCategory>
      <DeploymentItems>
        <DeploymentItem filename="ExternalBinaries" outputDirectory=".\ExternalBinaries" />
        <DeploymentItem filename="TestData" outputDirectory=".\TestData" />
        <DeploymentItem filename="TestRunConfig" outputDirectory=".\TestRunConfig" />
      </DeploymentItems>
      <Execution id="98aad0bb-dd82-45b0-9c28-4a46884befab" />
      <TestMethod codeBase="C:/LoyaltyWebTest/Web/Test/UI/LoyaltyWeb/LoyaltyWebTest/LoyaltyWebTest/bin/Debug/Nordstrom.Web.Test.UI.LoyaltyWeb.DLL" adapterTypeName="Microsoft.VisualStudio.TestTools.TestTypes.Unit.UnitTestAdapter, Microsoft.VisualStudio.QualityTools.Tips.UnitTest.Adapter, Version=12.0.0.0, Culture=neutral, PublicKeyToken=b03f5f7f11d50a3a" className="Nordstrom.Web.Test.UI.LoyaltyWeb.LoyaltyEarnTests, Nordstrom.Web.Test.UI.LoyaltyWeb, Version=1.0.0.0, Culture=neutral, PublicKeyToken=null" name="TenderNeutralEarn_RecognisedUserCanSeeRewardsSectionInOrderSubmitPageAfterSignInFromCheckout_Successfully" />
    </UnitTest>
    <UnitTest name="TenderNeutralRewardsRegister_TheUserWhoSucceedsInEnrollWithHisWebAccountEnrollsAgainWithSameWebAccount_ShouldFailBothEnrollAndAccountCreation" storage="c:\loyaltywebtest\web\test\ui\loyaltyweb\loyaltywebtest\loyaltywebtest\bin\debug\nordstrom.web.test.ui.loyaltyweb.dll" id="98f3ba08-a10b-9949-a79e-150238875d08">
      <Description>Guest user with enrollment account enrolls with same web account (connected with enrollment previously) should not succeed.</Description>
      <TestCategory>
        <TestCategoryItem TestCategory="LoyaltyTenderNeutral" />
        <TestCategoryItem TestCategory="Enroll" />
      </TestCategory>
      <DeploymentItems>
        <DeploymentItem filename="ExternalBinaries" outputDirectory=".\ExternalBinaries" />
        <DeploymentItem filename="TestData" outputDirectory=".\TestData" />
        <DeploymentItem filename="TestRunConfig" outputDirectory=".\TestRunConfig" />
      </DeploymentItems>
      <Execution id="5b5ba06f-53bd-4686-92e0-fab6c04d4a1d" />
      <TestMethod codeBase="C:/LoyaltyWebTest/Web/Test/UI/LoyaltyWeb/LoyaltyWebTest/LoyaltyWebTest/bin/Debug/Nordstrom.Web.Test.UI.LoyaltyWeb.DLL" adapterTypeName="Microsoft.VisualStudio.TestTools.TestTypes.Unit.UnitTestAdapter, Microsoft.VisualStudio.QualityTools.Tips.UnitTest.Adapter, Version=12.0.0.0, Culture=neutral, PublicKeyToken=b03f5f7f11d50a3a" className="Nordstrom.Web.Test.UI.LoyaltyWeb.LoyaltyRegisterTests, Nordstrom.Web.Test.UI.LoyaltyWeb, Version=1.0.0.0, Culture=neutral, PublicKeyToken=null" name="TenderNeutralRewardsRegister_TheUserWhoSucceedsInEnrollWithHisWebAccountEnrollsAgainWithSameWebAccount_ShouldFailBothEnrollAndAccountCreation" />
    </UnitTest>
    <UnitTest name="TenderNeutralRewardsEnroll_MarketingPreferenceForAuthenticatedUser_MarketingPreferenceNotDisplayed" storage="c:\loyaltywebtest\web\test\ui\loyaltyweb\loyaltywebtest\loyaltywebtest\bin\debug\nordstrom.web.test.ui.loyaltyweb.dll" id="d4223cb2-795f-acc3-97c9-3a959ae1fbec">
      <Description>Verify that the marketing preference is not displayed on Loyalty enroll page for a N.com registered authenticated user</Description>
      <TestCategory>
        <TestCategoryItem TestCategory="LoyaltyTenderNeutral" />
        <TestCategoryItem TestCategory="Enroll" />
      </TestCategory>
      <DeploymentItems>
        <DeploymentItem filename="ExternalBinaries" outputDirectory=".\ExternalBinaries" />
        <DeploymentItem filename="TestData" outputDirectory=".\TestData" />
        <DeploymentItem filename="TestRunConfig" outputDirectory=".\TestRunConfig" />
      </DeploymentItems>
      <Execution id="3f44238d-c87d-4708-a8aa-a3564bd70ecf" />
      <TestMethod codeBase="C:/LoyaltyWebTest/Web/Test/UI/LoyaltyWeb/LoyaltyWebTest/LoyaltyWebTest/bin/Debug/Nordstrom.Web.Test.UI.LoyaltyWeb.DLL" adapterTypeName="Microsoft.VisualStudio.TestTools.TestTypes.Unit.UnitTestAdapter, Microsoft.VisualStudio.QualityTools.Tips.UnitTest.Adapter, Version=12.0.0.0, Culture=neutral, PublicKeyToken=b03f5f7f11d50a3a" className="Nordstrom.Web.Test.UI.LoyaltyWeb.LoyaltyRegisterTests, Nordstrom.Web.Test.UI.LoyaltyWeb, Version=1.0.0.0, Culture=neutral, PublicKeyToken=null" name="TenderNeutralRewardsEnroll_MarketingPreferenceForAuthenticatedUser_MarketingPreferenceNotDisplayed" />
    </UnitTest>
    <UnitTest name="SuccessAssociationPageModalPopupsValidation_OkButtonGetANewCodeModalValidation_OkButtonInGetANewCodeModalClosedModalSuccessfully" storage="c:\loyaltywebtest\web\test\ui\loyaltyweb\loyaltywebtest\loyaltywebtest\bin\debug\nordstrom.web.test.ui.loyaltyweb.dll" id="47b1dee1-d457-b144-965d-3ecfde9a5fd1">
      <Description>'Get a new code' Modal Popup OK Button Functionality verification</Description>
      <TestCategory>
        <TestCategoryItem TestCategory="LoyaltyTenderNeutral" />
        <TestCategoryItem TestCategory="MobileVerification" />
      </TestCategory>
      <DeploymentItems>
        <DeploymentItem filename="ExternalBinaries" outputDirectory=".\ExternalBinaries" />
        <DeploymentItem filename="TestData" outputDirectory=".\TestData" />
        <DeploymentItem filename="TestRunConfig" outputDirectory=".\TestRunConfig" />
      </DeploymentItems>
      <Execution id="1cce9a0a-2164-4e0e-9035-20657074271f" />
      <TestMethod codeBase="C:/LoyaltyWebTest/Web/Test/UI/LoyaltyWeb/LoyaltyWebTest/LoyaltyWebTest/bin/Debug/Nordstrom.Web.Test.UI.LoyaltyWeb.DLL" adapterTypeName="Microsoft.VisualStudio.TestTools.TestTypes.Unit.UnitTestAdapter, Microsoft.VisualStudio.QualityTools.Tips.UnitTest.Adapter, Version=12.0.0.0, Culture=neutral, PublicKeyToken=b03f5f7f11d50a3a" className="Nordstrom.Web.Test.UI.LoyaltyWeb.LoyaltyTenderNeutralMobileVerificationPageTests, Nordstrom.Web.Test.UI.LoyaltyWeb, Version=1.0.0.0, Culture=neutral, PublicKeyToken=null" name="SuccessAssociationPageModalPopupsValidation_OkButtonGetANewCodeModalValidation_OkButtonInGetANewCodeModalClosedModalSuccessfully" />
    </UnitTest>
    <UnitTest name="TenderNeutralRewardsEnroll_LoyaltyTenderNeutralUnrecognisedUserLeaveFirstNameFieldBlankTabOut_ErrorMessageDisplayedSuccessfully" storage="c:\loyaltywebtest\web\test\ui\loyaltyweb\loyaltywebtest\loyaltywebtest\bin\debug\nordstrom.web.test.ui.loyaltyweb.dll" id="32087f87-3ab9-f41c-43c0-e6fe3bc56d49">
      <Description>Verify that error message appear for first name field when it is left blank and we tab out for unrecognised user</Description>
      <TestCategory>
        <TestCategoryItem TestCategory="LoyaltyTenderNeutral" />
        <TestCategoryItem TestCategory="Enroll" />
      </TestCategory>
      <DeploymentItems>
        <DeploymentItem filename="ExternalBinaries" outputDirectory=".\ExternalBinaries" />
        <DeploymentItem filename="TestData" outputDirectory=".\TestData" />
        <DeploymentItem filename="TestRunConfig" outputDirectory=".\TestRunConfig" />
      </DeploymentItems>
      <Execution id="f431c16f-1dc1-4e51-b772-c05dc955d984" />
      <TestMethod codeBase="C:/LoyaltyWebTest/Web/Test/UI/LoyaltyWeb/LoyaltyWebTest/LoyaltyWebTest/bin/Debug/Nordstrom.Web.Test.UI.LoyaltyWeb.DLL" adapterTypeName="Microsoft.VisualStudio.TestTools.TestTypes.Unit.UnitTestAdapter, Microsoft.VisualStudio.QualityTools.Tips.UnitTest.Adapter, Version=12.0.0.0, Culture=neutral, PublicKeyToken=b03f5f7f11d50a3a" className="Nordstrom.Web.Test.UI.LoyaltyWeb.LoyaltyRegisterTests, Nordstrom.Web.Test.UI.LoyaltyWeb, Version=1.0.0.0, Culture=neutral, PublicKeyToken=null" name="TenderNeutralRewardsEnroll_LoyaltyTenderNeutralUnrecognisedUserLeaveFirstNameFieldBlankTabOut_ErrorMessageDisplayedSuccessfully" />
    </UnitTest>
    <UnitTest name="TenderNeutralRewardsEnroll_LoyaltyTNAuthenticatedUserSpecialCharacterinCodeField_ThrowseError" storage="c:\loyaltywebtest\web\test\ui\loyaltyweb\loyaltywebtest\loyaltywebtest\bin\debug\nordstrom.web.test.ui.loyaltyweb.dll" id="7003bcc1-5465-4329-b7ef-878c9e819482">
      <Description>Verify that error message is displayed when special characters are entered in mobile verification code field</Description>
      <TestCategory>
        <TestCategoryItem TestCategory="LoyaltyTenderNeutral" />
        <TestCategoryItem TestCategory="MobileVerification" />
      </TestCategory>
      <DeploymentItems>
        <DeploymentItem filename="ExternalBinaries" outputDirectory=".\ExternalBinaries" />
        <DeploymentItem filename="TestData" outputDirectory=".\TestData" />
        <DeploymentItem filename="TestRunConfig" outputDirectory=".\TestRunConfig" />
      </DeploymentItems>
      <Execution id="e5924de4-e70a-4403-85e1-ae4a3de2ae95" />
      <TestMethod codeBase="C:/LoyaltyWebTest/Web/Test/UI/LoyaltyWeb/LoyaltyWebTest/LoyaltyWebTest/bin/Debug/Nordstrom.Web.Test.UI.LoyaltyWeb.DLL" adapterTypeName="Microsoft.VisualStudio.TestTools.TestTypes.Unit.UnitTestAdapter, Microsoft.VisualStudio.QualityTools.Tips.UnitTest.Adapter, Version=12.0.0.0, Culture=neutral, PublicKeyToken=b03f5f7f11d50a3a" className="Nordstrom.Web.Test.UI.LoyaltyWeb.LoyaltyTenderNeutralMobileVerificationPageTests, Nordstrom.Web.Test.UI.LoyaltyWeb, Version=1.0.0.0, Culture=neutral, PublicKeyToken=null" name="TenderNeutralRewardsEnroll_LoyaltyTNAuthenticatedUserSpecialCharacterinCodeField_ThrowseError" />
    </UnitTest>
    <UnitTest name="TenderNeutralRewardsEnroll_EnrollingWebGuestUserWithSpecialCharacterInFirstName_ThrowsError" storage="c:\loyaltywebtest\web\test\ui\loyaltyweb\loyaltywebtest\loyaltywebtest\bin\debug\nordstrom.web.test.ui.loyaltyweb.dll" id="4d638e32-5855-1388-3e9e-cde5f0a77c27">
      <Description>Verify that Invalid Special Character in First Name throws error</Description>
      <TestCategory>
        <TestCategoryItem TestCategory="LoyaltyTenderNeutral" />
        <TestCategoryItem TestCategory="Enroll" />
      </TestCategory>
      <DeploymentItems>
        <DeploymentItem filename="ExternalBinaries" outputDirectory=".\ExternalBinaries" />
        <DeploymentItem filename="TestData" outputDirectory=".\TestData" />
        <DeploymentItem filename="TestRunConfig" outputDirectory=".\TestRunConfig" />
      </DeploymentItems>
      <Execution id="22726f8c-662e-40fa-933e-46c1eb218bcf" />
      <TestMethod codeBase="C:/LoyaltyWebTest/Web/Test/UI/LoyaltyWeb/LoyaltyWebTest/LoyaltyWebTest/bin/Debug/Nordstrom.Web.Test.UI.LoyaltyWeb.DLL" adapterTypeName="Microsoft.VisualStudio.TestTools.TestTypes.Unit.UnitTestAdapter, Microsoft.VisualStudio.QualityTools.Tips.UnitTest.Adapter, Version=12.0.0.0, Culture=neutral, PublicKeyToken=b03f5f7f11d50a3a" className="Nordstrom.Web.Test.UI.LoyaltyWeb.LoyaltyRegisterTests, Nordstrom.Web.Test.UI.LoyaltyWeb, Version=1.0.0.0, Culture=neutral, PublicKeyToken=null" name="TenderNeutralRewardsEnroll_EnrollingWebGuestUserWithSpecialCharacterInFirstName_ThrowsError" />
    </UnitTest>
    <UnitTest name="TenderNeutralRewardsEnroll_LoyaltyTenderNeutralGuestUserConfirmPasswordField_MismatchErrorMessageDisplayedSuccessfully" storage="c:\loyaltywebtest\web\test\ui\loyaltyweb\loyaltywebtest\loyaltywebtest\bin\debug\nordstrom.web.test.ui.loyaltyweb.dll" id="d3ba0755-91e1-30c5-315a-f25399e3023a">
      <Description>Verify the mismatch error message displayed for the invalid entry of confirm Password field</Description>
      <TestCategory>
        <TestCategoryItem TestCategory="LoyaltyTenderNeutral" />
        <TestCategoryItem TestCategory="Enroll" />
      </TestCategory>
      <DeploymentItems>
        <DeploymentItem filename="ExternalBinaries" outputDirectory=".\ExternalBinaries" />
        <DeploymentItem filename="TestData" outputDirectory=".\TestData" />
        <DeploymentItem filename="TestRunConfig" outputDirectory=".\TestRunConfig" />
      </DeploymentItems>
      <Execution id="f41327c3-25d4-4c4c-8e28-3ef2c7815388" />
      <TestMethod codeBase="C:/LoyaltyWebTest/Web/Test/UI/LoyaltyWeb/LoyaltyWebTest/LoyaltyWebTest/bin/Debug/Nordstrom.Web.Test.UI.LoyaltyWeb.DLL" adapterTypeName="Microsoft.VisualStudio.TestTools.TestTypes.Unit.UnitTestAdapter, Microsoft.VisualStudio.QualityTools.Tips.UnitTest.Adapter, Version=12.0.0.0, Culture=neutral, PublicKeyToken=b03f5f7f11d50a3a" className="Nordstrom.Web.Test.UI.LoyaltyWeb.LoyaltyRegisterTests, Nordstrom.Web.Test.UI.LoyaltyWeb, Version=1.0.0.0, Culture=neutral, PublicKeyToken=null" name="TenderNeutralRewardsEnroll_LoyaltyTenderNeutralGuestUserConfirmPasswordField_MismatchErrorMessageDisplayedSuccessfully" />
    </UnitTest>
    <UnitTest name="TenderNeutralEnroll_When15MinutesPassWithoutAuthenticatedUserActivity_ExpectSessionTimeoutInfoShowAndUserInfoDisappear" storage="c:\loyaltywebtest\web\test\ui\loyaltyweb\loyaltywebtest\loyaltywebtest\bin\debug\nordstrom.web.test.ui.loyaltyweb.dll" id="988daa97-185a-b36c-e2bb-1662c7eee467">
      <Description>Verify that when 15 minutes pass without authenticated user input, session time out area is shown and existing user personal info disappear.</Description>
      <TestCategory>
        <TestCategoryItem TestCategory="SensitiveData" />
        <TestCategoryItem TestCategory="LoyaltyTenderNeutral" />
      </TestCategory>
      <DeploymentItems>
        <DeploymentItem filename="ExternalBinaries" outputDirectory=".\ExternalBinaries" />
        <DeploymentItem filename="TestData" outputDirectory=".\TestData" />
        <DeploymentItem filename="TestRunConfig" outputDirectory=".\TestRunConfig" />
      </DeploymentItems>
      <Execution id="e94c4b0d-93a6-4923-aa91-324df6d1fea0" />
      <TestMethod codeBase="C:/LoyaltyWebTest/Web/Test/UI/LoyaltyWeb/LoyaltyWebTest/LoyaltyWebTest/bin/Debug/Nordstrom.Web.Test.UI.LoyaltyWeb.DLL" adapterTypeName="Microsoft.VisualStudio.TestTools.TestTypes.Unit.UnitTestAdapter, Microsoft.VisualStudio.QualityTools.Tips.UnitTest.Adapter, Version=12.0.0.0, Culture=neutral, PublicKeyToken=b03f5f7f11d50a3a" className="Nordstrom.Web.Test.UI.LoyaltyWeb.UserSensitiveDataCases, Nordstrom.Web.Test.UI.LoyaltyWeb, Version=1.0.0.0, Culture=neutral, PublicKeyToken=null" name="TenderNeutralEnroll_When15MinutesPassWithoutAuthenticatedUserActivity_ExpectSessionTimeoutInfoShowAndUserInfoDisappear" />
    </UnitTest>
    <UnitTest name="TenderNeutralAssociation_GuestUserEnrolledInLoyatyProgramFromServiceCenterGotoAssociationPage_ShouldSucceed" storage="c:\loyaltywebtest\web\test\ui\loyaltyweb\loyaltywebtest\loyaltywebtest\bin\debug\nordstrom.web.test.ui.loyaltyweb.dll" id="191d4ad9-bdce-2138-a783-33aefedbfec7">
      <Description>Verify that when enrolled user from Service center goes to Association page, he can type in his email and phone number and associate to loyalty program.</Description>
      <TestCategory>
        <TestCategoryItem TestCategory="LoyaltyTenderNeutral" />
        <TestCategoryItem TestCategory="Association" />
      </TestCategory>
      <DeploymentItems>
        <DeploymentItem filename="ExternalBinaries" outputDirectory=".\ExternalBinaries" />
        <DeploymentItem filename="TestData" outputDirectory=".\TestData" />
        <DeploymentItem filename="TestRunConfig" outputDirectory=".\TestRunConfig" />
      </DeploymentItems>
      <Execution id="617f0f8d-3a92-473d-ac5f-744c4513c18b" />
      <TestMethod codeBase="C:/LoyaltyWebTest/Web/Test/UI/LoyaltyWeb/LoyaltyWebTest/LoyaltyWebTest/bin/Debug/Nordstrom.Web.Test.UI.LoyaltyWeb.DLL" adapterTypeName="Microsoft.VisualStudio.TestTools.TestTypes.Unit.UnitTestAdapter, Microsoft.VisualStudio.QualityTools.Tips.UnitTest.Adapter, Version=12.0.0.0, Culture=neutral, PublicKeyToken=b03f5f7f11d50a3a" className="Nordstrom.Web.Test.UI.LoyaltyWeb.LoyaltyAssociationTests, Nordstrom.Web.Test.UI.LoyaltyWeb, Version=1.0.0.0, Culture=neutral, PublicKeyToken=null" name="TenderNeutralAssociation_GuestUserEnrolledInLoyatyProgramFromServiceCenterGotoAssociationPage_ShouldSucceed" />
    </UnitTest>
    <UnitTest name="LoyaltyWelcomePage_HauteLookLogo_ShouldRender" storage="c:\loyaltywebtest\web\test\ui\loyaltyweb\loyaltywebtest\loyaltywebtest\bin\debug\nordstrom.web.test.ui.loyaltyweb.dll" id="a4820a9f-81f2-f74a-e78b-327ea50d8b48">
      <Description>HauteLook logo should link to the right url </Description>
      <TestCategory>
        <TestCategoryItem TestCategory="LoyaltyTenderNeutral" />
        <TestCategoryItem TestCategory="Welcome" />
      </TestCategory>
      <DeploymentItems>
        <DeploymentItem filename="ExternalBinaries" outputDirectory=".\ExternalBinaries" />
        <DeploymentItem filename="TestData" outputDirectory=".\TestData" />
        <DeploymentItem filename="TestRunConfig" outputDirectory=".\TestRunConfig" />
      </DeploymentItems>
      <Execution id="070091a3-73e1-408c-830f-45a51db059be" />
      <TestMethod codeBase="C:/LoyaltyWebTest/Web/Test/UI/LoyaltyWeb/LoyaltyWebTest/LoyaltyWebTest/bin/Debug/Nordstrom.Web.Test.UI.LoyaltyWeb.DLL" adapterTypeName="Microsoft.VisualStudio.TestTools.TestTypes.Unit.UnitTestAdapter, Microsoft.VisualStudio.QualityTools.Tips.UnitTest.Adapter, Version=12.0.0.0, Culture=neutral, PublicKeyToken=b03f5f7f11d50a3a" className="Nordstrom.Web.Test.UI.LoyaltyWeb.LoyaltyWelcomeTests, Nordstrom.Web.Test.UI.LoyaltyWeb, Version=1.0.0.0, Culture=neutral, PublicKeyToken=null" name="LoyaltyWelcomePage_HauteLookLogo_ShouldRender" />
    </UnitTest>
    <UnitTest name="MobileVerificationPageModalPopupsValidation_AuthenticatedUserMaximumLimitGetACodeClickValidation_ThrowsError" storage="c:\loyaltywebtest\web\test\ui\loyaltyweb\loyaltywebtest\loyaltywebtest\bin\debug\nordstrom.web.test.ui.loyaltyweb.dll" id="5c0ec21b-359a-7e0f-4182-44eb294aa758">
      <Description>Click on 'Get a new code' at maximum limit and verifying the error message displayed</Description>
      <TestCategory>
        <TestCategoryItem TestCategory="LoyaltyTenderNeutral" />
        <TestCategoryItem TestCategory="MobileVerification" />
      </TestCategory>
      <DeploymentItems>
        <DeploymentItem filename="ExternalBinaries" outputDirectory=".\ExternalBinaries" />
        <DeploymentItem filename="TestData" outputDirectory=".\TestData" />
        <DeploymentItem filename="TestRunConfig" outputDirectory=".\TestRunConfig" />
      </DeploymentItems>
      <Execution id="1fd2fa49-b23e-4250-9668-e5a8c65b4996" />
      <TestMethod codeBase="C:/LoyaltyWebTest/Web/Test/UI/LoyaltyWeb/LoyaltyWebTest/LoyaltyWebTest/bin/Debug/Nordstrom.Web.Test.UI.LoyaltyWeb.DLL" adapterTypeName="Microsoft.VisualStudio.TestTools.TestTypes.Unit.UnitTestAdapter, Microsoft.VisualStudio.QualityTools.Tips.UnitTest.Adapter, Version=12.0.0.0, Culture=neutral, PublicKeyToken=b03f5f7f11d50a3a" className="Nordstrom.Web.Test.UI.LoyaltyWeb.LoyaltyTenderNeutralMobileVerificationPageTests, Nordstrom.Web.Test.UI.LoyaltyWeb, Version=1.0.0.0, Culture=neutral, PublicKeyToken=null" name="MobileVerificationPageModalPopupsValidation_AuthenticatedUserMaximumLimitGetACodeClickValidation_ThrowsError" />
    </UnitTest>
    <UnitTest name="LoyaltyLearnPage_ClickAnniversarySaleEarlyAccessLink_RedirectToRelevantPageSuccessfully" storage="c:\loyaltywebtest\web\test\ui\loyaltyweb\loyaltywebtest\loyaltywebtest\bin\debug\nordstrom.web.test.ui.loyaltyweb.dll" id="cca0fcc7-ae32-cae3-80e1-d419dbf11c2f">
      <Description>To verify Anniversary Sale Early Access link on Learn Page is navigated to the relevant page successfully</Description>
      <TestCategory>
        <TestCategoryItem TestCategory="LoyaltyTenderNeutral" />
        <TestCategoryItem TestCategory="Learn" />
      </TestCategory>
      <DeploymentItems>
        <DeploymentItem filename="ExternalBinaries" outputDirectory=".\ExternalBinaries" />
        <DeploymentItem filename="TestData" outputDirectory=".\TestData" />
        <DeploymentItem filename="TestRunConfig" outputDirectory=".\TestRunConfig" />
      </DeploymentItems>
      <Execution id="5e435be6-9db9-4495-8824-1850086e45c3" />
      <TestMethod codeBase="C:/LoyaltyWebTest/Web/Test/UI/LoyaltyWeb/LoyaltyWebTest/LoyaltyWebTest/bin/Debug/Nordstrom.Web.Test.UI.LoyaltyWeb.DLL" adapterTypeName="Microsoft.VisualStudio.TestTools.TestTypes.Unit.UnitTestAdapter, Microsoft.VisualStudio.QualityTools.Tips.UnitTest.Adapter, Version=12.0.0.0, Culture=neutral, PublicKeyToken=b03f5f7f11d50a3a" className="Nordstrom.Web.Test.UI.LoyaltyWeb.LoyaltyLearnTests, Nordstrom.Web.Test.UI.LoyaltyWeb, Version=1.0.0.0, Culture=neutral, PublicKeyToken=null" name="LoyaltyLearnPage_ClickAnniversarySaleEarlyAccessLink_RedirectToRelevantPageSuccessfully" />
    </UnitTest>
    <UnitTest name="TenderNeutralAssociation_RecognizedUserEnrolledinLoyaltyFromServiceCenterToToWebAssociationPage_ShouldSucceed" storage="c:\loyaltywebtest\web\test\ui\loyaltyweb\loyaltywebtest\loyaltywebtest\bin\debug\nordstrom.web.test.ui.loyaltyweb.dll" id="07c18028-e476-f9b9-b536-4f84edee61f4">
      <Description>Verify that when recognized user enrolled from  Service Center goes to Association page, he can type in his email and phone number and associate to loyalty program.</Description>
      <TestCategory>
        <TestCategoryItem TestCategory="LoyaltyTenderNeutral" />
        <TestCategoryItem TestCategory="Association" />
      </TestCategory>
      <DeploymentItems>
        <DeploymentItem filename="ExternalBinaries" outputDirectory=".\ExternalBinaries" />
        <DeploymentItem filename="TestData" outputDirectory=".\TestData" />
        <DeploymentItem filename="TestRunConfig" outputDirectory=".\TestRunConfig" />
      </DeploymentItems>
      <Execution id="9fc331d6-0f83-4d69-99d4-eb0a0500a034" />
      <TestMethod codeBase="C:/LoyaltyWebTest/Web/Test/UI/LoyaltyWeb/LoyaltyWebTest/LoyaltyWebTest/bin/Debug/Nordstrom.Web.Test.UI.LoyaltyWeb.DLL" adapterTypeName="Microsoft.VisualStudio.TestTools.TestTypes.Unit.UnitTestAdapter, Microsoft.VisualStudio.QualityTools.Tips.UnitTest.Adapter, Version=12.0.0.0, Culture=neutral, PublicKeyToken=b03f5f7f11d50a3a" className="Nordstrom.Web.Test.UI.LoyaltyWeb.LoyaltyAssociationTests, Nordstrom.Web.Test.UI.LoyaltyWeb, Version=1.0.0.0, Culture=neutral, PublicKeyToken=null" name="TenderNeutralAssociation_RecognizedUserEnrolledinLoyaltyFromServiceCenterToToWebAssociationPage_ShouldSucceed" />
    </UnitTest>
    <UnitTest name="LoyaltyLearnPage_WhenTypeRightURL_ShouldRenderLearnPage" storage="c:\loyaltywebtest\web\test\ui\loyaltyweb\loyaltywebtest\loyaltywebtest\bin\debug\nordstrom.web.test.ui.loyaltyweb.dll" id="5e694850-8294-57c8-4195-a3f1001f6ca7">
      <Description>Learn Page can be rendered correctly</Description>
      <TestCategory>
        <TestCategoryItem TestCategory="Learn" />
        <TestCategoryItem TestCategory="LoyaltyTenderNeutral" />
      </TestCategory>
      <DeploymentItems>
        <DeploymentItem filename="ExternalBinaries" outputDirectory=".\ExternalBinaries" />
        <DeploymentItem filename="TestData" outputDirectory=".\TestData" />
        <DeploymentItem filename="TestRunConfig" outputDirectory=".\TestRunConfig" />
      </DeploymentItems>
      <Execution id="807fced6-b270-43bc-9880-372ccd304577" />
      <TestMethod codeBase="C:/LoyaltyWebTest/Web/Test/UI/LoyaltyWeb/LoyaltyWebTest/LoyaltyWebTest/bin/Debug/Nordstrom.Web.Test.UI.LoyaltyWeb.DLL" adapterTypeName="Microsoft.VisualStudio.TestTools.TestTypes.Unit.UnitTestAdapter, Microsoft.VisualStudio.QualityTools.Tips.UnitTest.Adapter, Version=12.0.0.0, Culture=neutral, PublicKeyToken=b03f5f7f11d50a3a" className="Nordstrom.Web.Test.UI.LoyaltyWeb.LoyaltyLearnTests, Nordstrom.Web.Test.UI.LoyaltyWeb, Version=1.0.0.0, Culture=neutral, PublicKeyToken=null" name="LoyaltyLearnPage_WhenTypeRightURL_ShouldRenderLearnPage" />
    </UnitTest>
    <UnitTest name="TenderNeutralAssociation_AssociatedEnrollMemberTryToAssociateAgain_ShouldGetRightMessage" storage="c:\loyaltywebtest\web\test\ui\loyaltyweb\loyaltywebtest\loyaltywebtest\bin\debug\nordstrom.web.test.ui.loyaltyweb.dll" id="523b92f4-898d-7cc7-e689-d5975b8374ee">
      <Description>When existing associated guest member wants to associate again and he got the error message</Description>
      <TestCategory>
        <TestCategoryItem TestCategory="LoyaltyTenderNeutral" />
        <TestCategoryItem TestCategory="Association" />
      </TestCategory>
      <DeploymentItems>
        <DeploymentItem filename="ExternalBinaries" outputDirectory=".\ExternalBinaries" />
        <DeploymentItem filename="TestData" outputDirectory=".\TestData" />
        <DeploymentItem filename="TestRunConfig" outputDirectory=".\TestRunConfig" />
      </DeploymentItems>
      <Execution id="754b0f8b-0595-4041-909a-076aea62353d" />
      <TestMethod codeBase="C:/LoyaltyWebTest/Web/Test/UI/LoyaltyWeb/LoyaltyWebTest/LoyaltyWebTest/bin/Debug/Nordstrom.Web.Test.UI.LoyaltyWeb.DLL" adapterTypeName="Microsoft.VisualStudio.TestTools.TestTypes.Unit.UnitTestAdapter, Microsoft.VisualStudio.QualityTools.Tips.UnitTest.Adapter, Version=12.0.0.0, Culture=neutral, PublicKeyToken=b03f5f7f11d50a3a" className="Nordstrom.Web.Test.UI.LoyaltyWeb.LoyaltyAssociationTests, Nordstrom.Web.Test.UI.LoyaltyWeb, Version=1.0.0.0, Culture=neutral, PublicKeyToken=null" name="TenderNeutralAssociation_AssociatedEnrollMemberTryToAssociateAgain_ShouldGetRightMessage" />
    </UnitTest>
    <UnitTest name="TenderNeutralEarn_AuthenticatedUserNotLinkedNordAccountAndTNNumber_ClickingOnPayNordCardLinkNavigatesToPaymentSectionSuccessfully" storage="c:\loyaltywebtest\web\test\ui\loyaltyweb\loyaltywebtest\loyaltywebtest\bin\debug\nordstrom.web.test.ui.loyaltyweb.dll" id="57d2f222-dabf-1931-f74a-107500e05da4">
      <Description>Verify that by clicking on 'Pay with your Nordstrom card' link, it navigates to Payment information with the fields open and editable.</Description>
      <TestCategory>
        <TestCategoryItem TestCategory="LoyaltyTenderNeutral" />
        <TestCategoryItem TestCategory="Earn" />
      </TestCategory>
      <DeploymentItems>
        <DeploymentItem filename="ExternalBinaries" outputDirectory=".\ExternalBinaries" />
        <DeploymentItem filename="TestData" outputDirectory=".\TestData" />
        <DeploymentItem filename="TestRunConfig" outputDirectory=".\TestRunConfig" />
      </DeploymentItems>
      <Execution id="5427ed99-3bb8-4680-a92f-d3ca019329bb" />
      <TestMethod codeBase="C:/LoyaltyWebTest/Web/Test/UI/LoyaltyWeb/LoyaltyWebTest/LoyaltyWebTest/bin/Debug/Nordstrom.Web.Test.UI.LoyaltyWeb.DLL" adapterTypeName="Microsoft.VisualStudio.TestTools.TestTypes.Unit.UnitTestAdapter, Microsoft.VisualStudio.QualityTools.Tips.UnitTest.Adapter, Version=12.0.0.0, Culture=neutral, PublicKeyToken=b03f5f7f11d50a3a" className="Nordstrom.Web.Test.UI.LoyaltyWeb.LoyaltyEarnTests, Nordstrom.Web.Test.UI.LoyaltyWeb, Version=1.0.0.0, Culture=neutral, PublicKeyToken=null" name="TenderNeutralEarn_AuthenticatedUserNotLinkedNordAccountAndTNNumber_ClickingOnPayNordCardLinkNavigatesToPaymentSectionSuccessfully" />
    </UnitTest>
    <UnitTest name="TenderNeutralAssociation_PageContentShouldBeloadedSuccessfully" storage="c:\loyaltywebtest\web\test\ui\loyaltyweb\loyaltywebtest\loyaltywebtest\bin\debug\nordstrom.web.test.ui.loyaltyweb.dll" id="f99a3847-1f69-481e-31a1-d2fbcc2facd4">
      <Description>Verify that when user goes to Association page, container association div is fully loaded</Description>
      <TestCategory>
        <TestCategoryItem TestCategory="LoyaltyTenderNeutral" />
        <TestCategoryItem TestCategory="Association" />
      </TestCategory>
      <DeploymentItems>
        <DeploymentItem filename="ExternalBinaries" outputDirectory=".\ExternalBinaries" />
        <DeploymentItem filename="TestData" outputDirectory=".\TestData" />
        <DeploymentItem filename="TestRunConfig" outputDirectory=".\TestRunConfig" />
      </DeploymentItems>
      <Execution id="c8c5c925-54ba-437a-93b6-0e5e34e63694" />
      <TestMethod codeBase="C:/LoyaltyWebTest/Web/Test/UI/LoyaltyWeb/LoyaltyWebTest/LoyaltyWebTest/bin/Debug/Nordstrom.Web.Test.UI.LoyaltyWeb.DLL" adapterTypeName="Microsoft.VisualStudio.TestTools.TestTypes.Unit.UnitTestAdapter, Microsoft.VisualStudio.QualityTools.Tips.UnitTest.Adapter, Version=12.0.0.0, Culture=neutral, PublicKeyToken=b03f5f7f11d50a3a" className="Nordstrom.Web.Test.UI.LoyaltyWeb.LoyaltyAssociationTests, Nordstrom.Web.Test.UI.LoyaltyWeb, Version=1.0.0.0, Culture=neutral, PublicKeyToken=null" name="TenderNeutralAssociation_PageContentShouldBeloadedSuccessfully" />
    </UnitTest>
    <UnitTest name="SuccessAssociationPageModalPopupsValidation_CloseButtonInDidntGetACodeModalValidation_CloseButtonInDidntGetACodeModalClosedModalSuccessfully" storage="c:\loyaltywebtest\web\test\ui\loyaltyweb\loyaltywebtest\loyaltywebtest\bin\debug\nordstrom.web.test.ui.loyaltyweb.dll" id="8814ad4a-610b-1476-179c-7964a75f96e9">
      <Description>Didn't Get A Code Modal Popup Close Button Functionality verification</Description>
      <TestCategory>
        <TestCategoryItem TestCategory="LoyaltyTenderNeutral" />
        <TestCategoryItem TestCategory="MobileVerification" />
      </TestCategory>
      <DeploymentItems>
        <DeploymentItem filename="ExternalBinaries" outputDirectory=".\ExternalBinaries" />
        <DeploymentItem filename="TestData" outputDirectory=".\TestData" />
        <DeploymentItem filename="TestRunConfig" outputDirectory=".\TestRunConfig" />
      </DeploymentItems>
      <Execution id="09eb300c-41fd-47cc-877b-560a7073ef26" />
      <TestMethod codeBase="C:/LoyaltyWebTest/Web/Test/UI/LoyaltyWeb/LoyaltyWebTest/LoyaltyWebTest/bin/Debug/Nordstrom.Web.Test.UI.LoyaltyWeb.DLL" adapterTypeName="Microsoft.VisualStudio.TestTools.TestTypes.Unit.UnitTestAdapter, Microsoft.VisualStudio.QualityTools.Tips.UnitTest.Adapter, Version=12.0.0.0, Culture=neutral, PublicKeyToken=b03f5f7f11d50a3a" className="Nordstrom.Web.Test.UI.LoyaltyWeb.LoyaltyTenderNeutralMobileVerificationPageTests, Nordstrom.Web.Test.UI.LoyaltyWeb, Version=1.0.0.0, Culture=neutral, PublicKeyToken=null" name="SuccessAssociationPageModalPopupsValidation_CloseButtonInDidntGetACodeModalValidation_CloseButtonInDidntGetACodeModalClosedModalSuccessfully" />
    </UnitTest>
    <UnitTest name="TenderNeutralRewardsEnroll_AuthenticatedUserVerifyLinksOnThePage_LinksShouldNavigatetoCorrectUrls" storage="c:\loyaltywebtest\web\test\ui\loyaltyweb\loyaltywebtest\loyaltywebtest\bin\debug\nordstrom.web.test.ui.loyaltyweb.dll" id="9cf5e211-bf76-77a7-1a51-2660dd37747b">
      <Description>Verify that links on the enroll page works for an authenticated user</Description>
      <TestCategory>
        <TestCategoryItem TestCategory="LoyaltyTenderNeutral" />
        <TestCategoryItem TestCategory="Enroll" />
      </TestCategory>
      <DeploymentItems>
        <DeploymentItem filename="ExternalBinaries" outputDirectory=".\ExternalBinaries" />
        <DeploymentItem filename="TestData" outputDirectory=".\TestData" />
        <DeploymentItem filename="TestRunConfig" outputDirectory=".\TestRunConfig" />
      </DeploymentItems>
      <Execution id="954ce71e-5e33-44e0-b911-79af636203d2" />
      <TestMethod codeBase="C:/LoyaltyWebTest/Web/Test/UI/LoyaltyWeb/LoyaltyWebTest/LoyaltyWebTest/bin/Debug/Nordstrom.Web.Test.UI.LoyaltyWeb.DLL" adapterTypeName="Microsoft.VisualStudio.TestTools.TestTypes.Unit.UnitTestAdapter, Microsoft.VisualStudio.QualityTools.Tips.UnitTest.Adapter, Version=12.0.0.0, Culture=neutral, PublicKeyToken=b03f5f7f11d50a3a" className="Nordstrom.Web.Test.UI.LoyaltyWeb.LoyaltyRegisterTests, Nordstrom.Web.Test.UI.LoyaltyWeb, Version=1.0.0.0, Culture=neutral, PublicKeyToken=null" name="TenderNeutralRewardsEnroll_AuthenticatedUserVerifyLinksOnThePage_LinksShouldNavigatetoCorrectUrls" />
    </UnitTest>
    <UnitTest name="TenderNeutralRewardsEnroll_LoyaltyTNAuthenticatedUserFiveDigitsInCodeField_ThrowseError" storage="c:\loyaltywebtest\web\test\ui\loyaltyweb\loyaltywebtest\loyaltywebtest\bin\debug\nordstrom.web.test.ui.loyaltyweb.dll" id="f95a6f19-ee3b-53de-cf88-883fcaddfe39">
      <Description>Verify that error message is displayed when a five digit number is entered in mobile vrification code field</Description>
      <TestCategory>
        <TestCategoryItem TestCategory="LoyaltyTenderNeutral" />
        <TestCategoryItem TestCategory="MobileVerification" />
      </TestCategory>
      <DeploymentItems>
        <DeploymentItem filename="ExternalBinaries" outputDirectory=".\ExternalBinaries" />
        <DeploymentItem filename="TestData" outputDirectory=".\TestData" />
        <DeploymentItem filename="TestRunConfig" outputDirectory=".\TestRunConfig" />
      </DeploymentItems>
      <Execution id="b1c458c6-f2fe-452e-b5b8-eef2c13f9eec" />
      <TestMethod codeBase="C:/LoyaltyWebTest/Web/Test/UI/LoyaltyWeb/LoyaltyWebTest/LoyaltyWebTest/bin/Debug/Nordstrom.Web.Test.UI.LoyaltyWeb.DLL" adapterTypeName="Microsoft.VisualStudio.TestTools.TestTypes.Unit.UnitTestAdapter, Microsoft.VisualStudio.QualityTools.Tips.UnitTest.Adapter, Version=12.0.0.0, Culture=neutral, PublicKeyToken=b03f5f7f11d50a3a" className="Nordstrom.Web.Test.UI.LoyaltyWeb.LoyaltyTenderNeutralMobileVerificationPageTests, Nordstrom.Web.Test.UI.LoyaltyWeb, Version=1.0.0.0, Culture=neutral, PublicKeyToken=null" name="TenderNeutralRewardsEnroll_LoyaltyTNAuthenticatedUserFiveDigitsInCodeField_ThrowseError" />
    </UnitTest>
    <UnitTest name="SuccessAssociationPageModalPopupsValidation_AuthenticatedUserGetANewCodeModalContentValidation_GetANewCodeModalContentValidatedSuccessfully" storage="c:\loyaltywebtest\web\test\ui\loyaltyweb\loyaltywebtest\loyaltywebtest\bin\debug\nordstrom.web.test.ui.loyaltyweb.dll" id="aa85e4af-cb36-19c8-0057-a6b24c106f4d">
      <Description>Get a new code Modal Popup Content Validation for Association mobile verification modal</Description>
      <TestCategory>
        <TestCategoryItem TestCategory="LoyaltyTenderNeutral" />
        <TestCategoryItem TestCategory="MobileVerification" />
      </TestCategory>
      <DeploymentItems>
        <DeploymentItem filename="ExternalBinaries" outputDirectory=".\ExternalBinaries" />
        <DeploymentItem filename="TestData" outputDirectory=".\TestData" />
        <DeploymentItem filename="TestRunConfig" outputDirectory=".\TestRunConfig" />
      </DeploymentItems>
      <Execution id="4c61f204-32d0-4c56-9d28-f0e570d82e81" />
      <TestMethod codeBase="C:/LoyaltyWebTest/Web/Test/UI/LoyaltyWeb/LoyaltyWebTest/LoyaltyWebTest/bin/Debug/Nordstrom.Web.Test.UI.LoyaltyWeb.DLL" adapterTypeName="Microsoft.VisualStudio.TestTools.TestTypes.Unit.UnitTestAdapter, Microsoft.VisualStudio.QualityTools.Tips.UnitTest.Adapter, Version=12.0.0.0, Culture=neutral, PublicKeyToken=b03f5f7f11d50a3a" className="Nordstrom.Web.Test.UI.LoyaltyWeb.LoyaltyTenderNeutralMobileVerificationPageTests, Nordstrom.Web.Test.UI.LoyaltyWeb, Version=1.0.0.0, Culture=neutral, PublicKeyToken=null" name="SuccessAssociationPageModalPopupsValidation_AuthenticatedUserGetANewCodeModalContentValidation_GetANewCodeModalContentValidatedSuccessfully" />
    </UnitTest>
    <UnitTest name="TenderNeutralRewardsEnroll_EnrollingWebAuthenticatedUser_LoyaltyWebAccountCreatedSuccessfully" storage="c:\loyaltywebtest\web\test\ui\loyaltyweb\loyaltywebtest\loyaltywebtest\bin\debug\nordstrom.web.test.ui.loyaltyweb.dll" id="d4e6916d-b5c3-4e34-a42a-88ee7c6ccaa9">
      <Description>Verify the creation of a new loyalty web account for a N.com registered authenticated user</Description>
      <TestCategory>
        <TestCategoryItem TestCategory="LoyaltyTenderNeutral" />
        <TestCategoryItem TestCategory="Enroll" />
      </TestCategory>
      <DeploymentItems>
        <DeploymentItem filename="ExternalBinaries" outputDirectory=".\ExternalBinaries" />
        <DeploymentItem filename="TestData" outputDirectory=".\TestData" />
        <DeploymentItem filename="TestRunConfig" outputDirectory=".\TestRunConfig" />
      </DeploymentItems>
      <Execution id="b4b36df0-c5cc-4598-b7e4-0bf78bd40408" />
      <TestMethod codeBase="C:/LoyaltyWebTest/Web/Test/UI/LoyaltyWeb/LoyaltyWebTest/LoyaltyWebTest/bin/Debug/Nordstrom.Web.Test.UI.LoyaltyWeb.DLL" adapterTypeName="Microsoft.VisualStudio.TestTools.TestTypes.Unit.UnitTestAdapter, Microsoft.VisualStudio.QualityTools.Tips.UnitTest.Adapter, Version=12.0.0.0, Culture=neutral, PublicKeyToken=b03f5f7f11d50a3a" className="Nordstrom.Web.Test.UI.LoyaltyWeb.LoyaltyRegisterTests, Nordstrom.Web.Test.UI.LoyaltyWeb, Version=1.0.0.0, Culture=neutral, PublicKeyToken=null" name="TenderNeutralRewardsEnroll_EnrollingWebAuthenticatedUser_LoyaltyWebAccountCreatedSuccessfully" />
    </UnitTest>
    <UnitTest name="TenderNeutralRewardsEnroll_LoyaltyTNAuthenticatedUserSevenDigitsInCodeField_ThrowseError" storage="c:\loyaltywebtest\web\test\ui\loyaltyweb\loyaltywebtest\loyaltywebtest\bin\debug\nordstrom.web.test.ui.loyaltyweb.dll" id="5d94c71d-df20-d6cd-d92c-a694e0aa36bf">
      <Description>Verify that error message is displayed when a seven digit number is entered in mobile vrification code field</Description>
      <TestCategory>
        <TestCategoryItem TestCategory="LoyaltyTenderNeutral" />
        <TestCategoryItem TestCategory="MobileVerification" />
      </TestCategory>
      <DeploymentItems>
        <DeploymentItem filename="ExternalBinaries" outputDirectory=".\ExternalBinaries" />
        <DeploymentItem filename="TestData" outputDirectory=".\TestData" />
        <DeploymentItem filename="TestRunConfig" outputDirectory=".\TestRunConfig" />
      </DeploymentItems>
      <Execution id="747303aa-2ee0-4dc1-afb2-fb8cba78a9e7" />
      <TestMethod codeBase="C:/LoyaltyWebTest/Web/Test/UI/LoyaltyWeb/LoyaltyWebTest/LoyaltyWebTest/bin/Debug/Nordstrom.Web.Test.UI.LoyaltyWeb.DLL" adapterTypeName="Microsoft.VisualStudio.TestTools.TestTypes.Unit.UnitTestAdapter, Microsoft.VisualStudio.QualityTools.Tips.UnitTest.Adapter, Version=12.0.0.0, Culture=neutral, PublicKeyToken=b03f5f7f11d50a3a" className="Nordstrom.Web.Test.UI.LoyaltyWeb.LoyaltyTenderNeutralMobileVerificationPageTests, Nordstrom.Web.Test.UI.LoyaltyWeb, Version=1.0.0.0, Culture=neutral, PublicKeyToken=null" name="TenderNeutralRewardsEnroll_LoyaltyTNAuthenticatedUserSevenDigitsInCodeField_ThrowseError" />
    </UnitTest>
    <UnitTest name="TenderNeutralRewardsEnroll_MarketingPreferenceForRecognizedUser_MarketingPreferenceNotDisplayed" storage="c:\loyaltywebtest\web\test\ui\loyaltyweb\loyaltywebtest\loyaltywebtest\bin\debug\nordstrom.web.test.ui.loyaltyweb.dll" id="01347002-569a-eb94-de92-c8249c2837bc">
      <Description>Verify that the marketing preference is not displayed on Loyalty register page for a recognized user</Description>
      <TestCategory>
        <TestCategoryItem TestCategory="LoyaltyTenderNeutral" />
        <TestCategoryItem TestCategory="Enroll" />
      </TestCategory>
      <DeploymentItems>
        <DeploymentItem filename="ExternalBinaries" outputDirectory=".\ExternalBinaries" />
        <DeploymentItem filename="TestData" outputDirectory=".\TestData" />
        <DeploymentItem filename="TestRunConfig" outputDirectory=".\TestRunConfig" />
      </DeploymentItems>
      <Execution id="405ccf4b-4df6-496b-afe9-5f2f70b9c2c1" />
      <TestMethod codeBase="C:/LoyaltyWebTest/Web/Test/UI/LoyaltyWeb/LoyaltyWebTest/LoyaltyWebTest/bin/Debug/Nordstrom.Web.Test.UI.LoyaltyWeb.DLL" adapterTypeName="Microsoft.VisualStudio.TestTools.TestTypes.Unit.UnitTestAdapter, Microsoft.VisualStudio.QualityTools.Tips.UnitTest.Adapter, Version=12.0.0.0, Culture=neutral, PublicKeyToken=b03f5f7f11d50a3a" className="Nordstrom.Web.Test.UI.LoyaltyWeb.LoyaltyRegisterTests, Nordstrom.Web.Test.UI.LoyaltyWeb, Version=1.0.0.0, Culture=neutral, PublicKeyToken=null" name="TenderNeutralRewardsEnroll_MarketingPreferenceForRecognizedUser_MarketingPreferenceNotDisplayed" />
    </UnitTest>
    <UnitTest name="MobileVerificationPage_WhenEnrolledUserTypeExpiredCode_ShouldGetExpiredErrorMessage" storage="c:\loyaltywebtest\web\test\ui\loyaltyweb\loyaltywebtest\loyaltywebtest\bin\debug\nordstrom.web.test.ui.loyaltyweb.dll" id="49a974b3-ec64-d3af-0151-561a64779c12">
      <Description>One minute after valid code is passed, the user enters the code and get expired messages</Description>
      <TestCategory>
        <TestCategoryItem TestCategory="LoyaltyTenderNeutral" />
        <TestCategoryItem TestCategory="MobileVerification" />
      </TestCategory>
      <DeploymentItems>
        <DeploymentItem filename="ExternalBinaries" outputDirectory=".\ExternalBinaries" />
        <DeploymentItem filename="TestData" outputDirectory=".\TestData" />
        <DeploymentItem filename="TestRunConfig" outputDirectory=".\TestRunConfig" />
      </DeploymentItems>
      <Execution id="dd2a46ba-4601-45cf-a540-2f49ba1a8605" />
      <TestMethod codeBase="C:/LoyaltyWebTest/Web/Test/UI/LoyaltyWeb/LoyaltyWebTest/LoyaltyWebTest/bin/Debug/Nordstrom.Web.Test.UI.LoyaltyWeb.DLL" adapterTypeName="Microsoft.VisualStudio.TestTools.TestTypes.Unit.UnitTestAdapter, Microsoft.VisualStudio.QualityTools.Tips.UnitTest.Adapter, Version=12.0.0.0, Culture=neutral, PublicKeyToken=b03f5f7f11d50a3a" className="Nordstrom.Web.Test.UI.LoyaltyWeb.LoyaltyTenderNeutralMobileVerificationPageTests, Nordstrom.Web.Test.UI.LoyaltyWeb, Version=1.0.0.0, Culture=neutral, PublicKeyToken=null" name="MobileVerificationPage_WhenEnrolledUserTypeExpiredCode_ShouldGetExpiredErrorMessage" />
    </UnitTest>
    <UnitTest name="TenderNeutralAssociation_WebAccountAssociationFromStoreCustomer_ShouldSucceed" storage="c:\loyaltywebtest\web\test\ui\loyaltyweb\loyaltywebtest\loyaltywebtest\bin\debug\nordstrom.web.test.ui.loyaltyweb.dll" id="0f205b7b-b7e4-d1b8-1e8c-26d1b4231555">
      <Description>Verify that when store enrolled user goes to Association page, he can type in his email and phone number and associate to web account.</Description>
      <TestCategory>
        <TestCategoryItem TestCategory="LoyaltyTenderNeutral" />
        <TestCategoryItem TestCategory="Association" />
      </TestCategory>
      <DeploymentItems>
        <DeploymentItem filename="ExternalBinaries" outputDirectory=".\ExternalBinaries" />
        <DeploymentItem filename="TestData" outputDirectory=".\TestData" />
        <DeploymentItem filename="TestRunConfig" outputDirectory=".\TestRunConfig" />
      </DeploymentItems>
      <Execution id="de833c3b-0536-4772-8085-d2e3fc196d70" />
      <TestMethod codeBase="C:/LoyaltyWebTest/Web/Test/UI/LoyaltyWeb/LoyaltyWebTest/LoyaltyWebTest/bin/Debug/Nordstrom.Web.Test.UI.LoyaltyWeb.DLL" adapterTypeName="Microsoft.VisualStudio.TestTools.TestTypes.Unit.UnitTestAdapter, Microsoft.VisualStudio.QualityTools.Tips.UnitTest.Adapter, Version=12.0.0.0, Culture=neutral, PublicKeyToken=b03f5f7f11d50a3a" className="Nordstrom.Web.Test.UI.LoyaltyWeb.LoyaltyAssociationTests, Nordstrom.Web.Test.UI.LoyaltyWeb, Version=1.0.0.0, Culture=neutral, PublicKeyToken=null" name="TenderNeutralAssociation_WebAccountAssociationFromStoreCustomer_ShouldSucceed" />
    </UnitTest>
    <UnitTest name="SuccessAssociationPageModalPopupsValidation_AuthenticatedUserDidntGetACodeModalContentValidation_DidntGetACodeModalContentValidatedSuccessfully" storage="c:\loyaltywebtest\web\test\ui\loyaltyweb\loyaltywebtest\loyaltywebtest\bin\debug\nordstrom.web.test.ui.loyaltyweb.dll" id="d0950b0b-ed3c-7fe5-5ab1-a2a80aa43ac2">
      <Description>Didn't Get A Code Modal Popup Content Validation for Association mobile verification modal</Description>
      <TestCategory>
        <TestCategoryItem TestCategory="LoyaltyTenderNeutral" />
        <TestCategoryItem TestCategory="MobileVerification" />
      </TestCategory>
      <DeploymentItems>
        <DeploymentItem filename="ExternalBinaries" outputDirectory=".\ExternalBinaries" />
        <DeploymentItem filename="TestData" outputDirectory=".\TestData" />
        <DeploymentItem filename="TestRunConfig" outputDirectory=".\TestRunConfig" />
      </DeploymentItems>
      <Execution id="de8dc5e4-5ce1-46b5-91fe-0c9f104d429c" />
      <TestMethod codeBase="C:/LoyaltyWebTest/Web/Test/UI/LoyaltyWeb/LoyaltyWebTest/LoyaltyWebTest/bin/Debug/Nordstrom.Web.Test.UI.LoyaltyWeb.DLL" adapterTypeName="Microsoft.VisualStudio.TestTools.TestTypes.Unit.UnitTestAdapter, Microsoft.VisualStudio.QualityTools.Tips.UnitTest.Adapter, Version=12.0.0.0, Culture=neutral, PublicKeyToken=b03f5f7f11d50a3a" className="Nordstrom.Web.Test.UI.LoyaltyWeb.LoyaltyTenderNeutralMobileVerificationPageTests, Nordstrom.Web.Test.UI.LoyaltyWeb, Version=1.0.0.0, Culture=neutral, PublicKeyToken=null" name="SuccessAssociationPageModalPopupsValidation_AuthenticatedUserDidntGetACodeModalContentValidation_DidntGetACodeModalContentValidatedSuccessfully" />
    </UnitTest>
    <UnitTest name="TenderNeutralAssociation_WebAssociatedEnrollMemberTryToAssociateAgain_ShouldGetRightMessage" storage="c:\loyaltywebtest\web\test\ui\loyaltyweb\loyaltywebtest\loyaltywebtest\bin\debug\nordstrom.web.test.ui.loyaltyweb.dll" id="f7d013bf-844c-5140-5447-28322266c549">
      <Description>When existing web associated guest memeber wants to associate again and he got the error message</Description>
      <TestCategory>
        <TestCategoryItem TestCategory="LoyaltyTenderNeutral" />
        <TestCategoryItem TestCategory="Association" />
      </TestCategory>
      <DeploymentItems>
        <DeploymentItem filename="ExternalBinaries" outputDirectory=".\ExternalBinaries" />
        <DeploymentItem filename="TestData" outputDirectory=".\TestData" />
        <DeploymentItem filename="TestRunConfig" outputDirectory=".\TestRunConfig" />
      </DeploymentItems>
      <Execution id="50c40893-0c5d-4c48-9dc3-83e56a36922d" />
      <TestMethod codeBase="C:/LoyaltyWebTest/Web/Test/UI/LoyaltyWeb/LoyaltyWebTest/LoyaltyWebTest/bin/Debug/Nordstrom.Web.Test.UI.LoyaltyWeb.DLL" adapterTypeName="Microsoft.VisualStudio.TestTools.TestTypes.Unit.UnitTestAdapter, Microsoft.VisualStudio.QualityTools.Tips.UnitTest.Adapter, Version=12.0.0.0, Culture=neutral, PublicKeyToken=b03f5f7f11d50a3a" className="Nordstrom.Web.Test.UI.LoyaltyWeb.LoyaltyAssociationTests, Nordstrom.Web.Test.UI.LoyaltyWeb, Version=1.0.0.0, Culture=neutral, PublicKeyToken=null" name="TenderNeutralAssociation_WebAssociatedEnrollMemberTryToAssociateAgain_ShouldGetRightMessage" />
    </UnitTest>
    <UnitTest name="TenderNeutralRewardsEnroll_MultipleUserScenariosBasic_EnrollShouldBeSucceedInTheEnd" storage="c:\loyaltywebtest\web\test\ui\loyaltyweb\loyaltywebtest\loyaltywebtest\bin\debug\nordstrom.web.test.ui.loyaltyweb.dll" id="62c23b49-01d5-ec14-64fa-60b14f5b3266">
      <Description>A end to end user scenarios test</Description>
      <TestCategory>
        <TestCategoryItem TestCategory="Enroll" />
        <TestCategoryItem TestCategory="LoyaltyTenderNeutral" />
      </TestCategory>
      <DeploymentItems>
        <DeploymentItem filename="ExternalBinaries" outputDirectory=".\ExternalBinaries" />
        <DeploymentItem filename="TestData" outputDirectory=".\TestData" />
        <DeploymentItem filename="TestRunConfig" outputDirectory=".\TestRunConfig" />
      </DeploymentItems>
      <Execution id="17e833d4-355b-4802-8c5c-248d60844c30" />
      <TestMethod codeBase="C:/LoyaltyWebTest/Web/Test/UI/LoyaltyWeb/LoyaltyWebTest/LoyaltyWebTest/bin/Debug/Nordstrom.Web.Test.UI.LoyaltyWeb.DLL" adapterTypeName="Microsoft.VisualStudio.TestTools.TestTypes.Unit.UnitTestAdapter, Microsoft.VisualStudio.QualityTools.Tips.UnitTest.Adapter, Version=12.0.0.0, Culture=neutral, PublicKeyToken=b03f5f7f11d50a3a" className="Nordstrom.Web.Test.UI.LoyaltyWeb.LoyaltyRegisterTests, Nordstrom.Web.Test.UI.LoyaltyWeb, Version=1.0.0.0, Culture=neutral, PublicKeyToken=null" name="TenderNeutralRewardsEnroll_MultipleUserScenariosBasic_EnrollShouldBeSucceedInTheEnd" />
    </UnitTest>
    <UnitTest name="LoyaltyWelcomePage_WhenTypeRightURL_ShouldRenderWelcomePage" storage="c:\loyaltywebtest\web\test\ui\loyaltyweb\loyaltywebtest\loyaltywebtest\bin\debug\nordstrom.web.test.ui.loyaltyweb.dll" id="e3a562d7-b300-5f52-06c2-7be31e66bd96">
      <Description>Authenticated User should remain authenticated when goes to Welcome page</Description>
      <TestCategory>
        <TestCategoryItem TestCategory="Welcome" />
        <TestCategoryItem TestCategory="LoyaltyTenderNeutral" />
      </TestCategory>
      <DeploymentItems>
        <DeploymentItem filename="ExternalBinaries" outputDirectory=".\ExternalBinaries" />
        <DeploymentItem filename="TestData" outputDirectory=".\TestData" />
        <DeploymentItem filename="TestRunConfig" outputDirectory=".\TestRunConfig" />
      </DeploymentItems>
      <Execution id="d007d849-2f45-47b9-8274-739e0c5172f2" />
      <TestMethod codeBase="C:/LoyaltyWebTest/Web/Test/UI/LoyaltyWeb/LoyaltyWebTest/LoyaltyWebTest/bin/Debug/Nordstrom.Web.Test.UI.LoyaltyWeb.DLL" adapterTypeName="Microsoft.VisualStudio.TestTools.TestTypes.Unit.UnitTestAdapter, Microsoft.VisualStudio.QualityTools.Tips.UnitTest.Adapter, Version=12.0.0.0, Culture=neutral, PublicKeyToken=b03f5f7f11d50a3a" className="Nordstrom.Web.Test.UI.LoyaltyWeb.LoyaltyWelcomeTests, Nordstrom.Web.Test.UI.LoyaltyWeb, Version=1.0.0.0, Culture=neutral, PublicKeyToken=null" name="LoyaltyWelcomePage_WhenTypeRightURL_ShouldRenderWelcomePage" />
    </UnitTest>
    <UnitTest name="TenderNeutralRewardsRegister_GuestUserEnrollWithExistingPhoneAndEmailinEnrollProgram_ShouldFailInEnroll" storage="c:\loyaltywebtest\web\test\ui\loyaltyweb\loyaltywebtest\loyaltywebtest\bin\debug\nordstrom.web.test.ui.loyaltyweb.dll" id="16b9e740-57f9-b3e8-d3d8-86b65bd85034">
      <Description>Guest user enrolling with existing enroll email and phone would fail</Description>
      <TestCategory>
        <TestCategoryItem TestCategory="LoyaltyTenderNeutral" />
        <TestCategoryItem TestCategory="Enroll" />
      </TestCategory>
      <DeploymentItems>
        <DeploymentItem filename="ExternalBinaries" outputDirectory=".\ExternalBinaries" />
        <DeploymentItem filename="TestData" outputDirectory=".\TestData" />
        <DeploymentItem filename="TestRunConfig" outputDirectory=".\TestRunConfig" />
      </DeploymentItems>
      <Execution id="b9ed8c82-f858-483e-992c-6e5d56e424dc" />
      <TestMethod codeBase="C:/LoyaltyWebTest/Web/Test/UI/LoyaltyWeb/LoyaltyWebTest/LoyaltyWebTest/bin/Debug/Nordstrom.Web.Test.UI.LoyaltyWeb.DLL" adapterTypeName="Microsoft.VisualStudio.TestTools.TestTypes.Unit.UnitTestAdapter, Microsoft.VisualStudio.QualityTools.Tips.UnitTest.Adapter, Version=12.0.0.0, Culture=neutral, PublicKeyToken=b03f5f7f11d50a3a" className="Nordstrom.Web.Test.UI.LoyaltyWeb.LoyaltyRegisterTests, Nordstrom.Web.Test.UI.LoyaltyWeb, Version=1.0.0.0, Culture=neutral, PublicKeyToken=null" name="TenderNeutralRewardsRegister_GuestUserEnrollWithExistingPhoneAndEmailinEnrollProgram_ShouldFailInEnroll" />
    </UnitTest>
    <UnitTest name="LoyaltyLearnPage_ClickGiveUsFeedbackLink_NavigatesToRelevantPageSuccessfully" storage="c:\loyaltywebtest\web\test\ui\loyaltyweb\loyaltywebtest\loyaltywebtest\bin\debug\nordstrom.web.test.ui.loyaltyweb.dll" id="79b567e2-f99e-8fc8-39fc-28d1643a0d21">
      <Description>To verify Give us feedback link on Learn Page is navigated to the relevant page successfully</Description>
      <TestCategory>
        <TestCategoryItem TestCategory="LoyaltyTenderNeutral" />
        <TestCategoryItem TestCategory="Learn" />
      </TestCategory>
      <DeploymentItems>
        <DeploymentItem filename="ExternalBinaries" outputDirectory=".\ExternalBinaries" />
        <DeploymentItem filename="TestData" outputDirectory=".\TestData" />
        <DeploymentItem filename="TestRunConfig" outputDirectory=".\TestRunConfig" />
      </DeploymentItems>
      <Execution id="2d8f8802-e967-4fb7-a78f-edb15fd031eb" />
      <TestMethod codeBase="C:/LoyaltyWebTest/Web/Test/UI/LoyaltyWeb/LoyaltyWebTest/LoyaltyWebTest/bin/Debug/Nordstrom.Web.Test.UI.LoyaltyWeb.DLL" adapterTypeName="Microsoft.VisualStudio.TestTools.TestTypes.Unit.UnitTestAdapter, Microsoft.VisualStudio.QualityTools.Tips.UnitTest.Adapter, Version=12.0.0.0, Culture=neutral, PublicKeyToken=b03f5f7f11d50a3a" className="Nordstrom.Web.Test.UI.LoyaltyWeb.LoyaltyLearnTests, Nordstrom.Web.Test.UI.LoyaltyWeb, Version=1.0.0.0, Culture=neutral, PublicKeyToken=null" name="LoyaltyLearnPage_ClickGiveUsFeedbackLink_NavigatesToRelevantPageSuccessfully" />
    </UnitTest>
    <UnitTest name="TenderNeutralRewardsEnroll_LoyaltyTenderNeutralUnrecognisedUserLeaveLastNameFieldBlank_ErrorMessageDisplayedSuccessfully" storage="c:\loyaltywebtest\web\test\ui\loyaltyweb\loyaltywebtest\loyaltywebtest\bin\debug\nordstrom.web.test.ui.loyaltyweb.dll" id="cf957190-74f0-1644-0567-383976a0bbbf">
      <Description>Verify that error message appear for last name field when it is left blank for unrecognised user</Description>
      <TestCategory>
        <TestCategoryItem TestCategory="Enroll" />
        <TestCategoryItem TestCategory="LoyaltyTenderNeutral" />
      </TestCategory>
      <DeploymentItems>
        <DeploymentItem filename="ExternalBinaries" outputDirectory=".\ExternalBinaries" />
        <DeploymentItem filename="TestData" outputDirectory=".\TestData" />
        <DeploymentItem filename="TestRunConfig" outputDirectory=".\TestRunConfig" />
      </DeploymentItems>
      <Execution id="5f4dd78b-0c8b-4e45-b4fa-e801aa35d42e" />
      <TestMethod codeBase="C:/LoyaltyWebTest/Web/Test/UI/LoyaltyWeb/LoyaltyWebTest/LoyaltyWebTest/bin/Debug/Nordstrom.Web.Test.UI.LoyaltyWeb.DLL" adapterTypeName="Microsoft.VisualStudio.TestTools.TestTypes.Unit.UnitTestAdapter, Microsoft.VisualStudio.QualityTools.Tips.UnitTest.Adapter, Version=12.0.0.0, Culture=neutral, PublicKeyToken=b03f5f7f11d50a3a" className="Nordstrom.Web.Test.UI.LoyaltyWeb.LoyaltyRegisterTests, Nordstrom.Web.Test.UI.LoyaltyWeb, Version=1.0.0.0, Culture=neutral, PublicKeyToken=null" name="TenderNeutralRewardsEnroll_LoyaltyTenderNeutralUnrecognisedUserLeaveLastNameFieldBlank_ErrorMessageDisplayedSuccessfully" />
    </UnitTest>
    <UnitTest name="TenderNeutralAssociation_EnrolledCustomerComesToAssociationPageUsingDifferentPhoneNumber_ShouldGetErrorMessage" storage="c:\loyaltywebtest\web\test\ui\loyaltyweb\loyaltywebtest\loyaltywebtest\bin\debug\nordstrom.web.test.ui.loyaltyweb.dll" id="ddc0ef36-7f91-531c-b15e-3ce594d4effc">
      <Description>Customer enrolled in store. As he types wrong phone, he got right error message.</Description>
      <TestCategory>
        <TestCategoryItem TestCategory="LoyaltyTenderNeutral" />
        <TestCategoryItem TestCategory="Association" />
      </TestCategory>
      <DeploymentItems>
        <DeploymentItem filename="ExternalBinaries" outputDirectory=".\ExternalBinaries" />
        <DeploymentItem filename="TestData" outputDirectory=".\TestData" />
        <DeploymentItem filename="TestRunConfig" outputDirectory=".\TestRunConfig" />
      </DeploymentItems>
      <Execution id="fe872ebc-31c9-4645-b24a-69e55c68e05a" />
      <TestMethod codeBase="C:/LoyaltyWebTest/Web/Test/UI/LoyaltyWeb/LoyaltyWebTest/LoyaltyWebTest/bin/Debug/Nordstrom.Web.Test.UI.LoyaltyWeb.DLL" adapterTypeName="Microsoft.VisualStudio.TestTools.TestTypes.Unit.UnitTestAdapter, Microsoft.VisualStudio.QualityTools.Tips.UnitTest.Adapter, Version=12.0.0.0, Culture=neutral, PublicKeyToken=b03f5f7f11d50a3a" className="Nordstrom.Web.Test.UI.LoyaltyWeb.LoyaltyAssociationTests, Nordstrom.Web.Test.UI.LoyaltyWeb, Version=1.0.0.0, Culture=neutral, PublicKeyToken=null" name="TenderNeutralAssociation_EnrolledCustomerComesToAssociationPageUsingDifferentPhoneNumber_ShouldGetErrorMessage" />
    </UnitTest>
    <UnitTest name="TenderNeutralRewardsRegister_RecognizedUserEnrollWithWrongPassword_ShouldFailInEnroll" storage="c:\loyaltywebtest\web\test\ui\loyaltyweb\loyaltywebtest\loyaltywebtest\bin\debug\nordstrom.web.test.ui.loyaltyweb.dll" id="3436681d-5283-dca4-7aad-db3743bc4bf6">
      <Description>Recognized user enrolling with wrong password would not succeed in enrollment.</Description>
      <TestCategory>
        <TestCategoryItem TestCategory="LoyaltyTenderNeutral" />
        <TestCategoryItem TestCategory="Enroll" />
      </TestCategory>
      <DeploymentItems>
        <DeploymentItem filename="ExternalBinaries" outputDirectory=".\ExternalBinaries" />
        <DeploymentItem filename="TestData" outputDirectory=".\TestData" />
        <DeploymentItem filename="TestRunConfig" outputDirectory=".\TestRunConfig" />
      </DeploymentItems>
      <Execution id="223edf2d-f180-4804-9bc3-95a2461db646" />
      <TestMethod codeBase="C:/LoyaltyWebTest/Web/Test/UI/LoyaltyWeb/LoyaltyWebTest/LoyaltyWebTest/bin/Debug/Nordstrom.Web.Test.UI.LoyaltyWeb.DLL" adapterTypeName="Microsoft.VisualStudio.TestTools.TestTypes.Unit.UnitTestAdapter, Microsoft.VisualStudio.QualityTools.Tips.UnitTest.Adapter, Version=12.0.0.0, Culture=neutral, PublicKeyToken=b03f5f7f11d50a3a" className="Nordstrom.Web.Test.UI.LoyaltyWeb.LoyaltyRegisterTests, Nordstrom.Web.Test.UI.LoyaltyWeb, Version=1.0.0.0, Culture=neutral, PublicKeyToken=null" name="TenderNeutralRewardsRegister_RecognizedUserEnrollWithWrongPassword_ShouldFailInEnroll" />
    </UnitTest>
    <UnitTest name="SuccessAssociationPageModalPopupsValidation_GuestUserGetANewCodePhoneNumberValidation_PhoneNumberToAssociateValidatedSuccessfully" storage="c:\loyaltywebtest\web\test\ui\loyaltyweb\loyaltywebtest\loyaltywebtest\bin\debug\nordstrom.web.test.ui.loyaltyweb.dll" id="70b5096a-4d76-50d1-927f-d842acd0d8ad">
      <Description>Verify that the phone number used to associate is displayed in the Get a new code pop in success mobile verification page</Description>
      <TestCategory>
        <TestCategoryItem TestCategory="LoyaltyTenderNeutral" />
        <TestCategoryItem TestCategory="MobileVerification" />
      </TestCategory>
      <DeploymentItems>
        <DeploymentItem filename="ExternalBinaries" outputDirectory=".\ExternalBinaries" />
        <DeploymentItem filename="TestData" outputDirectory=".\TestData" />
        <DeploymentItem filename="TestRunConfig" outputDirectory=".\TestRunConfig" />
      </DeploymentItems>
      <Execution id="f0ac6789-78d5-46f9-847c-3044a9f8e9a8" />
      <TestMethod codeBase="C:/LoyaltyWebTest/Web/Test/UI/LoyaltyWeb/LoyaltyWebTest/LoyaltyWebTest/bin/Debug/Nordstrom.Web.Test.UI.LoyaltyWeb.DLL" adapterTypeName="Microsoft.VisualStudio.TestTools.TestTypes.Unit.UnitTestAdapter, Microsoft.VisualStudio.QualityTools.Tips.UnitTest.Adapter, Version=12.0.0.0, Culture=neutral, PublicKeyToken=b03f5f7f11d50a3a" className="Nordstrom.Web.Test.UI.LoyaltyWeb.LoyaltyTenderNeutralMobileVerificationPageTests, Nordstrom.Web.Test.UI.LoyaltyWeb, Version=1.0.0.0, Culture=neutral, PublicKeyToken=null" name="SuccessAssociationPageModalPopupsValidation_GuestUserGetANewCodePhoneNumberValidation_PhoneNumberToAssociateValidatedSuccessfully" />
    </UnitTest>
    <UnitTest name="TenderNeutralAssociation_AuthenticatedUser_ConfirmationForNordAccountAndRewardsMembershipSuccessfullyLinked" storage="c:\loyaltywebtest\web\test\ui\loyaltyweb\loyaltywebtest\loyaltywebtest\bin\debug\nordstrom.web.test.ui.loyaltyweb.dll" id="56bc2a30-7431-366f-3cd8-0390dd04c1b6">
      <Description>Authenticated user gets confirmation after successful web association</Description>
      <TestCategory>
        <TestCategoryItem TestCategory="LoyaltyTenderNeutral" />
        <TestCategoryItem TestCategory="Association" />
      </TestCategory>
      <DeploymentItems>
        <DeploymentItem filename="ExternalBinaries" outputDirectory=".\ExternalBinaries" />
        <DeploymentItem filename="TestData" outputDirectory=".\TestData" />
        <DeploymentItem filename="TestRunConfig" outputDirectory=".\TestRunConfig" />
      </DeploymentItems>
      <Execution id="f6a50bbd-797e-4a46-a09b-bebd1d01feed" />
      <TestMethod codeBase="C:/LoyaltyWebTest/Web/Test/UI/LoyaltyWeb/LoyaltyWebTest/LoyaltyWebTest/bin/Debug/Nordstrom.Web.Test.UI.LoyaltyWeb.DLL" adapterTypeName="Microsoft.VisualStudio.TestTools.TestTypes.Unit.UnitTestAdapter, Microsoft.VisualStudio.QualityTools.Tips.UnitTest.Adapter, Version=12.0.0.0, Culture=neutral, PublicKeyToken=b03f5f7f11d50a3a" className="Nordstrom.Web.Test.UI.LoyaltyWeb.LoyaltyAssociationTests, Nordstrom.Web.Test.UI.LoyaltyWeb, Version=1.0.0.0, Culture=neutral, PublicKeyToken=null" name="TenderNeutralAssociation_AuthenticatedUser_ConfirmationForNordAccountAndRewardsMembershipSuccessfullyLinked" />
    </UnitTest>
    <UnitTest name="LoyaltyLearnPage_ClickSignInLink_NavigatesToSignInPageSuccessfully" storage="c:\loyaltywebtest\web\test\ui\loyaltyweb\loyaltywebtest\loyaltywebtest\bin\debug\nordstrom.web.test.ui.loyaltyweb.dll" id="e8313b37-cad0-8bea-af01-abb87214c79f">
      <Description>To verify SignIn link on Learn Page is navigated to the relevant page successfully</Description>
      <TestCategory>
        <TestCategoryItem TestCategory="LoyaltyTenderNeutral" />
        <TestCategoryItem TestCategory="Learn" />
      </TestCategory>
      <DeploymentItems>
        <DeploymentItem filename="ExternalBinaries" outputDirectory=".\ExternalBinaries" />
        <DeploymentItem filename="TestData" outputDirectory=".\TestData" />
        <DeploymentItem filename="TestRunConfig" outputDirectory=".\TestRunConfig" />
      </DeploymentItems>
      <Execution id="88244e3b-4460-4fb8-a2c4-18ace80d15b4" />
      <TestMethod codeBase="C:/LoyaltyWebTest/Web/Test/UI/LoyaltyWeb/LoyaltyWebTest/LoyaltyWebTest/bin/Debug/Nordstrom.Web.Test.UI.LoyaltyWeb.DLL" adapterTypeName="Microsoft.VisualStudio.TestTools.TestTypes.Unit.UnitTestAdapter, Microsoft.VisualStudio.QualityTools.Tips.UnitTest.Adapter, Version=12.0.0.0, Culture=neutral, PublicKeyToken=b03f5f7f11d50a3a" className="Nordstrom.Web.Test.UI.LoyaltyWeb.LoyaltyLearnTests, Nordstrom.Web.Test.UI.LoyaltyWeb, Version=1.0.0.0, Culture=neutral, PublicKeyToken=null" name="LoyaltyLearnPage_ClickSignInLink_NavigatesToSignInPageSuccessfully" />
    </UnitTest>
    <UnitTest name="TenderNeutralRewardsEnroll_LoyaltyTNAuthenticatedUserAlphanumericCharacterInCodeField_ThrowseError" storage="c:\loyaltywebtest\web\test\ui\loyaltyweb\loyaltywebtest\loyaltywebtest\bin\debug\nordstrom.web.test.ui.loyaltyweb.dll" id="a7a8df94-1db0-153a-c800-e2df07e46ab8">
      <Description>Verify that error message is displayed when alphanumeric characters are entered in mobile vrification code field</Description>
      <TestCategory>
        <TestCategoryItem TestCategory="LoyaltyTenderNeutral" />
        <TestCategoryItem TestCategory="MobileVerification" />
      </TestCategory>
      <DeploymentItems>
        <DeploymentItem filename="ExternalBinaries" outputDirectory=".\ExternalBinaries" />
        <DeploymentItem filename="TestData" outputDirectory=".\TestData" />
        <DeploymentItem filename="TestRunConfig" outputDirectory=".\TestRunConfig" />
      </DeploymentItems>
      <Execution id="024caf6b-3aee-4686-b97d-b5097006e5b9" />
      <TestMethod codeBase="C:/LoyaltyWebTest/Web/Test/UI/LoyaltyWeb/LoyaltyWebTest/LoyaltyWebTest/bin/Debug/Nordstrom.Web.Test.UI.LoyaltyWeb.DLL" adapterTypeName="Microsoft.VisualStudio.TestTools.TestTypes.Unit.UnitTestAdapter, Microsoft.VisualStudio.QualityTools.Tips.UnitTest.Adapter, Version=12.0.0.0, Culture=neutral, PublicKeyToken=b03f5f7f11d50a3a" className="Nordstrom.Web.Test.UI.LoyaltyWeb.LoyaltyTenderNeutralMobileVerificationPageTests, Nordstrom.Web.Test.UI.LoyaltyWeb, Version=1.0.0.0, Culture=neutral, PublicKeyToken=null" name="TenderNeutralRewardsEnroll_LoyaltyTNAuthenticatedUserAlphanumericCharacterInCodeField_ThrowseError" />
    </UnitTest>
    <UnitTest name="TenderNeutralRewardsEnroll_EnrollingRecognizedUser_ShouldPassInEnroll" storage="c:\loyaltywebtest\web\test\ui\loyaltyweb\loyaltywebtest\loyaltywebtest\bin\debug\nordstrom.web.test.ui.loyaltyweb.dll" id="1162438d-489e-5b8c-425b-42278f400ae0">
      <Description>Verify the creation of a new loyalty web account for a N.com recognized user</Description>
      <TestCategory>
        <TestCategoryItem TestCategory="Enroll" />
        <TestCategoryItem TestCategory="LoyaltyTenderNeutral" />
      </TestCategory>
      <DeploymentItems>
        <DeploymentItem filename="ExternalBinaries" outputDirectory=".\ExternalBinaries" />
        <DeploymentItem filename="TestData" outputDirectory=".\TestData" />
        <DeploymentItem filename="TestRunConfig" outputDirectory=".\TestRunConfig" />
      </DeploymentItems>
      <Execution id="1a9786ac-86c5-403b-9afc-91117ad2b848" />
      <TestMethod codeBase="C:/LoyaltyWebTest/Web/Test/UI/LoyaltyWeb/LoyaltyWebTest/LoyaltyWebTest/bin/Debug/Nordstrom.Web.Test.UI.LoyaltyWeb.DLL" adapterTypeName="Microsoft.VisualStudio.TestTools.TestTypes.Unit.UnitTestAdapter, Microsoft.VisualStudio.QualityTools.Tips.UnitTest.Adapter, Version=12.0.0.0, Culture=neutral, PublicKeyToken=b03f5f7f11d50a3a" className="Nordstrom.Web.Test.UI.LoyaltyWeb.LoyaltyRegisterTests, Nordstrom.Web.Test.UI.LoyaltyWeb, Version=1.0.0.0, Culture=neutral, PublicKeyToken=null" name="TenderNeutralRewardsEnroll_EnrollingRecognizedUser_ShouldPassInEnroll" />
    </UnitTest>
    <UnitTest name="TenderNeutralRewardsEnroll_LoyaltyTenderNeutralUnrecognisedUserLeaveFieldsBlank_ErrorMessageDisplayedSuccessfully" storage="c:\loyaltywebtest\web\test\ui\loyaltyweb\loyaltywebtest\loyaltywebtest\bin\debug\nordstrom.web.test.ui.loyaltyweb.dll" id="12446332-be04-0a8f-d8db-23e5eb680c27">
      <Description>Verify that error messages appear for all required fields when Join button is clicked leaving all fields blank for an unrecognised user</Description>
      <TestCategory>
        <TestCategoryItem TestCategory="LoyaltyTenderNeutral" />
        <TestCategoryItem TestCategory="Enroll" />
      </TestCategory>
      <DeploymentItems>
        <DeploymentItem filename="ExternalBinaries" outputDirectory=".\ExternalBinaries" />
        <DeploymentItem filename="TestData" outputDirectory=".\TestData" />
        <DeploymentItem filename="TestRunConfig" outputDirectory=".\TestRunConfig" />
      </DeploymentItems>
      <Execution id="b20345ac-6db4-4389-9f24-879ec0852c92" />
      <TestMethod codeBase="C:/LoyaltyWebTest/Web/Test/UI/LoyaltyWeb/LoyaltyWebTest/LoyaltyWebTest/bin/Debug/Nordstrom.Web.Test.UI.LoyaltyWeb.DLL" adapterTypeName="Microsoft.VisualStudio.TestTools.TestTypes.Unit.UnitTestAdapter, Microsoft.VisualStudio.QualityTools.Tips.UnitTest.Adapter, Version=12.0.0.0, Culture=neutral, PublicKeyToken=b03f5f7f11d50a3a" className="Nordstrom.Web.Test.UI.LoyaltyWeb.LoyaltyRegisterTests, Nordstrom.Web.Test.UI.LoyaltyWeb, Version=1.0.0.0, Culture=neutral, PublicKeyToken=null" name="TenderNeutralRewardsEnroll_LoyaltyTenderNeutralUnrecognisedUserLeaveFieldsBlank_ErrorMessageDisplayedSuccessfully" />
    </UnitTest>
    <UnitTest name="TenderNeutralEarn_AuthenticatedUserNotLinkedNordAccountAndTNNumber_ClickingOnEarnPointsLinkOpenedupTheModuleSuccessfully" storage="c:\loyaltywebtest\web\test\ui\loyaltyweb\loyaltywebtest\loyaltywebtest\bin\debug\nordstrom.web.test.ui.loyaltyweb.dll" id="0fb17184-6c18-b606-f6a7-af0c56cff16d">
      <Description>Verify that by clicking on 'earn points with your Rewards number' link, opens up the module with two radio buttons</Description>
      <TestCategory>
        <TestCategoryItem TestCategory="LoyaltyTenderNeutral" />
        <TestCategoryItem TestCategory="Earn" />
      </TestCategory>
      <DeploymentItems>
        <DeploymentItem filename="ExternalBinaries" outputDirectory=".\ExternalBinaries" />
        <DeploymentItem filename="TestData" outputDirectory=".\TestData" />
        <DeploymentItem filename="TestRunConfig" outputDirectory=".\TestRunConfig" />
      </DeploymentItems>
      <Execution id="d372c337-9438-426d-8a4d-6b25300a433a" />
      <TestMethod codeBase="C:/LoyaltyWebTest/Web/Test/UI/LoyaltyWeb/LoyaltyWebTest/LoyaltyWebTest/bin/Debug/Nordstrom.Web.Test.UI.LoyaltyWeb.DLL" adapterTypeName="Microsoft.VisualStudio.TestTools.TestTypes.Unit.UnitTestAdapter, Microsoft.VisualStudio.QualityTools.Tips.UnitTest.Adapter, Version=12.0.0.0, Culture=neutral, PublicKeyToken=b03f5f7f11d50a3a" className="Nordstrom.Web.Test.UI.LoyaltyWeb.LoyaltyEarnTests, Nordstrom.Web.Test.UI.LoyaltyWeb, Version=1.0.0.0, Culture=neutral, PublicKeyToken=null" name="TenderNeutralEarn_AuthenticatedUserNotLinkedNordAccountAndTNNumber_ClickingOnEarnPointsLinkOpenedupTheModuleSuccessfully" />
    </UnitTest>
    <UnitTest name="MobileVerificationPage_WhenEnrolledUserTypeValidDigitCode_ShouldLaunchWelcomePage" storage="c:\loyaltywebtest\web\test\ui\loyaltyweb\loyaltywebtest\loyaltywebtest\bin\debug\nordstrom.web.test.ui.loyaltyweb.dll" id="0292a43c-fff5-8a73-f216-496011be59f2">
      <Description>Enrolled User should redirect to welcome page after typing valid 6 digit code</Description>
      <TestCategory>
[...]
    </UnitTestResult>
    <UnitTestResult executionId="fb508129-a5de-4489-9fc4-d2f6190fdfe9" testId="31d09e3d-7f4d-771c-fcf2-17618432c75c" testName="TenderNeutralRewardsRegister_MarketingPreferenceUpdateUncheckedDuringTenderNeutralEnrollment_MarketingPreferenceSuccessfulUpdateToNoForNordAccount" computerName="MW00977477" testType="13cdc9d9-ddb5-4fa4-a97d-d965ccfc6d4b" outcome="NotExecuted" testListId="8c84fa94-04c1-424b-9868-57a2d4851a1d" relativeResultsDirectory="fb508129-a5de-4489-9fc4-d2f6190fdfe9">
    </UnitTestResult>
    <UnitTestResult executionId="223edf2d-f180-4804-9bc3-95a2461db646" testId="3436681d-5283-dca4-7aad-db3743bc4bf6" testName="TenderNeutralRewardsRegister_RecognizedUserEnrollWithWrongPassword_ShouldFailInEnroll" computerName="MW00977477" testType="13cdc9d9-ddb5-4fa4-a97d-d965ccfc6d4b" outcome="NotExecuted" testListId="8c84fa94-04c1-424b-9868-57a2d4851a1d" relativeResultsDirectory="223edf2d-f180-4804-9bc3-95a2461db646">
    </UnitTestResult>
    <UnitTestResult executionId="5b5ba06f-53bd-4686-92e0-fab6c04d4a1d" testId="98f3ba08-a10b-9949-a79e-150238875d08" testName="TenderNeutralRewardsRegister_TheUserWhoSucceedsInEnrollWithHisWebAccountEnrollsAgainWithSameWebAccount_ShouldFailBothEnrollAndAccountCreation" computerName="MW00977477" testType="13cdc9d9-ddb5-4fa4-a97d-d965ccfc6d4b" outcome="NotExecuted" testListId="8c84fa94-04c1-424b-9868-57a2d4851a1d" relativeResultsDirectory="5b5ba06f-53bd-4686-92e0-fab6c04d4a1d">
    </UnitTestResult>
    <UnitTestResult executionId="dd2a46ba-4601-45cf-a540-2f49ba1a8605" testId="49a974b3-ec64-d3af-0151-561a64779c12" testName="MobileVerificationPage_WhenEnrolledUserTypeExpiredCode_ShouldGetExpiredErrorMessage" computerName="MW00977477" testType="13cdc9d9-ddb5-4fa4-a97d-d965ccfc6d4b" outcome="NotExecuted" testListId="8c84fa94-04c1-424b-9868-57a2d4851a1d" relativeResultsDirectory="dd2a46ba-4601-45cf-a540-2f49ba1a8605">
    </UnitTestResult>
    <UnitTestResult executionId="ed695ff7-a55d-4280-bd33-9eb2fefb2de3" testId="0292a43c-fff5-8a73-f216-496011be59f2" testName="MobileVerificationPage_WhenEnrolledUserTypeValidDigitCode_ShouldLaunchWelcomePage" computerName="MW00977477" testType="13cdc9d9-ddb5-4fa4-a97d-d965ccfc6d4b" outcome="NotExecuted" testListId="8c84fa94-04c1-424b-9868-57a2d4851a1d" relativeResultsDirectory="ed695ff7-a55d-4280-bd33-9eb2fefb2de3">
    </UnitTestResult>
    <UnitTestResult executionId="b8491c0a-6099-4523-a4ec-e2794678bc62" testId="d0f4ec86-2b86-2cd8-ac68-409545882993" testName="MobileVerificationPage_WhenEnrolledUserTypeWrongDigitCode_ShouldGetWrongCodeMessage" computerName="MW00977477" testType="13cdc9d9-ddb5-4fa4-a97d-d965ccfc6d4b" outcome="NotExecuted" testListId="8c84fa94-04c1-424b-9868-57a2d4851a1d" relativeResultsDirectory="b8491c0a-6099-4523-a4ec-e2794678bc62">
    </UnitTestResult>
    <UnitTestResult executionId="b32cd18e-8030-4825-83c6-f507c0062485" testId="4a24944e-583e-e01a-529b-88059ce4229f" testName="MobileVerificationPageModalPopupsValidation_AuthenticatedUserGetANewCodeModalContentValidation_GetANewCodeModalContentValidatedSuccessfully" computerName="MW00977477" testType="13cdc9d9-ddb5-4fa4-a97d-d965ccfc6d4b" outcome="NotExecuted" testListId="8c84fa94-04c1-424b-9868-57a2d4851a1d" relativeResultsDirectory="b32cd18e-8030-4825-83c6-f507c0062485">
    </UnitTestResult>
    <UnitTestResult executionId="1fd2fa49-b23e-4250-9668-e5a8c65b4996" testId="5c0ec21b-359a-7e0f-4182-44eb294aa758" testName="MobileVerificationPageModalPopupsValidation_AuthenticatedUserMaximumLimitGetACodeClickValidation_ThrowsError" computerName="MW00977477" testType="13cdc9d9-ddb5-4fa4-a97d-d965ccfc6d4b" outcome="NotExecuted" testListId="8c84fa94-04c1-424b-9868-57a2d4851a1d" relativeResultsDirectory="1fd2fa49-b23e-4250-9668-e5a8c65b4996">
    </UnitTestResult>
    <UnitTestResult executionId="ec1ac3ea-3edb-4da0-858d-378a513f08e4" testId="23010815-be15-7fb0-5f11-ae62528f19b0" testName="MobileVerificationPageModalPopupsValidation_CloseButtonInDidntGetACodeModalValidation_CloseButtonInDidntGetACodeModalClosedModalSuccessfully" computerName="MW00977477" testType="13cdc9d9-ddb5-4fa4-a97d-d965ccfc6d4b" outcome="NotExecuted" testListId="8c84fa94-04c1-424b-9868-57a2d4851a1d" relativeResultsDirectory="ec1ac3ea-3edb-4da0-858d-378a513f08e4">
    </UnitTestResult>
    <UnitTestResult executionId="8a92a122-27ba-42fe-a65b-ccdc8c950aae" testId="2dc10e4d-0215-3f23-67b5-47a4fe1b7ab1" testName="MobileVerificationPageModalPopupsValidation_CloseButtonInGetANewCodeModalValidation_CloseButtonInGetANewCodeModalClosesModalSuccessfully" computerName="MW00977477" testType="13cdc9d9-ddb5-4fa4-a97d-d965ccfc6d4b" outcome="NotExecuted" testListId="8c84fa94-04c1-424b-9868-57a2d4851a1d" relativeResultsDirectory="8a92a122-27ba-42fe-a65b-ccdc8c950aae">
    </UnitTestResult>
    <UnitTestResult executionId="57f68761-ed23-4124-a5eb-fde2f8cea46d" testId="b8760095-196b-9486-9ec7-d0fcb8b1c53c" testName="MobileVerificationPageModalPopupsValidation_DidntGetACodeModalContentValidation_DidntGetACodeModalContentValidatedSuccessfully" computerName="MW00977477" testType="13cdc9d9-ddb5-4fa4-a97d-d965ccfc6d4b" outcome="NotExecuted" testListId="8c84fa94-04c1-424b-9868-57a2d4851a1d" relativeResultsDirectory="57f68761-ed23-4124-a5eb-fde2f8cea46d">
    </UnitTestResult>
    <UnitTestResult executionId="e6681dfe-95b8-4f5a-a742-bb99fd19bbf7" testId="d618c68d-88ae-88f4-1bc5-f56301e716ed" testName="MobileVerificationPageModalPopupsValidation_GuestUserGetANewCodeModalContentValidation_GetANewCodeModalContentValidatedSuccessfully" computerName="MW00977477" testType="13cdc9d9-ddb5-4fa4-a97d-d965ccfc6d4b" outcome="NotExecuted" testListId="8c84fa94-04c1-424b-9868-57a2d4851a1d" relativeResultsDirectory="e6681dfe-95b8-4f5a-a742-bb99fd19bbf7">
    </UnitTestResult>
    <UnitTestResult executionId="59e1a7c4-8295-4af1-b8d9-850ee91a78f5" testId="899e75ac-735e-e41d-941c-31a4337e1cb7" testName="MobileVerificationPageModalPopupsValidation_OkButtonInDidntGetACodeModalValidation_OkButtonInDidntGetACodeModalClosedModalSuccessfully" computerName="MW00977477" testType="13cdc9d9-ddb5-4fa4-a97d-d965ccfc6d4b" outcome="NotExecuted" testListId="8c84fa94-04c1-424b-9868-57a2d4851a1d" relativeResultsDirectory="59e1a7c4-8295-4af1-b8d9-850ee91a78f5">
    </UnitTestResult>
    <UnitTestResult executionId="768d01db-4278-4529-b163-0b2933d4dccf" testId="a69eddad-1d10-e519-4d70-67bf86829651" testName="MobileVerificationPageModalPopupsValidation_OkButtonInGetANewCodeModalValidation_OkButtonInGetANewCodeModalClosesModalSuccessfully" computerName="MW00977477" testType="13cdc9d9-ddb5-4fa4-a97d-d965ccfc6d4b" outcome="NotExecuted" testListId="8c84fa94-04c1-424b-9868-57a2d4851a1d" relativeResultsDirectory="768d01db-4278-4529-b163-0b2933d4dccf">
    </UnitTestResult>
    <UnitTestResult executionId="de8dc5e4-5ce1-46b5-91fe-0c9f104d429c" testId="d0950b0b-ed3c-7fe5-5ab1-a2a80aa43ac2" testName="SuccessAssociationPageModalPopupsValidation_AuthenticatedUserDidntGetACodeModalContentValidation_DidntGetACodeModalContentValidatedSuccessfully" computerName="MW00977477" testType="13cdc9d9-ddb5-4fa4-a97d-d965ccfc6d4b" outcome="NotExecuted" testListId="8c84fa94-04c1-424b-9868-57a2d4851a1d" relativeResultsDirectory="de8dc5e4-5ce1-46b5-91fe-0c9f104d429c">
    </UnitTestResult>
    <UnitTestResult executionId="4c61f204-32d0-4c56-9d28-f0e570d82e81" testId="aa85e4af-cb36-19c8-0057-a6b24c106f4d" testName="SuccessAssociationPageModalPopupsValidation_AuthenticatedUserGetANewCodeModalContentValidation_GetANewCodeModalContentValidatedSuccessfully" computerName="MW00977477" testType="13cdc9d9-ddb5-4fa4-a97d-d965ccfc6d4b" outcome="NotExecuted" testListId="8c84fa94-04c1-424b-9868-57a2d4851a1d" relativeResultsDirectory="4c61f204-32d0-4c56-9d28-f0e570d82e81">
    </UnitTestResult>
    <UnitTestResult executionId="636f3902-e94b-4a23-bfe7-961c13884113" testId="f908d2f2-d10f-a35a-dcc7-beef8d7bcb26" testName="SuccessAssociationPageModalPopupsValidation_AuthenticatedUserSpecialCharacterinCodeField_ThrowsError" computerName="MW00977477" testType="13cdc9d9-ddb5-4fa4-a97d-d965ccfc6d4b" outcome="NotExecuted" testListId="8c84fa94-04c1-424b-9868-57a2d4851a1d" relativeResultsDirectory="636f3902-e94b-4a23-bfe7-961c13884113">
    </UnitTestResult>
    <UnitTestResult executionId="31971df6-ecc5-46cd-a83b-269df960b1ba" testId="8d07d365-e6b3-65ac-7ac7-e1c25fe2e0cb" testName="SuccessAssociationPageModalPopupsValidation_CloseButtonGetANewCodeModalValidation_CloseButtonInGetANewCodeModalClosedModalSuccessfully" computerName="MW00977477" testType="13cdc9d9-ddb5-4fa4-a97d-d965ccfc6d4b" outcome="NotExecuted" testListId="8c84fa94-04c1-424b-9868-57a2d4851a1d" relativeResultsDirectory="31971df6-ecc5-46cd-a83b-269df960b1ba">
    </UnitTestResult>
    <UnitTestResult executionId="09eb300c-41fd-47cc-877b-560a7073ef26" testId="8814ad4a-610b-1476-179c-7964a75f96e9" testName="SuccessAssociationPageModalPopupsValidation_CloseButtonInDidntGetACodeModalValidation_CloseButtonInDidntGetACodeModalClosedModalSuccessfully" computerName="MW00977477" testType="13cdc9d9-ddb5-4fa4-a97d-d965ccfc6d4b" outcome="NotExecuted" testListId="8c84fa94-04c1-424b-9868-57a2d4851a1d" relativeResultsDirectory="09eb300c-41fd-47cc-877b-560a7073ef26">
    </UnitTestResult>
    <UnitTestResult executionId="4326ad4d-420e-4daa-94d0-12cdb0066095" testId="837239c5-67a3-15ad-e8a9-edc4254dd4db" testName="SuccessAssociationPageModalPopupsValidation_GuestUserDidntGetACodeModalContentValidation_DidntGetACodeModalContentValidatedSuccessfully" computerName="MW00977477" testType="13cdc9d9-ddb5-4fa4-a97d-d965ccfc6d4b" outcome="NotExecuted" testListId="8c84fa94-04c1-424b-9868-57a2d4851a1d" relativeResultsDirectory="4326ad4d-420e-4daa-94d0-12cdb0066095">
    </UnitTestResult>
    <UnitTestResult executionId="ff4180d2-5995-445b-bb8a-6bb8e46f6d22" testId="d7776958-df7b-aafc-c999-c6ac276b3cb8" testName="SuccessAssociationPageModalPopupsValidation_GuestUserGetANewCodeModalContentValidation_GetANewCodeModalContentValidatedSuccessfully" computerName="MW00977477" testType="13cdc9d9-ddb5-4fa4-a97d-d965ccfc6d4b" outcome="NotExecuted" testListId="8c84fa94-04c1-424b-9868-57a2d4851a1d" relativeResultsDirectory="ff4180d2-5995-445b-bb8a-6bb8e46f6d22">
    </UnitTestResult>
    <UnitTestResult executionId="f0ac6789-78d5-46f9-847c-3044a9f8e9a8" testId="70b5096a-4d76-50d1-927f-d842acd0d8ad" testName="SuccessAssociationPageModalPopupsValidation_GuestUserGetANewCodePhoneNumberValidation_PhoneNumberToAssociateValidatedSuccessfully" computerName="MW00977477" testType="13cdc9d9-ddb5-4fa4-a97d-d965ccfc6d4b" outcome="NotExecuted" testListId="8c84fa94-04c1-424b-9868-57a2d4851a1d" relativeResultsDirectory="f0ac6789-78d5-46f9-847c-3044a9f8e9a8">
    </UnitTestResult>
    <UnitTestResult executionId="fd3dc707-c452-453e-a03a-4a039e8a2cc7" testId="17ddc304-caf1-92fb-26b0-9e5ce0e35f12" testName="SuccessAssociationPageModalPopupsValidation_GuestUserMaximumLimitGetANewCodeClickValidation_ValidMessageDisplayedSuccessfully" computerName="MW00977477" testType="13cdc9d9-ddb5-4fa4-a97d-d965ccfc6d4b" outcome="NotExecuted" testListId="8c84fa94-04c1-424b-9868-57a2d4851a1d" relativeResultsDirectory="fd3dc707-c452-453e-a03a-4a039e8a2cc7">
    </UnitTestResult>
    <UnitTestResult executionId="1cce9a0a-2164-4e0e-9035-20657074271f" testId="47b1dee1-d457-b144-965d-3ecfde9a5fd1" testName="SuccessAssociationPageModalPopupsValidation_OkButtonGetANewCodeModalValidation_OkButtonInGetANewCodeModalClosedModalSuccessfully" computerName="MW00977477" testType="13cdc9d9-ddb5-4fa4-a97d-d965ccfc6d4b" outcome="NotExecuted" testListId="8c84fa94-04c1-424b-9868-57a2d4851a1d" relativeResultsDirectory="1cce9a0a-2164-4e0e-9035-20657074271f">
    </UnitTestResult>
    <UnitTestResult executionId="ced6babf-84a2-4b63-9b46-d70b08affe1c" testId="bc8bcbad-6dab-8a10-872a-1cd128e497ce" testName="SuccessAssociationPageModalPopupsValidation_OkButtonInDidntGetACodeModalValidation_OkButtonInDidntGetACodeModalClosedModalSuccessfully" computerName="MW00977477" testType="13cdc9d9-ddb5-4fa4-a97d-d965ccfc6d4b" outcome="NotExecuted" testListId="8c84fa94-04c1-424b-9868-57a2d4851a1d" relativeResultsDirectory="ced6babf-84a2-4b63-9b46-d70b08affe1c">
    </UnitTestResult>
    <UnitTestResult executionId="690772f7-7ce0-4ef1-a28d-81cbaf690805" testId="882fb25a-af60-c1a9-9ac5-8c717310c276" testName="TenderNeutralRewardsEnroll_LoyaltyTenderNeutralRegisteredAuthenticatedUser_EmailPrePopulationVerificationSuccessful" computerName="MW00977477" testType="13cdc9d9-ddb5-4fa4-a97d-d965ccfc6d4b" outcome="NotExecuted" testListId="8c84fa94-04c1-424b-9868-57a2d4851a1d" relativeResultsDirectory="690772f7-7ce0-4ef1-a28d-81cbaf690805">
    </UnitTestResult>
    <UnitTestResult executionId="024caf6b-3aee-4686-b97d-b5097006e5b9" testId="a7a8df94-1db0-153a-c800-e2df07e46ab8" testName="TenderNeutralRewardsEnroll_LoyaltyTNAuthenticatedUserAlphanumericCharacterInCodeField_ThrowseError" computerName="MW00977477" testType="13cdc9d9-ddb5-4fa4-a97d-d965ccfc6d4b" outcome="NotExecuted" testListId="8c84fa94-04c1-424b-9868-57a2d4851a1d" relativeResultsDirectory="024caf6b-3aee-4686-b97d-b5097006e5b9">
    </UnitTestResult>
    <UnitTestResult executionId="f8014932-9dbb-430b-9873-d1f4eb6dadbf" testId="884a4ca8-cd4f-64c9-09ad-1d353ec31c8c" testName="TenderNeutralRewardsEnroll_LoyaltyTNAuthenticatedUserFBlankCodeField_ThrowseError" computerName="MW00977477" testType="13cdc9d9-ddb5-4fa4-a97d-d965ccfc6d4b" outcome="NotExecuted" testListId="8c84fa94-04c1-424b-9868-57a2d4851a1d" relativeResultsDirectory="f8014932-9dbb-430b-9873-d1f4eb6dadbf">
    </UnitTestResult>
    <UnitTestResult executionId="b1c458c6-f2fe-452e-b5b8-eef2c13f9eec" testId="f95a6f19-ee3b-53de-cf88-883fcaddfe39" testName="TenderNeutralRewardsEnroll_LoyaltyTNAuthenticatedUserFiveDigitsInCodeField_ThrowseError" computerName="MW00977477" testType="13cdc9d9-ddb5-4fa4-a97d-d965ccfc6d4b" outcome="NotExecuted" testListId="8c84fa94-04c1-424b-9868-57a2d4851a1d" relativeResultsDirectory="b1c458c6-f2fe-452e-b5b8-eef2c13f9eec">
    </UnitTestResult>
    <UnitTestResult executionId="855b2143-24fe-48ff-a2e1-79c3c970333b" testId="3757ab62-2418-b96f-a6e8-6a2ddff7f5be" testName="TenderNeutralRewardsEnroll_LoyaltyTNAuthenticatedUserLessThanSixDigitsInCodeField_ThrowseError" computerName="MW00977477" testType="13cdc9d9-ddb5-4fa4-a97d-d965ccfc6d4b" outcome="NotExecuted" testListId="8c84fa94-04c1-424b-9868-57a2d4851a1d" relativeResultsDirectory="855b2143-24fe-48ff-a2e1-79c3c970333b">
    </UnitTestResult>
    <UnitTestResult executionId="8b4279d8-924f-4f35-a456-42264320b8c7" testId="ee8371a4-6a8c-8220-7b9b-c4b425e74e47" testName="TenderNeutralRewardsEnroll_LoyaltyTNAuthenticatedUserMaximumInvlaidEntryinCodeField_ThrowsError" computerName="MW00977477" testType="13cdc9d9-ddb5-4fa4-a97d-d965ccfc6d4b" outcome="NotExecuted" testListId="8c84fa94-04c1-424b-9868-57a2d4851a1d" relativeResultsDirectory="8b4279d8-924f-4f35-a456-42264320b8c7">
    </UnitTestResult>
    <UnitTestResult executionId="747303aa-2ee0-4dc1-afb2-fb8cba78a9e7" testId="5d94c71d-df20-d6cd-d92c-a694e0aa36bf" testName="TenderNeutralRewardsEnroll_LoyaltyTNAuthenticatedUserSevenDigitsInCodeField_ThrowseError" computerName="MW00977477" testType="13cdc9d9-ddb5-4fa4-a97d-d965ccfc6d4b" outcome="NotExecuted" testListId="8c84fa94-04c1-424b-9868-57a2d4851a1d" relativeResultsDirectory="747303aa-2ee0-4dc1-afb2-fb8cba78a9e7">
    </UnitTestResult>
    <UnitTestResult executionId="e5924de4-e70a-4403-85e1-ae4a3de2ae95" testId="7003bcc1-5465-4329-b7ef-878c9e819482" testName="TenderNeutralRewardsEnroll_LoyaltyTNAuthenticatedUserSpecialCharacterinCodeField_ThrowseError" computerName="MW00977477" testType="13cdc9d9-ddb5-4fa4-a97d-d965ccfc6d4b" outcome="NotExecuted" testListId="8c84fa94-04c1-424b-9868-57a2d4851a1d" relativeResultsDirectory="e5924de4-e70a-4403-85e1-ae4a3de2ae95">
    </UnitTestResult>
    <UnitTestResult executionId="dcb056de-6e8d-4540-8ee6-7995c943a268" testId="f2fbd149-e2af-5637-9417-20622b33fae0" testName="LoyaltyWelcomePage_BonusPointEventsLink_ShouldHaveValidURL" computerName="MW00977477" testType="13cdc9d9-ddb5-4fa4-a97d-d965ccfc6d4b" outcome="NotExecuted" testListId="8c84fa94-04c1-424b-9868-57a2d4851a1d" relativeResultsDirectory="dcb056de-6e8d-4540-8ee6-7995c943a268">
    </UnitTestResult>
    <UnitTestResult executionId="070091a3-73e1-408c-830f-45a51db059be" testId="a4820a9f-81f2-f74a-e78b-327ea50d8b48" testName="LoyaltyWelcomePage_HauteLookLogo_ShouldRender" computerName="MW00977477" testType="13cdc9d9-ddb5-4fa4-a97d-d965ccfc6d4b" outcome="NotExecuted" testListId="8c84fa94-04c1-424b-9868-57a2d4851a1d" relativeResultsDirectory="070091a3-73e1-408c-830f-45a51db059be">
    </UnitTestResult>
    <UnitTestResult executionId="9191cdd0-e8ce-41b3-9e47-0d408f976cfa" testId="6e08402d-8997-90dc-9b66-886438ad27db" testName="LoyaltyWelcomePage_NordstromLogo_ShouldRender" computerName="MW00977477" testType="13cdc9d9-ddb5-4fa4-a97d-d965ccfc6d4b" outcome="NotExecuted" testListId="8c84fa94-04c1-424b-9868-57a2d4851a1d" relativeResultsDirectory="9191cdd0-e8ce-41b3-9e47-0d408f976cfa">
    </UnitTestResult>
    <UnitTestResult executionId="1141b6fe-d92b-407a-b680-8bb794b363f5" testId="c03a005c-b69d-99fa-b651-b26bd5d00566" testName="LoyaltyWelcomePage_RackLogo_ShouldRender" computerName="MW00977477" testType="13cdc9d9-ddb5-4fa4-a97d-d965ccfc6d4b" outcome="NotExecuted" testListId="8c84fa94-04c1-424b-9868-57a2d4851a1d" relativeResultsDirectory="1141b6fe-d92b-407a-b680-8bb794b363f5">
    </UnitTestResult>
    <UnitTestResult executionId="d007d849-2f45-47b9-8274-739e0c5172f2" testId="e3a562d7-b300-5f52-06c2-7be31e66bd96" testName="LoyaltyWelcomePage_WhenTypeRightURL_ShouldRenderWelcomePage" computerName="MW00977477" testType="13cdc9d9-ddb5-4fa4-a97d-d965ccfc6d4b" outcome="NotExecuted" testListId="8c84fa94-04c1-424b-9868-57a2d4851a1d" relativeResultsDirectory="d007d849-2f45-47b9-8274-739e0c5172f2">
    </UnitTestResult>
    <UnitTestResult executionId="0f20debd-201a-4434-9ff8-d31f5f3f49ef" testId="e7dc9dd3-4cd3-3bf6-c7c0-12fcc1c1c5cd" testName="TenderNeutralAssociation_When15MinutesPassAsAuthenticatedUser_ChangeToRecognizeUserAndInfoDisappear" computerName="MW00977477" testType="13cdc9d9-ddb5-4fa4-a97d-d965ccfc6d4b" outcome="NotExecuted" testListId="8c84fa94-04c1-424b-9868-57a2d4851a1d" relativeResultsDirectory="0f20debd-201a-4434-9ff8-d31f5f3f49ef">
    </UnitTestResult>
    <UnitTestResult executionId="f8f5b8f8-e356-435c-8c12-b54fccbdba00" testId="dea7da76-cc4d-9db9-653c-019847e5cc46" testName="TenderNeutralAssociation_When15MinutesPassAsGuestUser_EnteredInfoDisappear" computerName="MW00977477" testType="13cdc9d9-ddb5-4fa4-a97d-d965ccfc6d4b" outcome="NotExecuted" testListId="8c84fa94-04c1-424b-9868-57a2d4851a1d" relativeResultsDirectory="f8f5b8f8-e356-435c-8c12-b54fccbdba00">
    </UnitTestResult>
    <UnitTestResult executionId="e94c4b0d-93a6-4923-aa91-324df6d1fea0" testId="988daa97-185a-b36c-e2bb-1662c7eee467" testName="TenderNeutralEnroll_When15MinutesPassWithoutAuthenticatedUserActivity_ExpectSessionTimeoutInfoShowAndUserInfoDisappear" computerName="MW00977477" testType="13cdc9d9-ddb5-4fa4-a97d-d965ccfc6d4b" outcome="NotExecuted" testListId="8c84fa94-04c1-424b-9868-57a2d4851a1d" relativeResultsDirectory="e94c4b0d-93a6-4923-aa91-324df6d1fea0">
    </UnitTestResult>
    <UnitTestResult executionId="c039f49c-a1bd-4553-a793-20ab8583e6f4" testId="dbe39e81-54e6-8534-594e-60312842c80d" testName="TenderNeutralEnroll_When15MinutesPassWithoutUserActivityAndTestSecureShopperSessionFeatureFlagOff_ExpectSessionTimeoutInfoShowAndUserInfoDisappear" computerName="MW00977477" testType="13cdc9d9-ddb5-4fa4-a97d-d965ccfc6d4b" outcome="NotExecuted" testListId="8c84fa94-04c1-424b-9868-57a2d4851a1d" relativeResultsDirectory="c039f49c-a1bd-4553-a793-20ab8583e6f4">
    </UnitTestResult>
  </Results>
</TestRun>