<?xml version="1.0" encoding="UTF-8"?>
<TestRun id="b9b6cca9-bda8-46c1-aa78-d7c00c61510d" name="X3G9@MW00977477 2015-12-27 15:24:18" runUser="NORD\X3G9" xmlns="http://microsoft.com/schemas/VisualStudio/TeamTest/2010">
  <TestSettings name="Default Test Settings" id="3521b4ff-9490-465e-b70a-22dec2e50ece">
    <Execution>
      <TestTypeSpecific />
      <AgentRule name="Execution Agents">
      </AgentRule>
    </Execution>
    <Deployment runDeploymentRoot="X3G9_MW00977477 2015-12-27 15_24_18" />
    <Properties />
  </TestSettings>
  <Times creation="2015-12-27T15:24:18.0547924-08:00" queuing="2015-12-27T15:24:19.0787924-08:00" start="2015-12-27T15:24:19.1617924-08:00" finish="2015-12-27T17:21:17.7023631-08:00" />
  <ResultSummary outcome="Failed">
    <Counters total="120" executed="120" passed="47" error="0" failed="67" timeout="0" aborted="0" inconclusive="6" passedButRunAborted="0" notRunnable="0" notExecuted="0" disconnected="0" warning="0" completed="0" inProgress="0" pending="0" />
    <RunInfos>
      <RunInfo computerName="MW00977477" outcome="Warning" timestamp="2015-12-27T15:24:18.3127924-08:00">
        <Text>Warning: Test Run deployment issue: The assembly or module 'RestSharp' directly or indirectly referenced by the test container 'c:\loyaltywebtest\web\test\ui\loyaltyweb\loyaltywebtest\loyaltywebtest\bin\debug\nordstrom.web.test.ui.loyaltyweb.dll' was not found.</Text>
      </RunInfo>
    </RunInfos>
  </ResultSummary>
  <TestDefinitions>
    <UnitTest name="TenderNeutralEarn_GuestUserCannotSeeRewardsSectionInOrderSubmitPage_Successfully" storage="c:\loyaltywebtest\web\test\ui\loyaltyweb\loyaltywebtest\loyaltywebtest\bin\debug\nordstrom.web.test.ui.loyaltyweb.dll" id="ab97186a-ec5a-c908-5c1d-428ddbe44d2b">
      <Description>Verify that the guest user cannot see Rewards section in Ordersubmit page.</Description>
      <TestCategory>
        <TestCategoryItem TestCategory="LoyaltyTenderNeutral" />
        <TestCategoryItem TestCategory="Earn" />
      </TestCategory>
      <DeploymentItems>
        <DeploymentItem filename="ExternalBinaries" outputDirectory=".\ExternalBinaries" />
        <DeploymentItem filename="TestData" outputDirectory=".\TestData" />
        <DeploymentItem filename="TestRunConfig" outputDirectory=".\TestRunConfig" />
      </DeploymentItems>
      <Execution id="7868a734-ccd2-4b7d-8d14-0417fd65edbd" />
      <TestMethod codeBase="C:/LoyaltyWebTest/Web/Test/UI/LoyaltyWeb/LoyaltyWebTest/LoyaltyWebTest/bin/Debug/Nordstrom.Web.Test.UI.LoyaltyWeb.DLL" adapterTypeName="Microsoft.VisualStudio.TestTools.TestTypes.Unit.UnitTestAdapter, Microsoft.VisualStudio.QualityTools.Tips.UnitTest.Adapter, Version=12.0.0.0, Culture=neutral, PublicKeyToken=b03f5f7f11d50a3a" className="Nordstrom.Web.Test.UI.LoyaltyWeb.LoyaltyEarnTests, Nordstrom.Web.Test.UI.LoyaltyWeb, Version=1.0.0.0, Culture=neutral, PublicKeyToken=null" name="TenderNeutralEarn_GuestUserCannotSeeRewardsSectionInOrderSubmitPage_Successfully" />
    </UnitTest>
    <UnitTest name="TenderNeutralRewardsRegister_GuestUserEnrollWithExistingEmailButDifferentPhoneNumberInTheLoyaltyProgram_ShouldFailInEnroll" storage="c:\loyaltywebtest\web\test\ui\loyaltyweb\loyaltywebtest\loyaltywebtest\bin\debug\nordstrom.web.test.ui.loyaltyweb.dll" id="a6eb5918-3ab1-9078-7b27-8e40be1748bf">
      <Description>Guest user enrolling with existing enroll email but different phone number would fail</Description>
      <TestCategory>
        <TestCategoryItem TestCategory="LoyaltyTenderNeutral" />
        <TestCategoryItem TestCategory="Enroll" />
      </TestCategory>
      <DeploymentItems>
        <DeploymentItem filename="ExternalBinaries" outputDirectory=".\ExternalBinaries" />
        <DeploymentItem filename="TestData" outputDirectory=".\TestData" />
        <DeploymentItem filename="TestRunConfig" outputDirectory=".\TestRunConfig" />
      </DeploymentItems>
      <Execution id="8d686be8-0ae6-4111-9927-bbb16728e54a" />
      <TestMethod codeBase="C:/LoyaltyWebTest/Web/Test/UI/LoyaltyWeb/LoyaltyWebTest/LoyaltyWebTest/bin/Debug/Nordstrom.Web.Test.UI.LoyaltyWeb.DLL" adapterTypeName="Microsoft.VisualStudio.TestTools.TestTypes.Unit.UnitTestAdapter, Microsoft.VisualStudio.QualityTools.Tips.UnitTest.Adapter, Version=12.0.0.0, Culture=neutral, PublicKeyToken=b03f5f7f11d50a3a" className="Nordstrom.Web.Test.UI.LoyaltyWeb.LoyaltyRegisterTests, Nordstrom.Web.Test.UI.LoyaltyWeb, Version=1.0.0.0, Culture=neutral, PublicKeyToken=null" name="TenderNeutralRewardsRegister_GuestUserEnrollWithExistingEmailButDifferentPhoneNumberInTheLoyaltyProgram_ShouldFailInEnroll" />
    </UnitTest>
    <UnitTest name="SuccessAssociationPageModalPopupsValidation_GuestUserGetANewCodeModalContentValidation_GetANewCodeModalContentValidatedSuccessfully" storage="c:\loyaltywebtest\web\test\ui\loyaltyweb\loyaltywebtest\loyaltywebtest\bin\debug\nordstrom.web.test.ui.loyaltyweb.dll" id="d7776958-df7b-aafc-c999-c6ac276b3cb8">
      <Description>Get a new code Modal Popup Content Validation for Association mobile verification modal</Description>
      <TestCategory>
        <TestCategoryItem TestCategory="LoyaltyTenderNeutral" />
        <TestCategoryItem TestCategory="MobileVerification" />
      </TestCategory>
      <DeploymentItems>
        <DeploymentItem filename="ExternalBinaries" outputDirectory=".\ExternalBinaries" />
        <DeploymentItem filename="TestData" outputDirectory=".\TestData" />
        <DeploymentItem filename="TestRunConfig" outputDirectory=".\TestRunConfig" />
      </DeploymentItems>
      <Execution id="69c8586a-b2ab-47d6-9be9-c8d3a8196ada" />
      <TestMethod codeBase="C:/LoyaltyWebTest/Web/Test/UI/LoyaltyWeb/LoyaltyWebTest/LoyaltyWebTest/bin/Debug/Nordstrom.Web.Test.UI.LoyaltyWeb.DLL" adapterTypeName="Microsoft.VisualStudio.TestTools.TestTypes.Unit.UnitTestAdapter, Microsoft.VisualStudio.QualityTools.Tips.UnitTest.Adapter, Version=12.0.0.0, Culture=neutral, PublicKeyToken=b03f5f7f11d50a3a" className="Nordstrom.Web.Test.UI.LoyaltyWeb.LoyaltyTenderNeutralMobileVerificationPageTests, Nordstrom.Web.Test.UI.LoyaltyWeb, Version=1.0.0.0, Culture=neutral, PublicKeyToken=null" name="SuccessAssociationPageModalPopupsValidation_GuestUserGetANewCodeModalContentValidation_GetANewCodeModalContentValidatedSuccessfully" />
    </UnitTest>
    <UnitTest name="TenderNeutralRewardsEnroll_LoyaltyTenderNeutralRegisteredAuthenticatedUser_EmailPrePopulationVerificationSuccessful" storage="c:\loyaltywebtest\web\test\ui\loyaltyweb\loyaltywebtest\loyaltywebtest\bin\debug\nordstrom.web.test.ui.loyaltyweb.dll" id="882fb25a-af60-c1a9-9ac5-8c717310c276">
      <Description>Verify pre-population of mobile number on loyalty mobile verification page for a TN enrolled user</Description>
      <TestCategory>
        <TestCategoryItem TestCategory="LoyaltyTenderNeutral" />
        <TestCategoryItem TestCategory="MobileVerification" />
      </TestCategory>
      <DeploymentItems>
        <DeploymentItem filename="ExternalBinaries" outputDirectory=".\ExternalBinaries" />
        <DeploymentItem filename="TestData" outputDirectory=".\TestData" />
        <DeploymentItem filename="TestRunConfig" outputDirectory=".\TestRunConfig" />
      </DeploymentItems>
      <Execution id="76c04807-88e2-4f2b-8031-ebd342ca0e07" />
      <TestMethod codeBase="C:/LoyaltyWebTest/Web/Test/UI/LoyaltyWeb/LoyaltyWebTest/LoyaltyWebTest/bin/Debug/Nordstrom.Web.Test.UI.LoyaltyWeb.DLL" adapterTypeName="Microsoft.VisualStudio.TestTools.TestTypes.Unit.UnitTestAdapter, Microsoft.VisualStudio.QualityTools.Tips.UnitTest.Adapter, Version=12.0.0.0, Culture=neutral, PublicKeyToken=b03f5f7f11d50a3a" className="Nordstrom.Web.Test.UI.LoyaltyWeb.LoyaltyTenderNeutralMobileVerificationPageTests, Nordstrom.Web.Test.UI.LoyaltyWeb, Version=1.0.0.0, Culture=neutral, PublicKeyToken=null" name="TenderNeutralRewardsEnroll_LoyaltyTenderNeutralRegisteredAuthenticatedUser_EmailPrePopulationVerificationSuccessful" />
    </UnitTest>
    <UnitTest name="TenderNeutralRewardsEnroll_EnrollingWebGuestUserWithSpecialCharacterInLastName_ThrowsError" storage="c:\loyaltywebtest\web\test\ui\loyaltyweb\loyaltywebtest\loyaltywebtest\bin\debug\nordstrom.web.test.ui.loyaltyweb.dll" id="d8d2522c-d687-f307-5915-98cd323cb3f9">
      <Description>Verify that Invalid Special Character in Last Name throws error</Description>
      <TestCategory>
        <TestCategoryItem TestCategory="LoyaltyTenderNeutral" />
        <TestCategoryItem TestCategory="Enroll" />
      </TestCategory>
      <DeploymentItems>
        <DeploymentItem filename="ExternalBinaries" outputDirectory=".\ExternalBinaries" />
        <DeploymentItem filename="TestData" outputDirectory=".\TestData" />
        <DeploymentItem filename="TestRunConfig" outputDirectory=".\TestRunConfig" />
      </DeploymentItems>
      <Execution id="70237f4d-2315-4d93-87f6-9b203952c552" />
      <TestMethod codeBase="C:/LoyaltyWebTest/Web/Test/UI/LoyaltyWeb/LoyaltyWebTest/LoyaltyWebTest/bin/Debug/Nordstrom.Web.Test.UI.LoyaltyWeb.DLL" adapterTypeName="Microsoft.VisualStudio.TestTools.TestTypes.Unit.UnitTestAdapter, Microsoft.VisualStudio.QualityTools.Tips.UnitTest.Adapter, Version=12.0.0.0, Culture=neutral, PublicKeyToken=b03f5f7f11d50a3a" className="Nordstrom.Web.Test.UI.LoyaltyWeb.LoyaltyRegisterTests, Nordstrom.Web.Test.UI.LoyaltyWeb, Version=1.0.0.0, Culture=neutral, PublicKeyToken=null" name="TenderNeutralRewardsEnroll_EnrollingWebGuestUserWithSpecialCharacterInLastName_ThrowsError" />
    </UnitTest>
    <UnitTest name="TenderNeutralRewardsRegister_GuestUserEnrollWhenEmailPreferenceCheckboxUnchecked_ShouldFailEnroll" storage="c:\loyaltywebtest\web\test\ui\loyaltyweb\loyaltywebtest\loyaltywebtest\bin\debug\nordstrom.web.test.ui.loyaltyweb.dll" id="8f46b4dc-24ba-0a98-6e75-5962fc8b7e13">
      <Description>Guest user enrolls when email preference is not checked</Description>
      <TestCategory>
        <TestCategoryItem TestCategory="LoyaltyTenderNeutral" />
        <TestCategoryItem TestCategory="Enroll" />
      </TestCategory>
      <DeploymentItems>
        <DeploymentItem filename="ExternalBinaries" outputDirectory=".\ExternalBinaries" />
        <DeploymentItem filename="TestData" outputDirectory=".\TestData" />
        <DeploymentItem filename="TestRunConfig" outputDirectory=".\TestRunConfig" />
      </DeploymentItems>
      <Execution id="d1bf8b8b-40e1-4a42-be18-9e1b74a5034b" />
      <TestMethod codeBase="C:/LoyaltyWebTest/Web/Test/UI/LoyaltyWeb/LoyaltyWebTest/LoyaltyWebTest/bin/Debug/Nordstrom.Web.Test.UI.LoyaltyWeb.DLL" adapterTypeName="Microsoft.VisualStudio.TestTools.TestTypes.Unit.UnitTestAdapter, Microsoft.VisualStudio.QualityTools.Tips.UnitTest.Adapter, Version=12.0.0.0, Culture=neutral, PublicKeyToken=b03f5f7f11d50a3a" className="Nordstrom.Web.Test.UI.LoyaltyWeb.LoyaltyRegisterTests, Nordstrom.Web.Test.UI.LoyaltyWeb, Version=1.0.0.0, Culture=neutral, PublicKeyToken=null" name="TenderNeutralRewardsRegister_GuestUserEnrollWhenEmailPreferenceCheckboxUnchecked_ShouldFailEnroll" />
    </UnitTest>
    <UnitTest name="TenderNeutralEarn_RecognisedUserCanSeeRewardsSectionInOrderSubmitPageAfterSignInFromCheckout_Successfully" storage="c:\loyaltywebtest\web\test\ui\loyaltyweb\loyaltywebtest\loyaltywebtest\bin\debug\nordstrom.web.test.ui.loyaltyweb.dll" id="1b9e4056-ae08-6178-83f0-22316d897d12">
      <Description>Verify that a registered user signing in from checkout page is able to see Rewards section in Ordersubmit page.</Description>
      <TestCategory>
        <TestCategoryItem TestCategory="LoyaltyTenderNeutral" />
        <TestCategoryItem TestCategory="Earn" />
      </TestCategory>
      <DeploymentItems>
        <DeploymentItem filename="ExternalBinaries" outputDirectory=".\ExternalBinaries" />
        <DeploymentItem filename="TestData" outputDirectory=".\TestData" />
        <DeploymentItem filename="TestRunConfig" outputDirectory=".\TestRunConfig" />
      </DeploymentItems>
      <Execution id="7ad9de22-2806-4e56-a8d8-e61df3f2e71c" />
      <TestMethod codeBase="C:/LoyaltyWebTest/Web/Test/UI/LoyaltyWeb/LoyaltyWebTest/LoyaltyWebTest/bin/Debug/Nordstrom.Web.Test.UI.LoyaltyWeb.DLL" adapterTypeName="Microsoft.VisualStudio.TestTools.TestTypes.Unit.UnitTestAdapter, Microsoft.VisualStudio.QualityTools.Tips.UnitTest.Adapter, Version=12.0.0.0, Culture=neutral, PublicKeyToken=b03f5f7f11d50a3a" className="Nordstrom.Web.Test.UI.LoyaltyWeb.LoyaltyEarnTests, Nordstrom.Web.Test.UI.LoyaltyWeb, Version=1.0.0.0, Culture=neutral, PublicKeyToken=null" name="TenderNeutralEarn_RecognisedUserCanSeeRewardsSectionInOrderSubmitPageAfterSignInFromCheckout_Successfully" />
    </UnitTest>
    <UnitTest name="TenderNeutralRewardsRegister_TheUserWhoSucceedsInEnrollWithHisWebAccountEnrollsAgainWithSameWebAccount_ShouldFailBothEnrollAndAccountCreation" storage="c:\loyaltywebtest\web\test\ui\loyaltyweb\loyaltywebtest\loyaltywebtest\bin\debug\nordstrom.web.test.ui.loyaltyweb.dll" id="98f3ba08-a10b-9949-a79e-150238875d08">
      <Description>Guest user with enrollment account enrolls with same web account (connected with enrollment previously) should not succeed.</Description>
      <TestCategory>
        <TestCategoryItem TestCategory="LoyaltyTenderNeutral" />
        <TestCategoryItem TestCategory="Enroll" />
      </TestCategory>
      <DeploymentItems>
        <DeploymentItem filename="ExternalBinaries" outputDirectory=".\ExternalBinaries" />
        <DeploymentItem filename="TestData" outputDirectory=".\TestData" />
        <DeploymentItem filename="TestRunConfig" outputDirectory=".\TestRunConfig" />
      </DeploymentItems>
      <Execution id="4d6d65bc-022c-4aee-ba02-dec17ab17074" />
      <TestMethod codeBase="C:/LoyaltyWebTest/Web/Test/UI/LoyaltyWeb/LoyaltyWebTest/LoyaltyWebTest/bin/Debug/Nordstrom.Web.Test.UI.LoyaltyWeb.DLL" adapterTypeName="Microsoft.VisualStudio.TestTools.TestTypes.Unit.UnitTestAdapter, Microsoft.VisualStudio.QualityTools.Tips.UnitTest.Adapter, Version=12.0.0.0, Culture=neutral, PublicKeyToken=b03f5f7f11d50a3a" className="Nordstrom.Web.Test.UI.LoyaltyWeb.LoyaltyRegisterTests, Nordstrom.Web.Test.UI.LoyaltyWeb, Version=1.0.0.0, Culture=neutral, PublicKeyToken=null" name="TenderNeutralRewardsRegister_TheUserWhoSucceedsInEnrollWithHisWebAccountEnrollsAgainWithSameWebAccount_ShouldFailBothEnrollAndAccountCreation" />
    </UnitTest>
    <UnitTest name="TenderNeutralRewardsEnroll_MarketingPreferenceForAuthenticatedUser_MarketingPreferenceNotDisplayed" storage="c:\loyaltywebtest\web\test\ui\loyaltyweb\loyaltywebtest\loyaltywebtest\bin\debug\nordstrom.web.test.ui.loyaltyweb.dll" id="d4223cb2-795f-acc3-97c9-3a959ae1fbec">
      <Description>Verify that the marketing preference is not displayed on Loyalty enroll page for a N.com registered authenticated user</Description>
      <TestCategory>
        <TestCategoryItem TestCategory="LoyaltyTenderNeutral" />
        <TestCategoryItem TestCategory="Enroll" />
      </TestCategory>
      <DeploymentItems>
        <DeploymentItem filename="ExternalBinaries" outputDirectory=".\ExternalBinaries" />
        <DeploymentItem filename="TestData" outputDirectory=".\TestData" />
        <DeploymentItem filename="TestRunConfig" outputDirectory=".\TestRunConfig" />
      </DeploymentItems>
      <Execution id="8fa9fa8b-d6fd-46f6-a580-5d176742d604" />
      <TestMethod codeBase="C:/LoyaltyWebTest/Web/Test/UI/LoyaltyWeb/LoyaltyWebTest/LoyaltyWebTest/bin/Debug/Nordstrom.Web.Test.UI.LoyaltyWeb.DLL" adapterTypeName="Microsoft.VisualStudio.TestTools.TestTypes.Unit.UnitTestAdapter, Microsoft.VisualStudio.QualityTools.Tips.UnitTest.Adapter, Version=12.0.0.0, Culture=neutral, PublicKeyToken=b03f5f7f11d50a3a" className="Nordstrom.Web.Test.UI.LoyaltyWeb.LoyaltyRegisterTests, Nordstrom.Web.Test.UI.LoyaltyWeb, Version=1.0.0.0, Culture=neutral, PublicKeyToken=null" name="TenderNeutralRewardsEnroll_MarketingPreferenceForAuthenticatedUser_MarketingPreferenceNotDisplayed" />
    </UnitTest>
    <UnitTest name="SuccessAssociationPageModalPopupsValidation_OkButtonGetANewCodeModalValidation_OkButtonInGetANewCodeModalClosedModalSuccessfully" storage="c:\loyaltywebtest\web\test\ui\loyaltyweb\loyaltywebtest\loyaltywebtest\bin\debug\nordstrom.web.test.ui.loyaltyweb.dll" id="47b1dee1-d457-b144-965d-3ecfde9a5fd1">
      <Description>'Get a new code' Modal Popup OK Button Functionality verification</Description>
      <TestCategory>
        <TestCategoryItem TestCategory="LoyaltyTenderNeutral" />
        <TestCategoryItem TestCategory="MobileVerification" />
      </TestCategory>
      <DeploymentItems>
        <DeploymentItem filename="ExternalBinaries" outputDirectory=".\ExternalBinaries" />
        <DeploymentItem filename="TestData" outputDirectory=".\TestData" />
        <DeploymentItem filename="TestRunConfig" outputDirectory=".\TestRunConfig" />
      </DeploymentItems>
      <Execution id="2084b5f6-9cb0-4f8c-b4bf-9bb9dd843009" />
      <TestMethod codeBase="C:/LoyaltyWebTest/Web/Test/UI/LoyaltyWeb/LoyaltyWebTest/LoyaltyWebTest/bin/Debug/Nordstrom.Web.Test.UI.LoyaltyWeb.DLL" adapterTypeName="Microsoft.VisualStudio.TestTools.TestTypes.Unit.UnitTestAdapter, Microsoft.VisualStudio.QualityTools.Tips.UnitTest.Adapter, Version=12.0.0.0, Culture=neutral, PublicKeyToken=b03f5f7f11d50a3a" className="Nordstrom.Web.Test.UI.LoyaltyWeb.LoyaltyTenderNeutralMobileVerificationPageTests, Nordstrom.Web.Test.UI.LoyaltyWeb, Version=1.0.0.0, Culture=neutral, PublicKeyToken=null" name="SuccessAssociationPageModalPopupsValidation_OkButtonGetANewCodeModalValidation_OkButtonInGetANewCodeModalClosedModalSuccessfully" />
    </UnitTest>
    <UnitTest name="TenderNeutralRewardsEnroll_LoyaltyTenderNeutralUnrecognisedUserLeaveFirstNameFieldBlankTabOut_ErrorMessageDisplayedSuccessfully" storage="c:\loyaltywebtest\web\test\ui\loyaltyweb\loyaltywebtest\loyaltywebtest\bin\debug\nordstrom.web.test.ui.loyaltyweb.dll" id="32087f87-3ab9-f41c-43c0-e6fe3bc56d49">
      <Description>Verify that error message appear for first name field when it is left blank and we tab out for unrecognised user</Description>
      <TestCategory>
        <TestCategoryItem TestCategory="LoyaltyTenderNeutral" />
        <TestCategoryItem TestCategory="Enroll" />
      </TestCategory>
      <DeploymentItems>
        <DeploymentItem filename="ExternalBinaries" outputDirectory=".\ExternalBinaries" />
        <DeploymentItem filename="TestData" outputDirectory=".\TestData" />
        <DeploymentItem filename="TestRunConfig" outputDirectory=".\TestRunConfig" />
      </DeploymentItems>
      <Execution id="038861e4-2073-47e9-a979-15a8f3aa848e" />
      <TestMethod codeBase="C:/LoyaltyWebTest/Web/Test/UI/LoyaltyWeb/LoyaltyWebTest/LoyaltyWebTest/bin/Debug/Nordstrom.Web.Test.UI.LoyaltyWeb.DLL" adapterTypeName="Microsoft.VisualStudio.TestTools.TestTypes.Unit.UnitTestAdapter, Microsoft.VisualStudio.QualityTools.Tips.UnitTest.Adapter, Version=12.0.0.0, Culture=neutral, PublicKeyToken=b03f5f7f11d50a3a" className="Nordstrom.Web.Test.UI.LoyaltyWeb.LoyaltyRegisterTests, Nordstrom.Web.Test.UI.LoyaltyWeb, Version=1.0.0.0, Culture=neutral, PublicKeyToken=null" name="TenderNeutralRewardsEnroll_LoyaltyTenderNeutralUnrecognisedUserLeaveFirstNameFieldBlankTabOut_ErrorMessageDisplayedSuccessfully" />
    </UnitTest>
    <UnitTest name="TenderNeutralRewardsEnroll_LoyaltyTNAuthenticatedUserSpecialCharacterinCodeField_ThrowseError" storage="c:\loyaltywebtest\web\test\ui\loyaltyweb\loyaltywebtest\loyaltywebtest\bin\debug\nordstrom.web.test.ui.loyaltyweb.dll" id="7003bcc1-5465-4329-b7ef-878c9e819482">
      <Description>Verify that error message is displayed when special characters are entered in mobile verification code field</Description>
      <TestCategory>
        <TestCategoryItem TestCategory="LoyaltyTenderNeutral" />
        <TestCategoryItem TestCategory="MobileVerification" />
      </TestCategory>
      <DeploymentItems>
        <DeploymentItem filename="ExternalBinaries" outputDirectory=".\ExternalBinaries" />
        <DeploymentItem filename="TestData" outputDirectory=".\TestData" />
        <DeploymentItem filename="TestRunConfig" outputDirectory=".\TestRunConfig" />
      </DeploymentItems>
      <Execution id="2c61fd86-8cf4-4f9d-991f-dfe88aece37f" />
      <TestMethod codeBase="C:/LoyaltyWebTest/Web/Test/UI/LoyaltyWeb/LoyaltyWebTest/LoyaltyWebTest/bin/Debug/Nordstrom.Web.Test.UI.LoyaltyWeb.DLL" adapterTypeName="Microsoft.VisualStudio.TestTools.TestTypes.Unit.UnitTestAdapter, Microsoft.VisualStudio.QualityTools.Tips.UnitTest.Adapter, Version=12.0.0.0, Culture=neutral, PublicKeyToken=b03f5f7f11d50a3a" className="Nordstrom.Web.Test.UI.LoyaltyWeb.LoyaltyTenderNeutralMobileVerificationPageTests, Nordstrom.Web.Test.UI.LoyaltyWeb, Version=1.0.0.0, Culture=neutral, PublicKeyToken=null" name="TenderNeutralRewardsEnroll_LoyaltyTNAuthenticatedUserSpecialCharacterinCodeField_ThrowseError" />
    </UnitTest>
    <UnitTest name="TenderNeutralRewardsEnroll_EnrollingWebGuestUserWithSpecialCharacterInFirstName_ThrowsError" storage="c:\loyaltywebtest\web\test\ui\loyaltyweb\loyaltywebtest\loyaltywebtest\bin\debug\nordstrom.web.test.ui.loyaltyweb.dll" id="4d638e32-5855-1388-3e9e-cde5f0a77c27">
      <Description>Verify that Invalid Special Character in First Name throws error</Description>
      <TestCategory>
        <TestCategoryItem TestCategory="LoyaltyTenderNeutral" />
        <TestCategoryItem TestCategory="Enroll" />
      </TestCategory>
      <DeploymentItems>
        <DeploymentItem filename="ExternalBinaries" outputDirectory=".\ExternalBinaries" />
        <DeploymentItem filename="TestData" outputDirectory=".\TestData" />
        <DeploymentItem filename="TestRunConfig" outputDirectory=".\TestRunConfig" />
      </DeploymentItems>
      <Execution id="2a967d40-52a3-4d13-b439-9990c6b4ba88" />
      <TestMethod codeBase="C:/LoyaltyWebTest/Web/Test/UI/LoyaltyWeb/LoyaltyWebTest/LoyaltyWebTest/bin/Debug/Nordstrom.Web.Test.UI.LoyaltyWeb.DLL" adapterTypeName="Microsoft.VisualStudio.TestTools.TestTypes.Unit.UnitTestAdapter, Microsoft.VisualStudio.QualityTools.Tips.UnitTest.Adapter, Version=12.0.0.0, Culture=neutral, PublicKeyToken=b03f5f7f11d50a3a" className="Nordstrom.Web.Test.UI.LoyaltyWeb.LoyaltyRegisterTests, Nordstrom.Web.Test.UI.LoyaltyWeb, Version=1.0.0.0, Culture=neutral, PublicKeyToken=null" name="TenderNeutralRewardsEnroll_EnrollingWebGuestUserWithSpecialCharacterInFirstName_ThrowsError" />
    </UnitTest>
    <UnitTest name="TenderNeutralRewardsEnroll_LoyaltyTenderNeutralGuestUserConfirmPasswordField_MismatchErrorMessageDisplayedSuccessfully" storage="c:\loyaltywebtest\web\test\ui\loyaltyweb\loyaltywebtest\loyaltywebtest\bin\debug\nordstrom.web.test.ui.loyaltyweb.dll" id="d3ba0755-91e1-30c5-315a-f25399e3023a">
      <Description>Verify the mismatch error message displayed for the invalid entry of confirm Password field</Description>
      <TestCategory>
        <TestCategoryItem TestCategory="LoyaltyTenderNeutral" />
        <TestCategoryItem TestCategory="Enroll" />
      </TestCategory>
      <DeploymentItems>
        <DeploymentItem filename="ExternalBinaries" outputDirectory=".\ExternalBinaries" />
        <DeploymentItem filename="TestData" outputDirectory=".\TestData" />
        <DeploymentItem filename="TestRunConfig" outputDirectory=".\TestRunConfig" />
      </DeploymentItems>
      <Execution id="beb39863-393f-473e-8efb-a14e5dd8a14e" />
      <TestMethod codeBase="C:/LoyaltyWebTest/Web/Test/UI/LoyaltyWeb/LoyaltyWebTest/LoyaltyWebTest/bin/Debug/Nordstrom.Web.Test.UI.LoyaltyWeb.DLL" adapterTypeName="Microsoft.VisualStudio.TestTools.TestTypes.Unit.UnitTestAdapter, Microsoft.VisualStudio.QualityTools.Tips.UnitTest.Adapter, Version=12.0.0.0, Culture=neutral, PublicKeyToken=b03f5f7f11d50a3a" className="Nordstrom.Web.Test.UI.LoyaltyWeb.LoyaltyRegisterTests, Nordstrom.Web.Test.UI.LoyaltyWeb, Version=1.0.0.0, Culture=neutral, PublicKeyToken=null" name="TenderNeutralRewardsEnroll_LoyaltyTenderNeutralGuestUserConfirmPasswordField_MismatchErrorMessageDisplayedSuccessfully" />
    </UnitTest>
    <UnitTest name="TenderNeutralEnroll_When15MinutesPassWithoutAuthenticatedUserActivity_ExpectSessionTimeoutInfoShowAndUserInfoDisappear" storage="c:\loyaltywebtest\web\test\ui\loyaltyweb\loyaltywebtest\loyaltywebtest\bin\debug\nordstrom.web.test.ui.loyaltyweb.dll" id="988daa97-185a-b36c-e2bb-1662c7eee467">
      <Description>Verify that when 15 minutes pass without authenticated user input, session time out area is shown and existing user personal info disappear.</Description>
      <TestCategory>
        <TestCategoryItem TestCategory="SensitiveData" />
        <TestCategoryItem TestCategory="LoyaltyTenderNeutral" />
      </TestCategory>
      <DeploymentItems>
        <DeploymentItem filename="ExternalBinaries" outputDirectory=".\ExternalBinaries" />
        <DeploymentItem filename="TestData" outputDirectory=".\TestData" />
        <DeploymentItem filename="TestRunConfig" outputDirectory=".\TestRunConfig" />
      </DeploymentItems>
      <Execution id="0f0d7cc7-66e5-4be5-89a1-dd2f88ff52a2" />
      <TestMethod codeBase="C:/LoyaltyWebTest/Web/Test/UI/LoyaltyWeb/LoyaltyWebTest/LoyaltyWebTest/bin/Debug/Nordstrom.Web.Test.UI.LoyaltyWeb.DLL" adapterTypeName="Microsoft.VisualStudio.TestTools.TestTypes.Unit.UnitTestAdapter, Microsoft.VisualStudio.QualityTools.Tips.UnitTest.Adapter, Version=12.0.0.0, Culture=neutral, PublicKeyToken=b03f5f7f11d50a3a" className="Nordstrom.Web.Test.UI.LoyaltyWeb.UserSensitiveDataCases, Nordstrom.Web.Test.UI.LoyaltyWeb, Version=1.0.0.0, Culture=neutral, PublicKeyToken=null" name="TenderNeutralEnroll_When15MinutesPassWithoutAuthenticatedUserActivity_ExpectSessionTimeoutInfoShowAndUserInfoDisappear" />
    </UnitTest>
    <UnitTest name="TenderNeutralAssociation_GuestUserEnrolledInLoyatyProgramFromServiceCenterGotoAssociationPage_ShouldSucceed" storage="c:\loyaltywebtest\web\test\ui\loyaltyweb\loyaltywebtest\loyaltywebtest\bin\debug\nordstrom.web.test.ui.loyaltyweb.dll" id="191d4ad9-bdce-2138-a783-33aefedbfec7">
      <Description>Verify that when enrolled user from Service center goes to Association page, he can type in his email and phone number and associate to loyalty program.</Description>
      <TestCategory>
        <TestCategoryItem TestCategory="LoyaltyTenderNeutral" />
        <TestCategoryItem TestCategory="Association" />
      </TestCategory>
      <DeploymentItems>
        <DeploymentItem filename="ExternalBinaries" outputDirectory=".\ExternalBinaries" />
        <DeploymentItem filename="TestData" outputDirectory=".\TestData" />
        <DeploymentItem filename="TestRunConfig" outputDirectory=".\TestRunConfig" />
      </DeploymentItems>
      <Execution id="ec79bec5-7a53-4166-8f46-b4f8df8c4395" />
      <TestMethod codeBase="C:/LoyaltyWebTest/Web/Test/UI/LoyaltyWeb/LoyaltyWebTest/LoyaltyWebTest/bin/Debug/Nordstrom.Web.Test.UI.LoyaltyWeb.DLL" adapterTypeName="Microsoft.VisualStudio.TestTools.TestTypes.Unit.UnitTestAdapter, Microsoft.VisualStudio.QualityTools.Tips.UnitTest.Adapter, Version=12.0.0.0, Culture=neutral, PublicKeyToken=b03f5f7f11d50a3a" className="Nordstrom.Web.Test.UI.LoyaltyWeb.LoyaltyAssociationTests, Nordstrom.Web.Test.UI.LoyaltyWeb, Version=1.0.0.0, Culture=neutral, PublicKeyToken=null" name="TenderNeutralAssociation_GuestUserEnrolledInLoyatyProgramFromServiceCenterGotoAssociationPage_ShouldSucceed" />
    </UnitTest>
    <UnitTest name="LoyaltyWelcomePage_HauteLookLogo_ShouldRender" storage="c:\loyaltywebtest\web\test\ui\loyaltyweb\loyaltywebtest\loyaltywebtest\bin\debug\nordstrom.web.test.ui.loyaltyweb.dll" id="a4820a9f-81f2-f74a-e78b-327ea50d8b48">
      <Description>HauteLook logo should link to the right url </Description>
      <TestCategory>
        <TestCategoryItem TestCategory="LoyaltyTenderNeutral" />
        <TestCategoryItem TestCategory="Welcome" />
      </TestCategory>
      <DeploymentItems>
        <DeploymentItem filename="ExternalBinaries" outputDirectory=".\ExternalBinaries" />
        <DeploymentItem filename="TestData" outputDirectory=".\TestData" />
        <DeploymentItem filename="TestRunConfig" outputDirectory=".\TestRunConfig" />
      </DeploymentItems>
      <Execution id="8ef106d3-9ace-4627-96e6-56bae25112aa" />
      <TestMethod codeBase="C:/LoyaltyWebTest/Web/Test/UI/LoyaltyWeb/LoyaltyWebTest/LoyaltyWebTest/bin/Debug/Nordstrom.Web.Test.UI.LoyaltyWeb.DLL" adapterTypeName="Microsoft.VisualStudio.TestTools.TestTypes.Unit.UnitTestAdapter, Microsoft.VisualStudio.QualityTools.Tips.UnitTest.Adapter, Version=12.0.0.0, Culture=neutral, PublicKeyToken=b03f5f7f11d50a3a" className="Nordstrom.Web.Test.UI.LoyaltyWeb.LoyaltyWelcomeTests, Nordstrom.Web.Test.UI.LoyaltyWeb, Version=1.0.0.0, Culture=neutral, PublicKeyToken=null" name="LoyaltyWelcomePage_HauteLookLogo_ShouldRender" />
    </UnitTest>
    <UnitTest name="MobileVerificationPageModalPopupsValidation_AuthenticatedUserMaximumLimitGetACodeClickValidation_ThrowsError" storage="c:\loyaltywebtest\web\test\ui\loyaltyweb\loyaltywebtest\loyaltywebtest\bin\debug\nordstrom.web.test.ui.loyaltyweb.dll" id="5c0ec21b-359a-7e0f-4182-44eb294aa758">
      <Description>Click on 'Get a new code' at maximum limit and verifying the error message displayed</Description>
      <TestCategory>
        <TestCategoryItem TestCategory="LoyaltyTenderNeutral" />
        <TestCategoryItem TestCategory="MobileVerification" />
      </TestCategory>
      <DeploymentItems>
        <DeploymentItem filename="ExternalBinaries" outputDirectory=".\ExternalBinaries" />
        <DeploymentItem filename="TestData" outputDirectory=".\TestData" />
        <DeploymentItem filename="TestRunConfig" outputDirectory=".\TestRunConfig" />
      </DeploymentItems>
      <Execution id="0b2e233a-5b06-4ce9-9900-491a3cee62c2" />
      <TestMethod codeBase="C:/LoyaltyWebTest/Web/Test/UI/LoyaltyWeb/LoyaltyWebTest/LoyaltyWebTest/bin/Debug/Nordstrom.Web.Test.UI.LoyaltyWeb.DLL" adapterTypeName="Microsoft.VisualStudio.TestTools.TestTypes.Unit.UnitTestAdapter, Microsoft.VisualStudio.QualityTools.Tips.UnitTest.Adapter, Version=12.0.0.0, Culture=neutral, PublicKeyToken=b03f5f7f11d50a3a" className="Nordstrom.Web.Test.UI.LoyaltyWeb.LoyaltyTenderNeutralMobileVerificationPageTests, Nordstrom.Web.Test.UI.LoyaltyWeb, Version=1.0.0.0, Culture=neutral, PublicKeyToken=null" name="MobileVerificationPageModalPopupsValidation_AuthenticatedUserMaximumLimitGetACodeClickValidation_ThrowsError" />
    </UnitTest>
    <UnitTest name="LoyaltyLearnPage_ClickAnniversarySaleEarlyAccessLink_RedirectToRelevantPageSuccessfully" storage="c:\loyaltywebtest\web\test\ui\loyaltyweb\loyaltywebtest\loyaltywebtest\bin\debug\nordstrom.web.test.ui.loyaltyweb.dll" id="cca0fcc7-ae32-cae3-80e1-d419dbf11c2f">
      <Description>To verify Anniversary Sale Early Access link on Learn Page is navigated to the relevant page successfully</Description>
      <TestCategory>
        <TestCategoryItem TestCategory="LoyaltyTenderNeutral" />
        <TestCategoryItem TestCategory="Learn" />
      </TestCategory>
      <DeploymentItems>
        <DeploymentItem filename="ExternalBinaries" outputDirectory=".\ExternalBinaries" />
        <DeploymentItem filename="TestData" outputDirectory=".\TestData" />
        <DeploymentItem filename="TestRunConfig" outputDirectory=".\TestRunConfig" />
      </DeploymentItems>
      <Execution id="9f4bd044-0da6-4978-ae0d-456b6d2b421b" />
      <TestMethod codeBase="C:/LoyaltyWebTest/Web/Test/UI/LoyaltyWeb/LoyaltyWebTest/LoyaltyWebTest/bin/Debug/Nordstrom.Web.Test.UI.LoyaltyWeb.DLL" adapterTypeName="Microsoft.VisualStudio.TestTools.TestTypes.Unit.UnitTestAdapter, Microsoft.VisualStudio.QualityTools.Tips.UnitTest.Adapter, Version=12.0.0.0, Culture=neutral, PublicKeyToken=b03f5f7f11d50a3a" className="Nordstrom.Web.Test.UI.LoyaltyWeb.LoyaltyLearnTests, Nordstrom.Web.Test.UI.LoyaltyWeb, Version=1.0.0.0, Culture=neutral, PublicKeyToken=null" name="LoyaltyLearnPage_ClickAnniversarySaleEarlyAccessLink_RedirectToRelevantPageSuccessfully" />
    </UnitTest>
    <UnitTest name="TenderNeutralAssociation_RecognizedUserEnrolledinLoyaltyFromServiceCenterToToWebAssociationPage_ShouldSucceed" storage="c:\loyaltywebtest\web\test\ui\loyaltyweb\loyaltywebtest\loyaltywebtest\bin\debug\nordstrom.web.test.ui.loyaltyweb.dll" id="07c18028-e476-f9b9-b536-4f84edee61f4">
      <Description>Verify that when recognized user enrolled from  Service Center goes to Association page, he can type in his email and phone number and associate to loyalty program.</Description>
      <TestCategory>
        <TestCategoryItem TestCategory="LoyaltyTenderNeutral" />
        <TestCategoryItem TestCategory="Association" />
      </TestCategory>
      <DeploymentItems>
        <DeploymentItem filename="ExternalBinaries" outputDirectory=".\ExternalBinaries" />
        <DeploymentItem filename="TestData" outputDirectory=".\TestData" />
        <DeploymentItem filename="TestRunConfig" outputDirectory=".\TestRunConfig" />
      </DeploymentItems>
      <Execution id="8e1e2c48-a417-4997-878f-f48fd9c3b452" />
      <TestMethod codeBase="C:/LoyaltyWebTest/Web/Test/UI/LoyaltyWeb/LoyaltyWebTest/LoyaltyWebTest/bin/Debug/Nordstrom.Web.Test.UI.LoyaltyWeb.DLL" adapterTypeName="Microsoft.VisualStudio.TestTools.TestTypes.Unit.UnitTestAdapter, Microsoft.VisualStudio.QualityTools.Tips.UnitTest.Adapter, Version=12.0.0.0, Culture=neutral, PublicKeyToken=b03f5f7f11d50a3a" className="Nordstrom.Web.Test.UI.LoyaltyWeb.LoyaltyAssociationTests, Nordstrom.Web.Test.UI.LoyaltyWeb, Version=1.0.0.0, Culture=neutral, PublicKeyToken=null" name="TenderNeutralAssociation_RecognizedUserEnrolledinLoyaltyFromServiceCenterToToWebAssociationPage_ShouldSucceed" />
    </UnitTest>
    <UnitTest name="LoyaltyLearnPage_WhenTypeRightURL_ShouldRenderLearnPage" storage="c:\loyaltywebtest\web\test\ui\loyaltyweb\loyaltywebtest\loyaltywebtest\bin\debug\nordstrom.web.test.ui.loyaltyweb.dll" id="5e694850-8294-57c8-4195-a3f1001f6ca7">
      <Description>Learn Page can be rendered correctly</Description>
      <TestCategory>
        <TestCategoryItem TestCategory="Learn" />
        <TestCategoryItem TestCategory="LoyaltyTenderNeutral" />
      </TestCategory>
      <DeploymentItems>
        <DeploymentItem filename="ExternalBinaries" outputDirectory=".\ExternalBinaries" />
        <DeploymentItem filename="TestData" outputDirectory=".\TestData" />
        <DeploymentItem filename="TestRunConfig" outputDirectory=".\TestRunConfig" />
      </DeploymentItems>
      <Execution id="2cb7face-1906-4cd0-9c94-5b70ffe372af" />
      <TestMethod codeBase="C:/LoyaltyWebTest/Web/Test/UI/LoyaltyWeb/LoyaltyWebTest/LoyaltyWebTest/bin/Debug/Nordstrom.Web.Test.UI.LoyaltyWeb.DLL" adapterTypeName="Microsoft.VisualStudio.TestTools.TestTypes.Unit.UnitTestAdapter, Microsoft.VisualStudio.QualityTools.Tips.UnitTest.Adapter, Version=12.0.0.0, Culture=neutral, PublicKeyToken=b03f5f7f11d50a3a" className="Nordstrom.Web.Test.UI.LoyaltyWeb.LoyaltyLearnTests, Nordstrom.Web.Test.UI.LoyaltyWeb, Version=1.0.0.0, Culture=neutral, PublicKeyToken=null" name="LoyaltyLearnPage_WhenTypeRightURL_ShouldRenderLearnPage" />
    </UnitTest>
    <UnitTest name="TenderNeutralAssociation_AssociatedEnrollMemberTryToAssociateAgain_ShouldGetRightMessage" storage="c:\loyaltywebtest\web\test\ui\loyaltyweb\loyaltywebtest\loyaltywebtest\bin\debug\nordstrom.web.test.ui.loyaltyweb.dll" id="523b92f4-898d-7cc7-e689-d5975b8374ee">
      <Description>When existing associated guest member wants to associate again and he got the error message</Description>
      <TestCategory>
        <TestCategoryItem TestCategory="LoyaltyTenderNeutral" />
        <TestCategoryItem TestCategory="Association" />
      </TestCategory>
      <DeploymentItems>
        <DeploymentItem filename="ExternalBinaries" outputDirectory=".\ExternalBinaries" />
        <DeploymentItem filename="TestData" outputDirectory=".\TestData" />
        <DeploymentItem filename="TestRunConfig" outputDirectory=".\TestRunConfig" />
      </DeploymentItems>
      <Execution id="cd6d2195-defa-4496-9f8e-648cac22957e" />
      <TestMethod codeBase="C:/LoyaltyWebTest/Web/Test/UI/LoyaltyWeb/LoyaltyWebTest/LoyaltyWebTest/bin/Debug/Nordstrom.Web.Test.UI.LoyaltyWeb.DLL" adapterTypeName="Microsoft.VisualStudio.TestTools.TestTypes.Unit.UnitTestAdapter, Microsoft.VisualStudio.QualityTools.Tips.UnitTest.Adapter, Version=12.0.0.0, Culture=neutral, PublicKeyToken=b03f5f7f11d50a3a" className="Nordstrom.Web.Test.UI.LoyaltyWeb.LoyaltyAssociationTests, Nordstrom.Web.Test.UI.LoyaltyWeb, Version=1.0.0.0, Culture=neutral, PublicKeyToken=null" name="TenderNeutralAssociation_AssociatedEnrollMemberTryToAssociateAgain_ShouldGetRightMessage" />
    </UnitTest>
    <UnitTest name="TenderNeutralEarn_AuthenticatedUserNotLinkedNordAccountAndTNNumber_ClickingOnPayNordCardLinkNavigatesToPaymentSectionSuccessfully" storage="c:\loyaltywebtest\web\test\ui\loyaltyweb\loyaltywebtest\loyaltywebtest\bin\debug\nordstrom.web.test.ui.loyaltyweb.dll" id="57d2f222-dabf-1931-f74a-107500e05da4">
      <Description>Verify that by clicking on 'Pay with your Nordstrom card' link, it navigates to Payment information with the fields open and editable.</Description>
      <TestCategory>
        <TestCategoryItem TestCategory="LoyaltyTenderNeutral" />
        <TestCategoryItem TestCategory="Earn" />
      </TestCategory>
      <DeploymentItems>
        <DeploymentItem filename="ExternalBinaries" outputDirectory=".\ExternalBinaries" />
        <DeploymentItem filename="TestData" outputDirectory=".\TestData" />
        <DeploymentItem filename="TestRunConfig" outputDirectory=".\TestRunConfig" />
      </DeploymentItems>
      <Execution id="d8501365-c4c3-4503-83a1-a0650e8787a4" />
      <TestMethod codeBase="C:/LoyaltyWebTest/Web/Test/UI/LoyaltyWeb/LoyaltyWebTest/LoyaltyWebTest/bin/Debug/Nordstrom.Web.Test.UI.LoyaltyWeb.DLL" adapterTypeName="Microsoft.VisualStudio.TestTools.TestTypes.Unit.UnitTestAdapter, Microsoft.VisualStudio.QualityTools.Tips.UnitTest.Adapter, Version=12.0.0.0, Culture=neutral, PublicKeyToken=b03f5f7f11d50a3a" className="Nordstrom.Web.Test.UI.LoyaltyWeb.LoyaltyEarnTests, Nordstrom.Web.Test.UI.LoyaltyWeb, Version=1.0.0.0, Culture=neutral, PublicKeyToken=null" name="TenderNeutralEarn_AuthenticatedUserNotLinkedNordAccountAndTNNumber_ClickingOnPayNordCardLinkNavigatesToPaymentSectionSuccessfully" />
    </UnitTest>
    <UnitTest name="TenderNeutralAssociation_PageContentShouldBeloadedSuccessfully" storage="c:\loyaltywebtest\web\test\ui\loyaltyweb\loyaltywebtest\loyaltywebtest\bin\debug\nordstrom.web.test.ui.loyaltyweb.dll" id="f99a3847-1f69-481e-31a1-d2fbcc2facd4">
      <Description>Verify that when user goes to Association page, container association div is fully loaded</Description>
      <TestCategory>
        <TestCategoryItem TestCategory="LoyaltyTenderNeutral" />
        <TestCategoryItem TestCategory="Association" />
      </TestCategory>
      <DeploymentItems>
        <DeploymentItem filename="ExternalBinaries" outputDirectory=".\ExternalBinaries" />
        <DeploymentItem filename="TestData" outputDirectory=".\TestData" />
        <DeploymentItem filename="TestRunConfig" outputDirectory=".\TestRunConfig" />
      </DeploymentItems>
      <Execution id="33ae1338-aead-407c-a210-da905e571b37" />
      <TestMethod codeBase="C:/LoyaltyWebTest/Web/Test/UI/LoyaltyWeb/LoyaltyWebTest/LoyaltyWebTest/bin/Debug/Nordstrom.Web.Test.UI.LoyaltyWeb.DLL" adapterTypeName="Microsoft.VisualStudio.TestTools.TestTypes.Unit.UnitTestAdapter, Microsoft.VisualStudio.QualityTools.Tips.UnitTest.Adapter, Version=12.0.0.0, Culture=neutral, PublicKeyToken=b03f5f7f11d50a3a" className="Nordstrom.Web.Test.UI.LoyaltyWeb.LoyaltyAssociationTests, Nordstrom.Web.Test.UI.LoyaltyWeb, Version=1.0.0.0, Culture=neutral, PublicKeyToken=null" name="TenderNeutralAssociation_PageContentShouldBeloadedSuccessfully" />
    </UnitTest>
    <UnitTest name="SuccessAssociationPageModalPopupsValidation_CloseButtonInDidntGetACodeModalValidation_CloseButtonInDidntGetACodeModalClosedModalSuccessfully" storage="c:\loyaltywebtest\web\test\ui\loyaltyweb\loyaltywebtest\loyaltywebtest\bin\debug\nordstrom.web.test.ui.loyaltyweb.dll" id="8814ad4a-610b-1476-179c-7964a75f96e9">
      <Description>Didn't Get A Code Modal Popup Close Button Functionality verification</Description>
      <TestCategory>
        <TestCategoryItem TestCategory="LoyaltyTenderNeutral" />
        <TestCategoryItem TestCategory="MobileVerification" />
      </TestCategory>
      <DeploymentItems>
        <DeploymentItem filename="ExternalBinaries" outputDirectory=".\ExternalBinaries" />
        <DeploymentItem filename="TestData" outputDirectory=".\TestData" />
        <DeploymentItem filename="TestRunConfig" outputDirectory=".\TestRunConfig" />
      </DeploymentItems>
      <Execution id="d1b7ea8f-672b-4394-9af2-6b9b3a6b9968" />
      <TestMethod codeBase="C:/LoyaltyWebTest/Web/Test/UI/LoyaltyWeb/LoyaltyWebTest/LoyaltyWebTest/bin/Debug/Nordstrom.Web.Test.UI.LoyaltyWeb.DLL" adapterTypeName="Microsoft.VisualStudio.TestTools.TestTypes.Unit.UnitTestAdapter, Microsoft.VisualStudio.QualityTools.Tips.UnitTest.Adapter, Version=12.0.0.0, Culture=neutral, PublicKeyToken=b03f5f7f11d50a3a" className="Nordstrom.Web.Test.UI.LoyaltyWeb.LoyaltyTenderNeutralMobileVerificationPageTests, Nordstrom.Web.Test.UI.LoyaltyWeb, Version=1.0.0.0, Culture=neutral, PublicKeyToken=null" name="SuccessAssociationPageModalPopupsValidation_CloseButtonInDidntGetACodeModalValidation_CloseButtonInDidntGetACodeModalClosedModalSuccessfully" />
    </UnitTest>
    <UnitTest name="TenderNeutralRewardsEnroll_AuthenticatedUserVerifyLinksOnThePage_LinksShouldNavigatetoCorrectUrls" storage="c:\loyaltywebtest\web\test\ui\loyaltyweb\loyaltywebtest\loyaltywebtest\bin\debug\nordstrom.web.test.ui.loyaltyweb.dll" id="9cf5e211-bf76-77a7-1a51-2660dd37747b">
      <Description>Verify that links on the enroll page works for an authenticated user</Description>
      <TestCategory>
        <TestCategoryItem TestCategory="LoyaltyTenderNeutral" />
        <TestCategoryItem TestCategory="Enroll" />
      </TestCategory>
      <DeploymentItems>
        <DeploymentItem filename="ExternalBinaries" outputDirectory=".\ExternalBinaries" />
        <DeploymentItem filename="TestData" outputDirectory=".\TestData" />
        <DeploymentItem filename="TestRunConfig" outputDirectory=".\TestRunConfig" />
      </DeploymentItems>
      <Execution id="e93c9f1b-5f2a-4ae1-9dc9-03c70df9ac93" />
      <TestMethod codeBase="C:/LoyaltyWebTest/Web/Test/UI/LoyaltyWeb/LoyaltyWebTest/LoyaltyWebTest/bin/Debug/Nordstrom.Web.Test.UI.LoyaltyWeb.DLL" adapterTypeName="Microsoft.VisualStudio.TestTools.TestTypes.Unit.UnitTestAdapter, Microsoft.VisualStudio.QualityTools.Tips.UnitTest.Adapter, Version=12.0.0.0, Culture=neutral, PublicKeyToken=b03f5f7f11d50a3a" className="Nordstrom.Web.Test.UI.LoyaltyWeb.LoyaltyRegisterTests, Nordstrom.Web.Test.UI.LoyaltyWeb, Version=1.0.0.0, Culture=neutral, PublicKeyToken=null" name="TenderNeutralRewardsEnroll_AuthenticatedUserVerifyLinksOnThePage_LinksShouldNavigatetoCorrectUrls" />
    </UnitTest>
    <UnitTest name="TenderNeutralRewardsEnroll_LoyaltyTNAuthenticatedUserFiveDigitsInCodeField_ThrowseError" storage="c:\loyaltywebtest\web\test\ui\loyaltyweb\loyaltywebtest\loyaltywebtest\bin\debug\nordstrom.web.test.ui.loyaltyweb.dll" id="f95a6f19-ee3b-53de-cf88-883fcaddfe39">
      <Description>Verify that error message is displayed when a five digit number is entered in mobile vrification code field</Description>
      <TestCategory>
        <TestCategoryItem TestCategory="LoyaltyTenderNeutral" />
        <TestCategoryItem TestCategory="MobileVerification" />
      </TestCategory>
      <DeploymentItems>
        <DeploymentItem filename="ExternalBinaries" outputDirectory=".\ExternalBinaries" />
        <DeploymentItem filename="TestData" outputDirectory=".\TestData" />
        <DeploymentItem filename="TestRunConfig" outputDirectory=".\TestRunConfig" />
      </DeploymentItems>
      <Execution id="cfc96512-8a27-4ae8-b78f-eebbe6247e23" />
      <TestMethod codeBase="C:/LoyaltyWebTest/Web/Test/UI/LoyaltyWeb/LoyaltyWebTest/LoyaltyWebTest/bin/Debug/Nordstrom.Web.Test.UI.LoyaltyWeb.DLL" adapterTypeName="Microsoft.VisualStudio.TestTools.TestTypes.Unit.UnitTestAdapter, Microsoft.VisualStudio.QualityTools.Tips.UnitTest.Adapter, Version=12.0.0.0, Culture=neutral, PublicKeyToken=b03f5f7f11d50a3a" className="Nordstrom.Web.Test.UI.LoyaltyWeb.LoyaltyTenderNeutralMobileVerificationPageTests, Nordstrom.Web.Test.UI.LoyaltyWeb, Version=1.0.0.0, Culture=neutral, PublicKeyToken=null" name="TenderNeutralRewardsEnroll_LoyaltyTNAuthenticatedUserFiveDigitsInCodeField_ThrowseError" />
    </UnitTest>
    <UnitTest name="SuccessAssociationPageModalPopupsValidation_AuthenticatedUserGetANewCodeModalContentValidation_GetANewCodeModalContentValidatedSuccessfully" storage="c:\loyaltywebtest\web\test\ui\loyaltyweb\loyaltywebtest\loyaltywebtest\bin\debug\nordstrom.web.test.ui.loyaltyweb.dll" id="aa85e4af-cb36-19c8-0057-a6b24c106f4d">
      <Description>Get a new code Modal Popup Content Validation for Association mobile verification modal</Description>
      <TestCategory>
        <TestCategoryItem TestCategory="LoyaltyTenderNeutral" />
        <TestCategoryItem TestCategory="MobileVerification" />
      </TestCategory>
      <DeploymentItems>
        <DeploymentItem filename="ExternalBinaries" outputDirectory=".\ExternalBinaries" />
        <DeploymentItem filename="TestData" outputDirectory=".\TestData" />
        <DeploymentItem filename="TestRunConfig" outputDirectory=".\TestRunConfig" />
      </DeploymentItems>
      <Execution id="941de644-6446-4d63-90c9-0a00d054b2e4" />
      <TestMethod codeBase="C:/LoyaltyWebTest/Web/Test/UI/LoyaltyWeb/LoyaltyWebTest/LoyaltyWebTest/bin/Debug/Nordstrom.Web.Test.UI.LoyaltyWeb.DLL" adapterTypeName="Microsoft.VisualStudio.TestTools.TestTypes.Unit.UnitTestAdapter, Microsoft.VisualStudio.QualityTools.Tips.UnitTest.Adapter, Version=12.0.0.0, Culture=neutral, PublicKeyToken=b03f5f7f11d50a3a" className="Nordstrom.Web.Test.UI.LoyaltyWeb.LoyaltyTenderNeutralMobileVerificationPageTests, Nordstrom.Web.Test.UI.LoyaltyWeb, Version=1.0.0.0, Culture=neutral, PublicKeyToken=null" name="SuccessAssociationPageModalPopupsValidation_AuthenticatedUserGetANewCodeModalContentValidation_GetANewCodeModalContentValidatedSuccessfully" />
    </UnitTest>
    <UnitTest name="TenderNeutralRewardsEnroll_EnrollingWebAuthenticatedUser_LoyaltyWebAccountCreatedSuccessfully" storage="c:\loyaltywebtest\web\test\ui\loyaltyweb\loyaltywebtest\loyaltywebtest\bin\debug\nordstrom.web.test.ui.loyaltyweb.dll" id="d4e6916d-b5c3-4e34-a42a-88ee7c6ccaa9">
      <Description>Verify the creation of a new loyalty web account for a N.com registered authenticated user</Description>
      <TestCategory>
        <TestCategoryItem TestCategory="LoyaltyTenderNeutral" />
        <TestCategoryItem TestCategory="Enroll" />
      </TestCategory>
      <DeploymentItems>
        <DeploymentItem filename="ExternalBinaries" outputDirectory=".\ExternalBinaries" />
        <DeploymentItem filename="TestData" outputDirectory=".\TestData" />
        <DeploymentItem filename="TestRunConfig" outputDirectory=".\TestRunConfig" />
      </DeploymentItems>
      <Execution id="7e7efd7d-7523-4202-b804-a4144c00c002" />
      <TestMethod codeBase="C:/LoyaltyWebTest/Web/Test/UI/LoyaltyWeb/LoyaltyWebTest/LoyaltyWebTest/bin/Debug/Nordstrom.Web.Test.UI.LoyaltyWeb.DLL" adapterTypeName="Microsoft.VisualStudio.TestTools.TestTypes.Unit.UnitTestAdapter, Microsoft.VisualStudio.QualityTools.Tips.UnitTest.Adapter, Version=12.0.0.0, Culture=neutral, PublicKeyToken=b03f5f7f11d50a3a" className="Nordstrom.Web.Test.UI.LoyaltyWeb.LoyaltyRegisterTests, Nordstrom.Web.Test.UI.LoyaltyWeb, Version=1.0.0.0, Culture=neutral, PublicKeyToken=null" name="TenderNeutralRewardsEnroll_EnrollingWebAuthenticatedUser_LoyaltyWebAccountCreatedSuccessfully" />
    </UnitTest>
    <UnitTest name="TenderNeutralRewardsEnroll_LoyaltyTNAuthenticatedUserSevenDigitsInCodeField_ThrowseError" storage="c:\loyaltywebtest\web\test\ui\loyaltyweb\loyaltywebtest\loyaltywebtest\bin\debug\nordstrom.web.test.ui.loyaltyweb.dll" id="5d94c71d-df20-d6cd-d92c-a694e0aa36bf">
      <Description>Verify that error message is displayed when a seven digit number is entered in mobile vrification code field</Description>
      <TestCategory>
        <TestCategoryItem TestCategory="LoyaltyTenderNeutral" />
        <TestCategoryItem TestCategory="MobileVerification" />
      </TestCategory>
      <DeploymentItems>
        <DeploymentItem filename="ExternalBinaries" outputDirectory=".\ExternalBinaries" />
        <DeploymentItem filename="TestData" outputDirectory=".\TestData" />
        <DeploymentItem filename="TestRunConfig" outputDirectory=".\TestRunConfig" />
      </DeploymentItems>
      <Execution id="f4ca0771-5461-472b-9b5b-8e098fbf7ea3" />
      <TestMethod codeBase="C:/LoyaltyWebTest/Web/Test/UI/LoyaltyWeb/LoyaltyWebTest/LoyaltyWebTest/bin/Debug/Nordstrom.Web.Test.UI.LoyaltyWeb.DLL" adapterTypeName="Microsoft.VisualStudio.TestTools.TestTypes.Unit.UnitTestAdapter, Microsoft.VisualStudio.QualityTools.Tips.UnitTest.Adapter, Version=12.0.0.0, Culture=neutral, PublicKeyToken=b03f5f7f11d50a3a" className="Nordstrom.Web.Test.UI.LoyaltyWeb.LoyaltyTenderNeutralMobileVerificationPageTests, Nordstrom.Web.Test.UI.LoyaltyWeb, Version=1.0.0.0, Culture=neutral, PublicKeyToken=null" name="TenderNeutralRewardsEnroll_LoyaltyTNAuthenticatedUserSevenDigitsInCodeField_ThrowseError" />
    </UnitTest>
    <UnitTest name="TenderNeutralRewardsEnroll_MarketingPreferenceForRecognizedUser_MarketingPreferenceNotDisplayed" storage="c:\loyaltywebtest\web\test\ui\loyaltyweb\loyaltywebtest\loyaltywebtest\bin\debug\nordstrom.web.test.ui.loyaltyweb.dll" id="01347002-569a-eb94-de92-c8249c2837bc">
      <Description>Verify that the marketing preference is not displayed on Loyalty register page for a recognized user</Description>
      <TestCategory>
        <TestCategoryItem TestCategory="LoyaltyTenderNeutral" />
        <TestCategoryItem TestCategory="Enroll" />
      </TestCategory>
      <DeploymentItems>
        <DeploymentItem filename="ExternalBinaries" outputDirectory=".\ExternalBinaries" />
        <DeploymentItem filename="TestData" outputDirectory=".\TestData" />
        <DeploymentItem filename="TestRunConfig" outputDirectory=".\TestRunConfig" />
      </DeploymentItems>
      <Execution id="224e1e76-2a64-40ee-91fa-27e5eb8e47d5" />
      <TestMethod codeBase="C:/LoyaltyWebTest/Web/Test/UI/LoyaltyWeb/LoyaltyWebTest/LoyaltyWebTest/bin/Debug/Nordstrom.Web.Test.UI.LoyaltyWeb.DLL" adapterTypeName="Microsoft.VisualStudio.TestTools.TestTypes.Unit.UnitTestAdapter, Microsoft.VisualStudio.QualityTools.Tips.UnitTest.Adapter, Version=12.0.0.0, Culture=neutral, PublicKeyToken=b03f5f7f11d50a3a" className="Nordstrom.Web.Test.UI.LoyaltyWeb.LoyaltyRegisterTests, Nordstrom.Web.Test.UI.LoyaltyWeb, Version=1.0.0.0, Culture=neutral, PublicKeyToken=null" name="TenderNeutralRewardsEnroll_MarketingPreferenceForRecognizedUser_MarketingPreferenceNotDisplayed" />
    </UnitTest>
    <UnitTest name="MobileVerificationPage_WhenEnrolledUserTypeExpiredCode_ShouldGetExpiredErrorMessage" storage="c:\loyaltywebtest\web\test\ui\loyaltyweb\loyaltywebtest\loyaltywebtest\bin\debug\nordstrom.web.test.ui.loyaltyweb.dll" id="49a974b3-ec64-d3af-0151-561a64779c12">
      <Description>One minute after valid code is passed, the user enters the code and get expired messages</Description>
      <TestCategory>
        <TestCategoryItem TestCategory="LoyaltyTenderNeutral" />
        <TestCategoryItem TestCategory="MobileVerification" />
      </TestCategory>
      <DeploymentItems>
        <DeploymentItem filename="ExternalBinaries" outputDirectory=".\ExternalBinaries" />
        <DeploymentItem filename="TestData" outputDirectory=".\TestData" />
        <DeploymentItem filename="TestRunConfig" outputDirectory=".\TestRunConfig" />
      </DeploymentItems>
      <Execution id="f7484d27-4be8-41d1-b076-54380f2fdeb2" />
      <TestMethod codeBase="C:/LoyaltyWebTest/Web/Test/UI/LoyaltyWeb/LoyaltyWebTest/LoyaltyWebTest/bin/Debug/Nordstrom.Web.Test.UI.LoyaltyWeb.DLL" adapterTypeName="Microsoft.VisualStudio.TestTools.TestTypes.Unit.UnitTestAdapter, Microsoft.VisualStudio.QualityTools.Tips.UnitTest.Adapter, Version=12.0.0.0, Culture=neutral, PublicKeyToken=b03f5f7f11d50a3a" className="Nordstrom.Web.Test.UI.LoyaltyWeb.LoyaltyTenderNeutralMobileVerificationPageTests, Nordstrom.Web.Test.UI.LoyaltyWeb, Version=1.0.0.0, Culture=neutral, PublicKeyToken=null" name="MobileVerificationPage_WhenEnrolledUserTypeExpiredCode_ShouldGetExpiredErrorMessage" />
    </UnitTest>
    <UnitTest name="TenderNeutralAssociation_WebAccountAssociationFromStoreCustomer_ShouldSucceed" storage="c:\loyaltywebtest\web\test\ui\loyaltyweb\loyaltywebtest\loyaltywebtest\bin\debug\nordstrom.web.test.ui.loyaltyweb.dll" id="0f205b7b-b7e4-d1b8-1e8c-26d1b4231555">
      <Description>Verify that when store enrolled user goes to Association page, he can type in his email and phone number and associate to web account.</Description>
      <TestCategory>
        <TestCategoryItem TestCategory="LoyaltyTenderNeutral" />
        <TestCategoryItem TestCategory="Association" />
      </TestCategory>
      <DeploymentItems>
        <DeploymentItem filename="ExternalBinaries" outputDirectory=".\ExternalBinaries" />
        <DeploymentItem filename="TestData" outputDirectory=".\TestData" />
        <DeploymentItem filename="TestRunConfig" outputDirectory=".\TestRunConfig" />
      </DeploymentItems>
      <Execution id="aa7c69ba-247f-49cd-a689-6a1dd4245df2" />
      <TestMethod codeBase="C:/LoyaltyWebTest/Web/Test/UI/LoyaltyWeb/LoyaltyWebTest/LoyaltyWebTest/bin/Debug/Nordstrom.Web.Test.UI.LoyaltyWeb.DLL" adapterTypeName="Microsoft.VisualStudio.TestTools.TestTypes.Unit.UnitTestAdapter, Microsoft.VisualStudio.QualityTools.Tips.UnitTest.Adapter, Version=12.0.0.0, Culture=neutral, PublicKeyToken=b03f5f7f11d50a3a" className="Nordstrom.Web.Test.UI.LoyaltyWeb.LoyaltyAssociationTests, Nordstrom.Web.Test.UI.LoyaltyWeb, Version=1.0.0.0, Culture=neutral, PublicKeyToken=null" name="TenderNeutralAssociation_WebAccountAssociationFromStoreCustomer_ShouldSucceed" />
    </UnitTest>
    <UnitTest name="SuccessAssociationPageModalPopupsValidation_AuthenticatedUserDidntGetACodeModalContentValidation_DidntGetACodeModalContentValidatedSuccessfully" storage="c:\loyaltywebtest\web\test\ui\loyaltyweb\loyaltywebtest\loyaltywebtest\bin\debug\nordstrom.web.test.ui.loyaltyweb.dll" id="d0950b0b-ed3c-7fe5-5ab1-a2a80aa43ac2">
      <Description>Didn't Get A Code Modal Popup Content Validation for Association mobile verification modal</Description>
      <TestCategory>
        <TestCategoryItem TestCategory="LoyaltyTenderNeutral" />
        <TestCategoryItem TestCategory="MobileVerification" />
      </TestCategory>
      <DeploymentItems>
        <DeploymentItem filename="ExternalBinaries" outputDirectory=".\ExternalBinaries" />
        <DeploymentItem filename="TestData" outputDirectory=".\TestData" />
        <DeploymentItem filename="TestRunConfig" outputDirectory=".\TestRunConfig" />
      </DeploymentItems>
      <Execution id="60938ad6-1ee5-4726-b1bc-220f02dc7413" />
      <TestMethod codeBase="C:/LoyaltyWebTest/Web/Test/UI/LoyaltyWeb/LoyaltyWebTest/LoyaltyWebTest/bin/Debug/Nordstrom.Web.Test.UI.LoyaltyWeb.DLL" adapterTypeName="Microsoft.VisualStudio.TestTools.TestTypes.Unit.UnitTestAdapter, Microsoft.VisualStudio.QualityTools.Tips.UnitTest.Adapter, Version=12.0.0.0, Culture=neutral, PublicKeyToken=b03f5f7f11d50a3a" className="Nordstrom.Web.Test.UI.LoyaltyWeb.LoyaltyTenderNeutralMobileVerificationPageTests, Nordstrom.Web.Test.UI.LoyaltyWeb, Version=1.0.0.0, Culture=neutral, PublicKeyToken=null" name="SuccessAssociationPageModalPopupsValidation_AuthenticatedUserDidntGetACodeModalContentValidation_DidntGetACodeModalContentValidatedSuccessfully" />
    </UnitTest>
    <UnitTest name="TenderNeutralAssociation_WebAssociatedEnrollMemberTryToAssociateAgain_ShouldGetRightMessage" storage="c:\loyaltywebtest\web\test\ui\loyaltyweb\loyaltywebtest\loyaltywebtest\bin\debug\nordstrom.web.test.ui.loyaltyweb.dll" id="f7d013bf-844c-5140-5447-28322266c549">
      <Description>When existing web associated guest memeber wants to associate again and he got the error message</Description>
      <TestCategory>
        <TestCategoryItem TestCategory="LoyaltyTenderNeutral" />
        <TestCategoryItem TestCategory="Association" />
      </TestCategory>
      <DeploymentItems>
        <DeploymentItem filename="ExternalBinaries" outputDirectory=".\ExternalBinaries" />
        <DeploymentItem filename="TestData" outputDirectory=".\TestData" />
        <DeploymentItem filename="TestRunConfig" outputDirectory=".\TestRunConfig" />
      </DeploymentItems>
      <Execution id="83cdd17d-117b-430d-83d4-52be0b38d9a0" />
      <TestMethod codeBase="C:/LoyaltyWebTest/Web/Test/UI/LoyaltyWeb/LoyaltyWebTest/LoyaltyWebTest/bin/Debug/Nordstrom.Web.Test.UI.LoyaltyWeb.DLL" adapterTypeName="Microsoft.VisualStudio.TestTools.TestTypes.Unit.UnitTestAdapter, Microsoft.VisualStudio.QualityTools.Tips.UnitTest.Adapter, Version=12.0.0.0, Culture=neutral, PublicKeyToken=b03f5f7f11d50a3a" className="Nordstrom.Web.Test.UI.LoyaltyWeb.LoyaltyAssociationTests, Nordstrom.Web.Test.UI.LoyaltyWeb, Version=1.0.0.0, Culture=neutral, PublicKeyToken=null" name="TenderNeutralAssociation_WebAssociatedEnrollMemberTryToAssociateAgain_ShouldGetRightMessage" />
    </UnitTest>
    <UnitTest name="TenderNeutralRewardsEnroll_MultipleUserScenariosBasic_EnrollShouldBeSucceedInTheEnd" storage="c:\loyaltywebtest\web\test\ui\loyaltyweb\loyaltywebtest\loyaltywebtest\bin\debug\nordstrom.web.test.ui.loyaltyweb.dll" id="62c23b49-01d5-ec14-64fa-60b14f5b3266">
      <Description>A end to end user scenarios test</Description>
      <TestCategory>
        <TestCategoryItem TestCategory="Enroll" />
        <TestCategoryItem TestCategory="LoyaltyTenderNeutral" />
      </TestCategory>
      <DeploymentItems>
        <DeploymentItem filename="ExternalBinaries" outputDirectory=".\ExternalBinaries" />
        <DeploymentItem filename="TestData" outputDirectory=".\TestData" />
        <DeploymentItem filename="TestRunConfig" outputDirectory=".\TestRunConfig" />
      </DeploymentItems>
      <Execution id="958aee2f-6caa-4e54-8777-b77d80e6f6e8" />
      <TestMethod codeBase="C:/LoyaltyWebTest/Web/Test/UI/LoyaltyWeb/LoyaltyWebTest/LoyaltyWebTest/bin/Debug/Nordstrom.Web.Test.UI.LoyaltyWeb.DLL" adapterTypeName="Microsoft.VisualStudio.TestTools.TestTypes.Unit.UnitTestAdapter, Microsoft.VisualStudio.QualityTools.Tips.UnitTest.Adapter, Version=12.0.0.0, Culture=neutral, PublicKeyToken=b03f5f7f11d50a3a" className="Nordstrom.Web.Test.UI.LoyaltyWeb.LoyaltyRegisterTests, Nordstrom.Web.Test.UI.LoyaltyWeb, Version=1.0.0.0, Culture=neutral, PublicKeyToken=null" name="TenderNeutralRewardsEnroll_MultipleUserScenariosBasic_EnrollShouldBeSucceedInTheEnd" />
    </UnitTest>
    <UnitTest name="LoyaltyWelcomePage_WhenTypeRightURL_ShouldRenderWelcomePage" storage="c:\loyaltywebtest\web\test\ui\loyaltyweb\loyaltywebtest\loyaltywebtest\bin\debug\nordstrom.web.test.ui.loyaltyweb.dll" id="e3a562d7-b300-5f52-06c2-7be31e66bd96">
      <Description>Authenticated User should remain authenticated when goes to Welcome page</Description>
      <TestCategory>
        <TestCategoryItem TestCategory="Welcome" />
        <TestCategoryItem TestCategory="LoyaltyTenderNeutral" />
      </TestCategory>
      <DeploymentItems>
        <DeploymentItem filename="ExternalBinaries" outputDirectory=".\ExternalBinaries" />
        <DeploymentItem filename="TestData" outputDirectory=".\TestData" />
        <DeploymentItem filename="TestRunConfig" outputDirectory=".\TestRunConfig" />
      </DeploymentItems>
      <Execution id="855f8ae7-f03b-4d52-bcd1-9bbfc419ccb3" />
      <TestMethod codeBase="C:/LoyaltyWebTest/Web/Test/UI/LoyaltyWeb/LoyaltyWebTest/LoyaltyWebTest/bin/Debug/Nordstrom.Web.Test.UI.LoyaltyWeb.DLL" adapterTypeName="Microsoft.VisualStudio.TestTools.TestTypes.Unit.UnitTestAdapter, Microsoft.VisualStudio.QualityTools.Tips.UnitTest.Adapter, Version=12.0.0.0, Culture=neutral, PublicKeyToken=b03f5f7f11d50a3a" className="Nordstrom.Web.Test.UI.LoyaltyWeb.LoyaltyWelcomeTests, Nordstrom.Web.Test.UI.LoyaltyWeb, Version=1.0.0.0, Culture=neutral, PublicKeyToken=null" name="LoyaltyWelcomePage_WhenTypeRightURL_ShouldRenderWelcomePage" />
    </UnitTest>
    <UnitTest name="TenderNeutralRewardsRegister_GuestUserEnrollWithExistingPhoneAndEmailinEnrollProgram_ShouldFailInEnroll" storage="c:\loyaltywebtest\web\test\ui\loyaltyweb\loyaltywebtest\loyaltywebtest\bin\debug\nordstrom.web.test.ui.loyaltyweb.dll" id="16b9e740-57f9-b3e8-d3d8-86b65bd85034">
      <Description>Guest user enrolling with existing enroll email and phone would fail</Description>
      <TestCategory>
        <TestCategoryItem TestCategory="LoyaltyTenderNeutral" />
        <TestCategoryItem TestCategory="Enroll" />
      </TestCategory>
      <DeploymentItems>
        <DeploymentItem filename="ExternalBinaries" outputDirectory=".\ExternalBinaries" />
        <DeploymentItem filename="TestData" outputDirectory=".\TestData" />
        <DeploymentItem filename="TestRunConfig" outputDirectory=".\TestRunConfig" />
      </DeploymentItems>
      <Execution id="4e011f68-ef6a-495d-8650-a524fffeb826" />
      <TestMethod codeBase="C:/LoyaltyWebTest/Web/Test/UI/LoyaltyWeb/LoyaltyWebTest/LoyaltyWebTest/bin/Debug/Nordstrom.Web.Test.UI.LoyaltyWeb.DLL" adapterTypeName="Microsoft.VisualStudio.TestTools.TestTypes.Unit.UnitTestAdapter, Microsoft.VisualStudio.QualityTools.Tips.UnitTest.Adapter, Version=12.0.0.0, Culture=neutral, PublicKeyToken=b03f5f7f11d50a3a" className="Nordstrom.Web.Test.UI.LoyaltyWeb.LoyaltyRegisterTests, Nordstrom.Web.Test.UI.LoyaltyWeb, Version=1.0.0.0, Culture=neutral, PublicKeyToken=null" name="TenderNeutralRewardsRegister_GuestUserEnrollWithExistingPhoneAndEmailinEnrollProgram_ShouldFailInEnroll" />
    </UnitTest>
    <UnitTest name="LoyaltyLearnPage_ClickGiveUsFeedbackLink_NavigatesToRelevantPageSuccessfully" storage="c:\loyaltywebtest\web\test\ui\loyaltyweb\loyaltywebtest\loyaltywebtest\bin\debug\nordstrom.web.test.ui.loyaltyweb.dll" id="79b567e2-f99e-8fc8-39fc-28d1643a0d21">
      <Description>To verify Give us feedback link on Learn Page is navigated to the relevant page successfully</Description>
      <TestCategory>
        <TestCategoryItem TestCategory="LoyaltyTenderNeutral" />
        <TestCategoryItem TestCategory="Learn" />
      </TestCategory>
      <DeploymentItems>
        <DeploymentItem filename="ExternalBinaries" outputDirectory=".\ExternalBinaries" />
        <DeploymentItem filename="TestData" outputDirectory=".\TestData" />
        <DeploymentItem filename="TestRunConfig" outputDirectory=".\TestRunConfig" />
      </DeploymentItems>
      <Execution id="4fcc1084-23be-4305-bc6f-b76c7effb802" />
      <TestMethod codeBase="C:/LoyaltyWebTest/Web/Test/UI/LoyaltyWeb/LoyaltyWebTest/LoyaltyWebTest/bin/Debug/Nordstrom.Web.Test.UI.LoyaltyWeb.DLL" adapterTypeName="Microsoft.VisualStudio.TestTools.TestTypes.Unit.UnitTestAdapter, Microsoft.VisualStudio.QualityTools.Tips.UnitTest.Adapter, Version=12.0.0.0, Culture=neutral, PublicKeyToken=b03f5f7f11d50a3a" className="Nordstrom.Web.Test.UI.LoyaltyWeb.LoyaltyLearnTests, Nordstrom.Web.Test.UI.LoyaltyWeb, Version=1.0.0.0, Culture=neutral, PublicKeyToken=null" name="LoyaltyLearnPage_ClickGiveUsFeedbackLink_NavigatesToRelevantPageSuccessfully" />
    </UnitTest>
    <UnitTest name="TenderNeutralRewardsEnroll_LoyaltyTenderNeutralUnrecognisedUserLeaveLastNameFieldBlank_ErrorMessageDisplayedSuccessfully" storage="c:\loyaltywebtest\web\test\ui\loyaltyweb\loyaltywebtest\loyaltywebtest\bin\debug\nordstrom.web.test.ui.loyaltyweb.dll" id="cf957190-74f0-1644-0567-383976a0bbbf">
      <Description>Verify that error message appear for last name field when it is left blank for unrecognised user</Description>
      <TestCategory>
        <TestCategoryItem TestCategory="Enroll" />
        <TestCategoryItem TestCategory="LoyaltyTenderNeutral" />
      </TestCategory>
      <DeploymentItems>
        <DeploymentItem filename="ExternalBinaries" outputDirectory=".\ExternalBinaries" />
        <DeploymentItem filename="TestData" outputDirectory=".\TestData" />
        <DeploymentItem filename="TestRunConfig" outputDirectory=".\TestRunConfig" />
      </DeploymentItems>
      <Execution id="dbe4218e-7025-4710-9cbd-7553ca0a8775" />
      <TestMethod codeBase="C:/LoyaltyWebTest/Web/Test/UI/LoyaltyWeb/LoyaltyWebTest/LoyaltyWebTest/bin/Debug/Nordstrom.Web.Test.UI.LoyaltyWeb.DLL" adapterTypeName="Microsoft.VisualStudio.TestTools.TestTypes.Unit.UnitTestAdapter, Microsoft.VisualStudio.QualityTools.Tips.UnitTest.Adapter, Version=12.0.0.0, Culture=neutral, PublicKeyToken=b03f5f7f11d50a3a" className="Nordstrom.Web.Test.UI.LoyaltyWeb.LoyaltyRegisterTests, Nordstrom.Web.Test.UI.LoyaltyWeb, Version=1.0.0.0, Culture=neutral, PublicKeyToken=null" name="TenderNeutralRewardsEnroll_LoyaltyTenderNeutralUnrecognisedUserLeaveLastNameFieldBlank_ErrorMessageDisplayedSuccessfully" />
    </UnitTest>
    <UnitTest name="TenderNeutralAssociation_EnrolledCustomerComesToAssociationPageUsingDifferentPhoneNumber_ShouldGetErrorMessage" storage="c:\loyaltywebtest\web\test\ui\loyaltyweb\loyaltywebtest\loyaltywebtest\bin\debug\nordstrom.web.test.ui.loyaltyweb.dll" id="ddc0ef36-7f91-531c-b15e-3ce594d4effc">
      <Description>Customer enrolled in store. As he types wrong phone, he got right error message.</Description>
      <TestCategory>
        <TestCategoryItem TestCategory="LoyaltyTenderNeutral" />
        <TestCategoryItem TestCategory="Association" />
      </TestCategory>
      <DeploymentItems>
        <DeploymentItem filename="ExternalBinaries" outputDirectory=".\ExternalBinaries" />
        <DeploymentItem filename="TestData" outputDirectory=".\TestData" />
        <DeploymentItem filename="TestRunConfig" outputDirectory=".\TestRunConfig" />
      </DeploymentItems>
      <Execution id="43d340aa-51d4-4cdd-9c4e-8025f2344912" />
      <TestMethod codeBase="C:/LoyaltyWebTest/Web/Test/UI/LoyaltyWeb/LoyaltyWebTest/LoyaltyWebTest/bin/Debug/Nordstrom.Web.Test.UI.LoyaltyWeb.DLL" adapterTypeName="Microsoft.VisualStudio.TestTools.TestTypes.Unit.UnitTestAdapter, Microsoft.VisualStudio.QualityTools.Tips.UnitTest.Adapter, Version=12.0.0.0, Culture=neutral, PublicKeyToken=b03f5f7f11d50a3a" className="Nordstrom.Web.Test.UI.LoyaltyWeb.LoyaltyAssociationTests, Nordstrom.Web.Test.UI.LoyaltyWeb, Version=1.0.0.0, Culture=neutral, PublicKeyToken=null" name="TenderNeutralAssociation_EnrolledCustomerComesToAssociationPageUsingDifferentPhoneNumber_ShouldGetErrorMessage" />
    </UnitTest>
    <UnitTest name="TenderNeutralRewardsRegister_RecognizedUserEnrollWithWrongPassword_ShouldFailInEnroll" storage="c:\loyaltywebtest\web\test\ui\loyaltyweb\loyaltywebtest\loyaltywebtest\bin\debug\nordstrom.web.test.ui.loyaltyweb.dll" id="3436681d-5283-dca4-7aad-db3743bc4bf6">
      <Description>Recognized user enrolling with wrong password would not succeed in enrollment.</Description>
      <TestCategory>
        <TestCategoryItem TestCategory="LoyaltyTenderNeutral" />
        <TestCategoryItem TestCategory="Enroll" />
      </TestCategory>
      <DeploymentItems>
        <DeploymentItem filename="ExternalBinaries" outputDirectory=".\ExternalBinaries" />
        <DeploymentItem filename="TestData" outputDirectory=".\TestData" />
        <DeploymentItem filename="TestRunConfig" outputDirectory=".\TestRunConfig" />
      </DeploymentItems>
      <Execution id="115f149b-ab98-4983-9631-2c88182cd632" />
      <TestMethod codeBase="C:/LoyaltyWebTest/Web/Test/UI/LoyaltyWeb/LoyaltyWebTest/LoyaltyWebTest/bin/Debug/Nordstrom.Web.Test.UI.LoyaltyWeb.DLL" adapterTypeName="Microsoft.VisualStudio.TestTools.TestTypes.Unit.UnitTestAdapter, Microsoft.VisualStudio.QualityTools.Tips.UnitTest.Adapter, Version=12.0.0.0, Culture=neutral, PublicKeyToken=b03f5f7f11d50a3a" className="Nordstrom.Web.Test.UI.LoyaltyWeb.LoyaltyRegisterTests, Nordstrom.Web.Test.UI.LoyaltyWeb, Version=1.0.0.0, Culture=neutral, PublicKeyToken=null" name="TenderNeutralRewardsRegister_RecognizedUserEnrollWithWrongPassword_ShouldFailInEnroll" />
    </UnitTest>
    <UnitTest name="SuccessAssociationPageModalPopupsValidation_GuestUserGetANewCodePhoneNumberValidation_PhoneNumberToAssociateValidatedSuccessfully" storage="c:\loyaltywebtest\web\test\ui\loyaltyweb\loyaltywebtest\loyaltywebtest\bin\debug\nordstrom.web.test.ui.loyaltyweb.dll" id="70b5096a-4d76-50d1-927f-d842acd0d8ad">
      <Description>Verify that the phone number used to associate is displayed in the Get a new code pop in success mobile verification page</Description>
      <TestCategory>
        <TestCategoryItem TestCategory="LoyaltyTenderNeutral" />
        <TestCategoryItem TestCategory="MobileVerification" />
      </TestCategory>
      <DeploymentItems>
        <DeploymentItem filename="ExternalBinaries" outputDirectory=".\ExternalBinaries" />
        <DeploymentItem filename="TestData" outputDirectory=".\TestData" />
        <DeploymentItem filename="TestRunConfig" outputDirectory=".\TestRunConfig" />
      </DeploymentItems>
      <Execution id="4d408536-1646-4eb6-8ecd-391c3c9b7913" />
      <TestMethod codeBase="C:/LoyaltyWebTest/Web/Test/UI/LoyaltyWeb/LoyaltyWebTest/LoyaltyWebTest/bin/Debug/Nordstrom.Web.Test.UI.LoyaltyWeb.DLL" adapterTypeName="Microsoft.VisualStudio.TestTools.TestTypes.Unit.UnitTestAdapter, Microsoft.VisualStudio.QualityTools.Tips.UnitTest.Adapter, Version=12.0.0.0, Culture=neutral, PublicKeyToken=b03f5f7f11d50a3a" className="Nordstrom.Web.Test.UI.LoyaltyWeb.LoyaltyTenderNeutralMobileVerificationPageTests, Nordstrom.Web.Test.UI.LoyaltyWeb, Version=1.0.0.0, Culture=neutral, PublicKeyToken=null" name="SuccessAssociationPageModalPopupsValidation_GuestUserGetANewCodePhoneNumberValidation_PhoneNumberToAssociateValidatedSuccessfully" />
    </UnitTest>
    <UnitTest name="TenderNeutralAssociation_AuthenticatedUser_ConfirmationForNordAccountAndRewardsMembershipSuccessfullyLinked" storage="c:\loyaltywebtest\web\test\ui\loyaltyweb\loyaltywebtest\loyaltywebtest\bin\debug\nordstrom.web.test.ui.loyaltyweb.dll" id="56bc2a30-7431-366f-3cd8-0390dd04c1b6">
      <Description>Authenticated user gets confirmation after successful web association</Description>
      <TestCategory>
        <TestCategoryItem TestCategory="LoyaltyTenderNeutral" />
        <TestCategoryItem TestCategory="Association" />
      </TestCategory>
      <DeploymentItems>
        <DeploymentItem filename="ExternalBinaries" outputDirectory=".\ExternalBinaries" />
        <DeploymentItem filename="TestData" outputDirectory=".\TestData" />
        <DeploymentItem filename="TestRunConfig" outputDirectory=".\TestRunConfig" />
      </DeploymentItems>
      <Execution id="e4e79de4-991d-464e-b613-b373b83b0f9a" />
      <TestMethod codeBase="C:/LoyaltyWebTest/Web/Test/UI/LoyaltyWeb/LoyaltyWebTest/LoyaltyWebTest/bin/Debug/Nordstrom.Web.Test.UI.LoyaltyWeb.DLL" adapterTypeName="Microsoft.VisualStudio.TestTools.TestTypes.Unit.UnitTestAdapter, Microsoft.VisualStudio.QualityTools.Tips.UnitTest.Adapter, Version=12.0.0.0, Culture=neutral, PublicKeyToken=b03f5f7f11d50a3a" className="Nordstrom.Web.Test.UI.LoyaltyWeb.LoyaltyAssociationTests, Nordstrom.Web.Test.UI.LoyaltyWeb, Version=1.0.0.0, Culture=neutral, PublicKeyToken=null" name="TenderNeutralAssociation_AuthenticatedUser_ConfirmationForNordAccountAndRewardsMembershipSuccessfullyLinked" />
    </UnitTest>
    <UnitTest name="LoyaltyLearnPage_ClickSignInLink_NavigatesToSignInPageSuccessfully" storage="c:\loyaltywebtest\web\test\ui\loyaltyweb\loyaltywebtest\loyaltywebtest\bin\debug\nordstrom.web.test.ui.loyaltyweb.dll" id="e8313b37-cad0-8bea-af01-abb87214c79f">
      <Description>To verify SignIn link on Learn Page is navigated to the relevant page successfully</Description>
      <TestCategory>
        <TestCategoryItem TestCategory="LoyaltyTenderNeutral" />
        <TestCategoryItem TestCategory="Learn" />
      </TestCategory>
      <DeploymentItems>
        <DeploymentItem filename="ExternalBinaries" outputDirectory=".\ExternalBinaries" />
        <DeploymentItem filename="TestData" outputDirectory=".\TestData" />
        <DeploymentItem filename="TestRunConfig" outputDirectory=".\TestRunConfig" />
      </DeploymentItems>
      <Execution id="47613db8-a664-4508-a427-eb6fe088cbb1" />
      <TestMethod codeBase="C:/LoyaltyWebTest/Web/Test/UI/LoyaltyWeb/LoyaltyWebTest/LoyaltyWebTest/bin/Debug/Nordstrom.Web.Test.UI.LoyaltyWeb.DLL" adapterTypeName="Microsoft.VisualStudio.TestTools.TestTypes.Unit.UnitTestAdapter, Microsoft.VisualStudio.QualityTools.Tips.UnitTest.Adapter, Version=12.0.0.0, Culture=neutral, PublicKeyToken=b03f5f7f11d50a3a" className="Nordstrom.Web.Test.UI.LoyaltyWeb.LoyaltyLearnTests, Nordstrom.Web.Test.UI.LoyaltyWeb, Version=1.0.0.0, Culture=neutral, PublicKeyToken=null" name="LoyaltyLearnPage_ClickSignInLink_NavigatesToSignInPageSuccessfully" />
    </UnitTest>
    <UnitTest name="TenderNeutralRewardsEnroll_LoyaltyTNAuthenticatedUserAlphanumericCharacterInCodeField_ThrowseError" storage="c:\loyaltywebtest\web\test\ui\loyaltyweb\loyaltywebtest\loyaltywebtest\bin\debug\nordstrom.web.test.ui.loyaltyweb.dll" id="a7a8df94-1db0-153a-c800-e2df07e46ab8">
      <Description>Verify that error message is displayed when alphanumeric characters are entered in mobile vrification code field</Description>
      <TestCategory>
        <TestCategoryItem TestCategory="LoyaltyTenderNeutral" />
        <TestCategoryItem TestCategory="MobileVerification" />
      </TestCategory>
      <DeploymentItems>
        <DeploymentItem filename="ExternalBinaries" outputDirectory=".\ExternalBinaries" />
        <DeploymentItem filename="TestData" outputDirectory=".\TestData" />
        <DeploymentItem filename="TestRunConfig" outputDirectory=".\TestRunConfig" />
      </DeploymentItems>
      <Execution id="f763446a-9751-40cc-8fc5-0055e40fa8cd" />
      <TestMethod codeBase="C:/LoyaltyWebTest/Web/Test/UI/LoyaltyWeb/LoyaltyWebTest/LoyaltyWebTest/bin/Debug/Nordstrom.Web.Test.UI.LoyaltyWeb.DLL" adapterTypeName="Microsoft.VisualStudio.TestTools.TestTypes.Unit.UnitTestAdapter, Microsoft.VisualStudio.QualityTools.Tips.UnitTest.Adapter, Version=12.0.0.0, Culture=neutral, PublicKeyToken=b03f5f7f11d50a3a" className="Nordstrom.Web.Test.UI.LoyaltyWeb.LoyaltyTenderNeutralMobileVerificationPageTests, Nordstrom.Web.Test.UI.LoyaltyWeb, Version=1.0.0.0, Culture=neutral, PublicKeyToken=null" name="TenderNeutralRewardsEnroll_LoyaltyTNAuthenticatedUserAlphanumericCharacterInCodeField_ThrowseError" />
    </UnitTest>
    <UnitTest name="TenderNeutralRewardsEnroll_EnrollingRecognizedUser_ShouldPassInEnroll" storage="c:\loyaltywebtest\web\test\ui\loyaltyweb\loyaltywebtest\loyaltywebtest\bin\debug\nordstrom.web.test.ui.loyaltyweb.dll" id="1162438d-489e-5b8c-425b-42278f400ae0">
      <Description>Verify the creation of a new loyalty web account for a N.com recognized user</Description>
      <TestCategory>
        <TestCategoryItem TestCategory="Enroll" />
        <TestCategoryItem TestCategory="LoyaltyTenderNeutral" />
      </TestCategory>
      <DeploymentItems>
        <DeploymentItem filename="ExternalBinaries" outputDirectory=".\ExternalBinaries" />
        <DeploymentItem filename="TestData" outputDirectory=".\TestData" />
        <DeploymentItem filename="TestRunConfig" outputDirectory=".\TestRunConfig" />
      </DeploymentItems>
      <Execution id="8b7c11d4-87e7-470f-9795-4566c1a68bd2" />
      <TestMethod codeBase="C:/LoyaltyWebTest/Web/Test/UI/LoyaltyWeb/LoyaltyWebTest/LoyaltyWebTest/bin/Debug/Nordstrom.Web.Test.UI.LoyaltyWeb.DLL" adapterTypeName="Microsoft.VisualStudio.TestTools.TestTypes.Unit.UnitTestAdapter, Microsoft.VisualStudio.QualityTools.Tips.UnitTest.Adapter, Version=12.0.0.0, Culture=neutral, PublicKeyToken=b03f5f7f11d50a3a" className="Nordstrom.Web.Test.UI.LoyaltyWeb.LoyaltyRegisterTests, Nordstrom.Web.Test.UI.LoyaltyWeb, Version=1.0.0.0, Culture=neutral, PublicKeyToken=null" name="TenderNeutralRewardsEnroll_EnrollingRecognizedUser_ShouldPassInEnroll" />
    </UnitTest>
    <UnitTest name="TenderNeutralRewardsEnroll_LoyaltyTenderNeutralUnrecognisedUserLeaveFieldsBlank_ErrorMessageDisplayedSuccessfully" storage="c:\loyaltywebtest\web\test\ui\loyaltyweb\loyaltywebtest\loyaltywebtest\bin\debug\nordstrom.web.test.ui.loyaltyweb.dll" id="12446332-be04-0a8f-d8db-23e5eb680c27">
      <Description>Verify that error messages appear for all required fields when Join button is clicked leaving all fields blank for an unrecognised user</Description>
      <TestCategory>
        <TestCategoryItem TestCategory="LoyaltyTenderNeutral" />
        <TestCategoryItem TestCategory="Enroll" />
      </TestCategory>
      <DeploymentItems>
        <DeploymentItem filename="ExternalBinaries" outputDirectory=".\ExternalBinaries" />
        <DeploymentItem filename="TestData" outputDirectory=".\TestData" />
        <DeploymentItem filename="TestRunConfig" outputDirectory=".\TestRunConfig" />
      </DeploymentItems>
      <Execution id="e093c8aa-a7bf-4b06-b0a9-7ace0acf4a4d" />
      <TestMethod codeBase="C:/LoyaltyWebTest/Web/Test/UI/LoyaltyWeb/LoyaltyWebTest/LoyaltyWebTest/bin/Debug/Nordstrom.Web.Test.UI.LoyaltyWeb.DLL" adapterTypeName="Microsoft.VisualStudio.TestTools.TestTypes.Unit.UnitTestAdapter, Microsoft.VisualStudio.QualityTools.Tips.UnitTest.Adapter, Version=12.0.0.0, Culture=neutral, PublicKeyToken=b03f5f7f11d50a3a" className="Nordstrom.Web.Test.UI.LoyaltyWeb.LoyaltyRegisterTests, Nordstrom.Web.Test.UI.LoyaltyWeb, Version=1.0.0.0, Culture=neutral, PublicKeyToken=null" name="TenderNeutralRewardsEnroll_LoyaltyTenderNeutralUnrecognisedUserLeaveFieldsBlank_ErrorMessageDisplayedSuccessfully" />
    </UnitTest>
    <UnitTest name="TenderNeutralEarn_AuthenticatedUserNotLinkedNordAccountAndTNNumber_ClickingOnEarnPointsLinkOpenedupTheModuleSuccessfully" storage="c:\loyaltywebtest\web\test\ui\loyaltyweb\loyaltywebtest\loyaltywebtest\bin\debug\nordstrom.web.test.ui.loyaltyweb.dll" id="0fb17184-6c18-b606-f6a7-af0c56cff16d">
      <Description>Verify that by clicking on 'earn points with your Rewards number' link, opens up the module with two radio buttons</Description>
      <TestCategory>
        <TestCategoryItem TestCategory="LoyaltyTenderNeutral" />
        <TestCategoryItem TestCategory="Earn" />
      </TestCategory>
      <DeploymentItems>
        <DeploymentItem filename="ExternalBinaries" outputDirectory=".\ExternalBinaries" />
        <DeploymentItem filename="TestData" outputDirectory=".\TestData" />
        <DeploymentItem filename="TestRunConfig" outputDirectory=".\TestRunConfig" />
      </DeploymentItems>
      <Execution id="67f268be-8d0c-465d-a775-b1163e7b307d" />
      <TestMethod codeBase="C:/LoyaltyWebTest/Web/Test/UI/LoyaltyWeb/LoyaltyWebTest/LoyaltyWebTest/bin/Debug/Nordstrom.Web.Test.UI.LoyaltyWeb.DLL" adapterTypeName="Microsoft.VisualStudio.TestTools.TestTypes.Unit.UnitTestAdapter, Microsoft.VisualStudio.QualityTools.Tips.UnitTest.Adapter, Version=12.0.0.0, Culture=neutral, PublicKeyToken=b03f5f7f11d50a3a" className="Nordstrom.Web.Test.UI.LoyaltyWeb.LoyaltyEarnTests, Nordstrom.Web.Test.UI.LoyaltyWeb, Version=1.0.0.0, Culture=neutral, PublicKeyToken=null" name="TenderNeutralEarn_AuthenticatedUserNotLinkedNordAccountAndTNNumber_ClickingOnEarnPointsLinkOpenedupTheModuleSuccessfully" />
    </UnitTest>
    <UnitTest name="MobileVerificationPage_WhenEnrolledUserTypeValidDigitCode_ShouldLaunchWelcomePage" storage="c:\loyaltywebtest\web\test\ui\loyaltyweb\loyaltywebtest\loyaltywebtest\bin\debug\nordstrom.web.test.ui.loyaltyweb.dll" id="0292a43c-fff5-8a73-f216-496011be59f2">
      <Description>Enrolled User should redirect to welcome page after typing valid 6 digit code</Description>
      <TestCategory>
[...]
      <Output>
        <DebugTrace>Page loaded succesfully with URL = https://tsecure.dev.nordstrom.com/signIn.aspx
Page loaded succesfully with URL = https://tsecure.dev.nordstrom.com/signIn.aspx
Page loaded succesfully with URL = https://tsecure.dev.nordstrom.com/signIn.aspx
Page loaded succesfully with URL = https://tsecure.dev.nordstrom.com/signIn.aspx
Timed out waiting for element to be visible with locator: By.CssSelector: #ctl00_backgroundOverlay
WaitForElementToDisappear: Given Locator did not appear after 10 seconds - but ok - locator id: By.CssSelector: #ctl00_backgroundOverlay
Timed out waiting for element to be visible with locator: By.LinkText: Sign Out
VerifyCreatedAccount: some kind of client Error is visible
CreateNordAccount: Exception occured when creating new account: exception = 'Assert.IsTrue failed. Verify a new account has been created successfully'
Page loaded succesfully with URL = https://tsecure.dev.nordstrom.com/Rewards/join.aspx
Timed out waiting for element to be visible with locator: By.Id: ctl00_backgroundOverlayProgress
Page loaded succesfully with URL = https://tsecure.dev.nordstrom.com/Rewards/join.aspx
Page loaded succesfully with URL = https://tsecure.dev.nordstrom.com/Rewards/join.aspx
Timed out waiting for element to be visible with locator: By.Id: ctl00_mainContentPlaceHolder_btnVerify
</DebugTrace>
        <ErrorInfo>
          <Message>Assert.IsTrue failed. Navigation to mobile verification page after clicking on Join button on Loyalty Register page is not successful</Message>
          <StackTrace>   at Nordstrom.Web.Test.UI.LoyaltyWeb.LoyaltyTenderNeutralMobileVerificationPageTests.TenderNeutralRewardsEnroll_LoyaltyTNAuthenticatedUserSpecialCharacterinCodeField_ThrowseError() in c:\LoyaltyWebTest\Web\Test\UI\LoyaltyWeb\LoyaltyWebTest\LoyaltyWebTest\LoyaltyTenderNeutralMobileVerificationPageTests.cs:line 162
</StackTrace>
        </ErrorInfo>
      </Output>
    </UnitTestResult>
    <UnitTestResult executionId="6d789d71-edc4-4d9a-8c39-03d8b3ecf669" testId="f2fbd149-e2af-5637-9417-20622b33fae0" testName="LoyaltyWelcomePage_BonusPointEventsLink_ShouldHaveValidURL" computerName="MW00977477" duration="00:00:45.0138636" startTime="2015-12-27T17:10:59.5097386-08:00" endTime="2015-12-27T17:11:44.5292401-08:00" testType="13cdc9d9-ddb5-4fa4-a97d-d965ccfc6d4b" outcome="Passed" testListId="8c84fa94-04c1-424b-9868-57a2d4851a1d" relativeResultsDirectory="6d789d71-edc4-4d9a-8c39-03d8b3ecf669">
      <Output>
        <DebugTrace>Page loaded succesfully with URL = https://tsecure.dev.nordstrom.com/signIn.aspx
Page loaded succesfully with URL = https://tsecure.dev.nordstrom.com/signIn.aspx
Page loaded succesfully with URL = https://tsecure.dev.nordstrom.com/signIn.aspx
Page loaded succesfully with URL = https://tsecure.dev.nordstrom.com/signIn.aspx
Timed out waiting for element to be visible with locator: By.CssSelector: #ctl00_backgroundOverlay
WaitForElementToDisappear: Given Locator did not appear after 10 seconds - but ok - locator id: By.CssSelector: #ctl00_backgroundOverlay
Timed out waiting for element to be visible with locator: By.LinkText: Sign Out
VerifyCreatedAccount: some kind of client Error is visible
CreateNordAccount: Exception occured when creating new account: exception = 'Assert.IsTrue failed. Verify a new account has been created successfully'
Page loaded succesfully with URL = http://d.aws.loyaltyweb.dev.nordstrom.com/Rewards/Welcome
Page loaded succesfully with URL = http://d.aws.loyaltyweb.dev.nordstrom.com/Rewards/Welcome
Page loaded succesfully with URL = http://d.aws.loyaltyweb.dev.nordstrom.com/Rewards/Welcome
Page loaded succesfully with URL = http://d.aws.loyaltyweb.dev.nordstrom.com/Rewards/Welcome
</DebugTrace>
      </Output>
    </UnitTestResult>
    <UnitTestResult executionId="8ef106d3-9ace-4627-96e6-56bae25112aa" testId="a4820a9f-81f2-f74a-e78b-327ea50d8b48" testName="LoyaltyWelcomePage_HauteLookLogo_ShouldRender" computerName="MW00977477" duration="00:00:41.0630165" startTime="2015-12-27T17:11:44.5302402-08:00" endTime="2015-12-27T17:12:25.5993467-08:00" testType="13cdc9d9-ddb5-4fa4-a97d-d965ccfc6d4b" outcome="Passed" testListId="8c84fa94-04c1-424b-9868-57a2d4851a1d" relativeResultsDirectory="8ef106d3-9ace-4627-96e6-56bae25112aa">
      <Output>
        <DebugTrace>Page loaded succesfully with URL = https://tsecure.dev.nordstrom.com/signIn.aspx
Page loaded succesfully with URL = https://tsecure.dev.nordstrom.com/signIn.aspx
Page loaded succesfully with URL = https://tsecure.dev.nordstrom.com/signIn.aspx
Page loaded succesfully with URL = https://tsecure.dev.nordstrom.com/signIn.aspx
Timed out waiting for element to be visible with locator: By.CssSelector: #ctl00_backgroundOverlay
WaitForElementToDisappear: Given Locator did not appear after 10 seconds - but ok - locator id: By.CssSelector: #ctl00_backgroundOverlay
Timed out waiting for element to be visible with locator: By.LinkText: Sign Out
VerifyCreatedAccount: some kind of client Error is visible
CreateNordAccount: Exception occured when creating new account: exception = 'Assert.IsTrue failed. Verify a new account has been created successfully'
Page loaded succesfully with URL = http://d.aws.loyaltyweb.dev.nordstrom.com/Rewards/Welcome
Page loaded succesfully with URL = http://d.aws.loyaltyweb.dev.nordstrom.com/Rewards/Welcome
Page loaded succesfully with URL = http://d.aws.loyaltyweb.dev.nordstrom.com/Rewards/Welcome
Page loaded succesfully with URL = http://d.aws.loyaltyweb.dev.nordstrom.com/Rewards/Welcome
</DebugTrace>
      </Output>
    </UnitTestResult>
    <UnitTestResult executionId="55476b1a-0d54-4cf4-9d52-e7f1bcfef873" testId="6e08402d-8997-90dc-9b66-886438ad27db" testName="LoyaltyWelcomePage_NordstromLogo_ShouldRender" computerName="MW00977477" duration="00:00:40.5828335" startTime="2015-12-27T17:12:25.6013469-08:00" endTime="2015-12-27T17:13:06.1813175-08:00" testType="13cdc9d9-ddb5-4fa4-a97d-d965ccfc6d4b" outcome="Passed" testListId="8c84fa94-04c1-424b-9868-57a2d4851a1d" relativeResultsDirectory="55476b1a-0d54-4cf4-9d52-e7f1bcfef873">
      <Output>
        <DebugTrace>Page loaded succesfully with URL = https://tsecure.dev.nordstrom.com/signIn.aspx
Page loaded succesfully with URL = https://tsecure.dev.nordstrom.com/signIn.aspx
Page loaded succesfully with URL = https://tsecure.dev.nordstrom.com/signIn.aspx
Page loaded succesfully with URL = https://tsecure.dev.nordstrom.com/signIn.aspx
Timed out waiting for element to be visible with locator: By.CssSelector: #ctl00_backgroundOverlay
WaitForElementToDisappear: Given Locator did not appear after 10 seconds - but ok - locator id: By.CssSelector: #ctl00_backgroundOverlay
Timed out waiting for element to be visible with locator: By.LinkText: Sign Out
VerifyCreatedAccount: some kind of client Error is visible
CreateNordAccount: Exception occured when creating new account: exception = 'Assert.IsTrue failed. Verify a new account has been created successfully'
Page loaded succesfully with URL = http://d.aws.loyaltyweb.dev.nordstrom.com/Rewards/Welcome
Page loaded succesfully with URL = http://d.aws.loyaltyweb.dev.nordstrom.com/Rewards/Welcome
Page loaded succesfully with URL = http://d.aws.loyaltyweb.dev.nordstrom.com/Rewards/Welcome
Page loaded succesfully with URL = http://d.aws.loyaltyweb.dev.nordstrom.com/Rewards/Welcome
</DebugTrace>
      </Output>
    </UnitTestResult>
    <UnitTestResult executionId="96116f64-7b24-47aa-86b0-e28c9744143e" testId="c03a005c-b69d-99fa-b651-b26bd5d00566" testName="LoyaltyWelcomePage_RackLogo_ShouldRender" computerName="MW00977477" duration="00:00:41.1303799" startTime="2015-12-27T17:13:06.1833173-08:00" endTime="2015-12-27T17:13:47.3102042-08:00" testType="13cdc9d9-ddb5-4fa4-a97d-d965ccfc6d4b" outcome="Passed" testListId="8c84fa94-04c1-424b-9868-57a2d4851a1d" relativeResultsDirectory="96116f64-7b24-47aa-86b0-e28c9744143e">
      <Output>
        <DebugTrace>Page loaded succesfully with URL = https://tsecure.dev.nordstrom.com/signIn.aspx
Page loaded succesfully with URL = https://tsecure.dev.nordstrom.com/signIn.aspx
Page loaded succesfully with URL = https://tsecure.dev.nordstrom.com/signIn.aspx
Page loaded succesfully with URL = https://tsecure.dev.nordstrom.com/signIn.aspx
Timed out waiting for element to be visible with locator: By.CssSelector: #ctl00_backgroundOverlay
WaitForElementToDisappear: Given Locator did not appear after 10 seconds - but ok - locator id: By.CssSelector: #ctl00_backgroundOverlay
Timed out waiting for element to be visible with locator: By.LinkText: Sign Out
VerifyCreatedAccount: some kind of client Error is visible
CreateNordAccount: Exception occured when creating new account: exception = 'Assert.IsTrue failed. Verify a new account has been created successfully'
Page loaded succesfully with URL = http://d.aws.loyaltyweb.dev.nordstrom.com/Rewards/Welcome
Page loaded succesfully with URL = http://d.aws.loyaltyweb.dev.nordstrom.com/Rewards/Welcome
Page loaded succesfully with URL = http://d.aws.loyaltyweb.dev.nordstrom.com/Rewards/Welcome
Page loaded succesfully with URL = http://d.aws.loyaltyweb.dev.nordstrom.com/Rewards/Welcome
</DebugTrace>
      </Output>
    </UnitTestResult>
    <UnitTestResult executionId="855f8ae7-f03b-4d52-bcd1-9bbfc419ccb3" testId="e3a562d7-b300-5f52-06c2-7be31e66bd96" testName="LoyaltyWelcomePage_WhenTypeRightURL_ShouldRenderWelcomePage" computerName="MW00977477" duration="00:00:40.8492645" startTime="2015-12-27T17:13:47.3142038-08:00" endTime="2015-12-27T17:14:28.1631185-08:00" testType="13cdc9d9-ddb5-4fa4-a97d-d965ccfc6d4b" outcome="Passed" testListId="8c84fa94-04c1-424b-9868-57a2d4851a1d" relativeResultsDirectory="855f8ae7-f03b-4d52-bcd1-9bbfc419ccb3">
      <Output>
        <DebugTrace>Page loaded succesfully with URL = https://tsecure.dev.nordstrom.com/signIn.aspx
Page loaded succesfully with URL = https://tsecure.dev.nordstrom.com/signIn.aspx
Page loaded succesfully with URL = https://tsecure.dev.nordstrom.com/signIn.aspx
Page loaded succesfully with URL = https://tsecure.dev.nordstrom.com/signIn.aspx
Timed out waiting for element to be visible with locator: By.CssSelector: #ctl00_backgroundOverlay
WaitForElementToDisappear: Given Locator did not appear after 10 seconds - but ok - locator id: By.CssSelector: #ctl00_backgroundOverlay
Timed out waiting for element to be visible with locator: By.LinkText: Sign Out
VerifyCreatedAccount: some kind of client Error is visible
CreateNordAccount: Exception occured when creating new account: exception = 'Assert.IsTrue failed. Verify a new account has been created successfully'
Page loaded succesfully with URL = http://d.aws.loyaltyweb.dev.nordstrom.com/Rewards/Welcome
Page loaded succesfully with URL = http://d.aws.loyaltyweb.dev.nordstrom.com/Rewards/Welcome
Page loaded succesfully with URL = http://d.aws.loyaltyweb.dev.nordstrom.com/Rewards/Welcome
Page loaded succesfully with URL = http://d.aws.loyaltyweb.dev.nordstrom.com/Rewards/Welcome
</DebugTrace>
      </Output>
    </UnitTestResult>
    <UnitTestResult executionId="8bea873f-042e-44ce-bac7-abd9a34398e4" testId="e7dc9dd3-4cd3-3bf6-c7c0-12fcc1c1c5cd" testName="TenderNeutralAssociation_When15MinutesPassAsAuthenticatedUser_ChangeToRecognizeUserAndInfoDisappear" computerName="MW00977477" duration="00:01:01.3935156" startTime="2015-12-27T17:14:28.1641184-08:00" endTime="2015-12-27T17:15:29.5529789-08:00" testType="13cdc9d9-ddb5-4fa4-a97d-d965ccfc6d4b" outcome="Failed" testListId="8c84fa94-04c1-424b-9868-57a2d4851a1d" relativeResultsDirectory="8bea873f-042e-44ce-bac7-abd9a34398e4">
      <Output>
        <DebugTrace>Store customer is successfully created.Page loaded succesfully with URL = https://tsecure.dev.nordstrom.com/signIn.aspx
Page loaded succesfully with URL = https://tsecure.dev.nordstrom.com/signIn.aspx
Page loaded succesfully with URL = https://tsecure.dev.nordstrom.com/signIn.aspx
Timed out waiting for element to be visible with locator: By.CssSelector: #ctl00_backgroundOverlay
WaitForElementToDisappear: Given Locator did not appear after 10 seconds - but ok - locator id: By.CssSelector: #ctl00_backgroundOverlay
Timed out waiting for element to be visible with locator: By.LinkText: Sign Out
Timed out waiting for element to be visible with locator: By.LinkText: Sign Out
VerifyCreatedAccount: sign out link is not visible
</DebugTrace>
        <ErrorInfo>
          <Message>Assert.IsTrue failed. A new account failed to create an account.</Message>
          <StackTrace>   at Nordstrom.Web.Test.UI.LoyaltyWeb.UserSensitiveDataCases.TenderNeutralAssociation_When15MinutesPassAsAuthenticatedUser_ChangeToRecognizeUserAndInfoDisappear() in c:\LoyaltyWebTest\Web\Test\UI\LoyaltyWeb\LoyaltyWebTest\LoyaltyWebTest\UserSensitiveDataCases.cs:line 94
</StackTrace>
        </ErrorInfo>
      </Output>
    </UnitTestResult>
    <UnitTestResult executionId="17e48470-dbe3-43f9-ba49-307604e23cd8" testId="dea7da76-cc4d-9db9-653c-019847e5cc46" testName="TenderNeutralAssociation_When15MinutesPassAsGuestUser_EnteredInfoDisappear" computerName="MW00977477" duration="00:01:26.4028604" startTime="2015-12-27T17:15:29.5539788-08:00" endTime="2015-12-27T17:16:55.9473386-08:00" testType="13cdc9d9-ddb5-4fa4-a97d-d965ccfc6d4b" outcome="Passed" testListId="8c84fa94-04c1-424b-9868-57a2d4851a1d" relativeResultsDirectory="17e48470-dbe3-43f9-ba49-307604e23cd8">
      <Output>
        <DebugTrace>Store customer is successfully created.Page loaded succesfully with URL = https://tsecure.dev.nordstrom.com/Rewards/association.aspx
Page loaded succesfully with URL = https://tsecure.dev.nordstrom.com/Rewards/association.aspx
</DebugTrace>
      </Output>
    </UnitTestResult>
    <UnitTestResult executionId="0f0d7cc7-66e5-4be5-89a1-dd2f88ff52a2" testId="988daa97-185a-b36c-e2bb-1662c7eee467" testName="TenderNeutralEnroll_When15MinutesPassWithoutAuthenticatedUserActivity_ExpectSessionTimeoutInfoShowAndUserInfoDisappear" computerName="MW00977477" duration="00:02:08.6599618" startTime="2015-12-27T17:16:55.9493384-08:00" endTime="2015-12-27T17:19:04.6033631-08:00" testType="13cdc9d9-ddb5-4fa4-a97d-d965ccfc6d4b" outcome="Failed" testListId="8c84fa94-04c1-424b-9868-57a2d4851a1d" relativeResultsDirectory="0f0d7cc7-66e5-4be5-89a1-dd2f88ff52a2">
      <Output>
        <DebugTrace>Page loaded succesfully with URL = https://tsecure.dev.nordstrom.com/signIn.aspx
Page loaded succesfully with URL = https://tsecure.dev.nordstrom.com/signIn.aspx
Page loaded succesfully with URL = https://tsecure.dev.nordstrom.com/signIn.aspx
Page loaded succesfully with URL = https://tsecure.dev.nordstrom.com/signIn.aspx
Timed out waiting for element to be visible with locator: By.CssSelector: #ctl00_backgroundOverlay
WaitForElementToDisappear: Given Locator did not appear after 10 seconds - but ok - locator id: By.CssSelector: #ctl00_backgroundOverlay
Timed out waiting for element to be visible with locator: By.LinkText: Sign Out
Timed out waiting for element to be visible with locator: By.LinkText: Sign Out
VerifyCreatedAccount: sign out link is not visible
CreateNordAccount: Exception occured when creating new account: exception = 'Assert.IsTrue failed. Verify a new account has been created successfully'
Page loaded succesfully with URL = https://tsecure.dev.nordstrom.com/Rewards/join.aspx
</DebugTrace>
        <ErrorInfo>
          <Message>Test method Nordstrom.Web.Test.UI.LoyaltyWeb.UserSensitiveDataCases.TenderNeutralEnroll_When15MinutesPassWithoutAuthenticatedUserActivity_ExpectSessionTimeoutInfoShowAndUserInfoDisappear threw exception: 
OpenQA.Selenium.NoSuchElementException: Could not find element by: By.CssSelector: ctl00_mainContentPlaceHolder_FirstNameResource</Message>
          <StackTrace>    at OpenQA.Selenium.Support.PageObjects.DefaultElementLocator.LocateElement(IEnumerable`1 bys)
   at OpenQA.Selenium.Support.PageObjects.WebElementProxy.get_Element()
   at OpenQA.Selenium.Support.PageObjects.WebElementProxy.Invoke(IMessage msg)
   at System.Runtime.Remoting.Proxies.RealProxy.PrivateInvoke(MessageData&amp; msgData, Int32 type)
   at OpenQA.Selenium.IWebElement.get_Text()
   at Nordstrom.Web.Test.UI.Common.PageObjects.LoyaltyRegisterPage.VerifyEnrollPageForAuthenticatedUserSensitiveDataDisappear() in c:\LoyaltyWebTest\Web\Test\UI\Common\PageObjects\LoyaltyRegisterPage.cs:line 647
   at Nordstrom.Web.Test.UI.LoyaltyWeb.UserSensitiveDataCases.TenderNeutralEnroll_When15MinutesPassWithoutAuthenticatedUserActivity_ExpectSessionTimeoutInfoShowAndUserInfoDisappear() in c:\LoyaltyWebTest\Web\Test\UI\LoyaltyWeb\LoyaltyWebTest\LoyaltyWebTest\UserSensitiveDataCases.cs:line 43
</StackTrace>
        </ErrorInfo>
      </Output>
    </UnitTestResult>
    <UnitTestResult executionId="45a4c67f-7a99-4c84-9833-b6a3767c4552" testId="dbe39e81-54e6-8534-594e-60312842c80d" testName="TenderNeutralEnroll_When15MinutesPassWithoutUserActivityAndTestSecureShopperSessionFeatureFlagOff_ExpectSessionTimeoutInfoShowAndUserInfoDisappear" computerName="MW00977477" duration="00:02:13.0618546" startTime="2015-12-27T17:19:04.6053631-08:00" endTime="2015-12-27T17:21:17.6643631-08:00" testType="13cdc9d9-ddb5-4fa4-a97d-d965ccfc6d4b" outcome="Failed" testListId="8c84fa94-04c1-424b-9868-57a2d4851a1d" relativeResultsDirectory="45a4c67f-7a99-4c84-9833-b6a3767c4552">
      <Output>
        <DebugTrace>Page loaded succesfully with URL = https://tsecure.dev.nordstrom.com/signIn.aspx
Page loaded succesfully with URL = https://tsecure.dev.nordstrom.com/signIn.aspx
Page loaded succesfully with URL = https://tsecure.dev.nordstrom.com/signIn.aspx
Page loaded succesfully with URL = https://tsecure.dev.nordstrom.com/signIn.aspx
Timed out waiting for element to be visible with locator: By.CssSelector: #ctl00_backgroundOverlay
WaitForElementToDisappear: Given Locator did not appear after 10 seconds - but ok - locator id: By.CssSelector: #ctl00_backgroundOverlay
Timed out waiting for element to be visible with locator: By.LinkText: Sign Out
Timed out waiting for element to be visible with locator: By.LinkText: Sign Out
VerifyCreatedAccount: sign out link is not visible
CreateNordAccount: Exception occured when creating new account: exception = 'Assert.IsTrue failed. Verify a new account has been created successfully'
Page loaded succesfully with URL = https://tsecure.dev.nordstrom.com/Rewards/join.aspx
</DebugTrace>
        <ErrorInfo>
          <Message>Test method Nordstrom.Web.Test.UI.LoyaltyWeb.UserSensitiveDataCases.TenderNeutralEnroll_When15MinutesPassWithoutUserActivityAndTestSecureShopperSessionFeatureFlagOff_ExpectSessionTimeoutInfoShowAndUserInfoDisappear threw exception: 
OpenQA.Selenium.NoSuchElementException: Could not find element by: By.CssSelector: ctl00_mainContentPlaceHolder_FirstNameResource</Message>
          <StackTrace>    at OpenQA.Selenium.Support.PageObjects.DefaultElementLocator.LocateElement(IEnumerable`1 bys)
   at OpenQA.Selenium.Support.PageObjects.WebElementProxy.get_Element()
   at OpenQA.Selenium.Support.PageObjects.WebElementProxy.Invoke(IMessage msg)
   at System.Runtime.Remoting.Proxies.RealProxy.PrivateInvoke(MessageData&amp; msgData, Int32 type)
   at OpenQA.Selenium.IWebElement.get_Text()
   at Nordstrom.Web.Test.UI.Common.PageObjects.LoyaltyRegisterPage.VerifyEnrollPageForAuthenticatedUserSensitiveDataDisappear() in c:\LoyaltyWebTest\Web\Test\UI\Common\PageObjects\LoyaltyRegisterPage.cs:line 647
   at Nordstrom.Web.Test.UI.LoyaltyWeb.UserSensitiveDataCases.TenderNeutralEnroll_When15MinutesPassWithoutUserActivityAndTestSecureShopperSessionFeatureFlagOff_ExpectSessionTimeoutInfoShowAndUserInfoDisappear() in c:\LoyaltyWebTest\Web\Test\UI\LoyaltyWeb\LoyaltyWebTest\LoyaltyWebTest\UserSensitiveDataCases.cs:line 68
</StackTrace>
        </ErrorInfo>
      </Output>
    </UnitTestResult>
  </Results>
</TestRun>