<?xml version="1.0" encoding="UTF-8"?>
<TestRun id="ee8fb270-9f75-4302-8361-86058a34c269" name="X3G9@MW00977477 2015-12-26 16:17:57" runUser="NORD\X3G9" xmlns="http://microsoft.com/schemas/VisualStudio/TeamTest/2010">
  <TestSettings name="Default Test Settings" id="2692bcb1-4034-4356-8cbe-1b8f37411c8d">
    <Execution>
      <TestTypeSpecific />
      <AgentRule name="Execution Agents">
      </AgentRule>
    </Execution>
    <Deployment runDeploymentRoot="X3G9_MW00977477 2015-12-26 16_17_57" />
    <Properties />
  </TestSettings>
  <Times creation="2015-12-26T16:17:57.5015166-08:00" queuing="2015-12-26T16:17:58.6535166-08:00" start="2015-12-26T16:17:58.7535166-08:00" finish="2015-12-26T16:19:11.3895166-08:00" />
  <ResultSummary outcome="Aborted">
    <Counters total="171" executed="2" passed="1" error="0" failed="0" timeout="0" aborted="1" inconclusive="0" passedButRunAborted="0" notRunnable="0" notExecuted="169" disconnected="0" warning="0" completed="0" inProgress="0" pending="0" />
    <RunInfos>
      <RunInfo computerName="MW00977477" outcome="Warning" timestamp="2015-12-26T16:17:57.9075166-08:00">
        <Text>Warning: Test Run deployment issue: The assembly or module 'RestSharp' directly or indirectly referenced by the test container 'c:\loyaltywebtest\web\test\ui\loyaltyweb\loyaltywebtest\loyaltywebtest\bin\debug\nordstrom.web.test.ui.loyaltyweb.dll' was not found.</Text>
      </RunInfo>
    </RunInfos>
  </ResultSummary>
  <TestDefinitions>
    <UnitTest name="TenderNeutralRewardsEnroll_MarketingPreferenceForRecognizedUser_MarketingPreferenceNotDisplayed" storage="c:\loyaltywebtest\web\test\ui\loyaltyweb\loyaltywebtest\loyaltywebtest\bin\debug\nordstrom.web.test.ui.loyaltyweb.dll" id="01347002-569a-eb94-de92-c8249c2837bc">
      <Description>Verify that the marketing preference is not displayed on Loyalty register page for a recognized user</Description>
      <TestCategory>
        <TestCategoryItem TestCategory="LoyaltyTenderNeutralMarketingPreference" />
        <TestCategoryItem TestCategory="LoyaltyTenderNeutral Regression" />
        <TestCategoryItem TestCategory="LoyaltyWeb" />
      </TestCategory>
      <DeploymentItems>
        <DeploymentItem filename="ExternalBinaries" outputDirectory=".\ExternalBinaries" />
        <DeploymentItem filename="TestData" outputDirectory=".\TestData" />
        <DeploymentItem filename="TestRunConfig" outputDirectory=".\TestRunConfig" />
      </DeploymentItems>
      <Execution id="1f19ee06-f028-42ee-a7e2-8f26847a5b20" />
      <TestMethod codeBase="C:/LoyaltyWebTest/Web/Test/UI/LoyaltyWeb/LoyaltyWebTest/LoyaltyWebTest/bin/Debug/Nordstrom.Web.Test.UI.LoyaltyWeb.DLL" adapterTypeName="Microsoft.VisualStudio.TestTools.TestTypes.Unit.UnitTestAdapter, Microsoft.VisualStudio.QualityTools.Tips.UnitTest.Adapter, Version=12.0.0.0, Culture=neutral, PublicKeyToken=b03f5f7f11d50a3a" className="Nordstrom.Web.Test.UI.LoyaltyWeb.LoyaltyRegisterTests, Nordstrom.Web.Test.UI.LoyaltyWeb, Version=1.0.0.0, Culture=neutral, PublicKeyToken=null" name="TenderNeutralRewardsEnroll_MarketingPreferenceForRecognizedUser_MarketingPreferenceNotDisplayed" />
    </UnitTest>
    <UnitTest name="TenderNeutralRewardsEnroll_EnrollingWebGuestUserWithMoreThan16CharactersInFirstName_ThrowsError" storage="c:\loyaltywebtest\web\test\ui\loyaltyweb\loyaltywebtest\loyaltywebtest\bin\debug\nordstrom.web.test.ui.loyaltyweb.dll" id="d2a5ca71-63b3-74b7-abd6-f4ce50c7e642">
      <Description>Verify that First Name field cannot take more than 16 characters</Description>
      <TestCategory>
        <TestCategoryItem TestCategory="LoyaltyTenderNeutralUserAcceptance" />
        <TestCategoryItem TestCategory="LoyaltyWeb" />
      </TestCategory>
      <DeploymentItems>
        <DeploymentItem filename="ExternalBinaries" outputDirectory=".\ExternalBinaries" />
        <DeploymentItem filename="TestData" outputDirectory=".\TestData" />
        <DeploymentItem filename="TestRunConfig" outputDirectory=".\TestRunConfig" />
      </DeploymentItems>
      <Execution id="d0a4bf45-b4de-4a84-97d6-4b1f41e38734" />
      <TestMethod codeBase="C:/LoyaltyWebTest/Web/Test/UI/LoyaltyWeb/LoyaltyWebTest/LoyaltyWebTest/bin/Debug/Nordstrom.Web.Test.UI.LoyaltyWeb.DLL" adapterTypeName="Microsoft.VisualStudio.TestTools.TestTypes.Unit.UnitTestAdapter, Microsoft.VisualStudio.QualityTools.Tips.UnitTest.Adapter, Version=12.0.0.0, Culture=neutral, PublicKeyToken=b03f5f7f11d50a3a" className="Nordstrom.Web.Test.UI.LoyaltyWeb.LoyaltyRegisterTests, Nordstrom.Web.Test.UI.LoyaltyWeb, Version=1.0.0.0, Culture=neutral, PublicKeyToken=null" name="TenderNeutralRewardsEnroll_EnrollingWebGuestUserWithMoreThan16CharactersInFirstName_ThrowsError" />
    </UnitTest>
    <UnitTest name="MobileVerificationPage_WhenEnrolledUserTypeExpiredCode_ShouldGetExpiredErrorMessage" storage="c:\loyaltywebtest\web\test\ui\loyaltyweb\loyaltywebtest\loyaltywebtest\bin\debug\nordstrom.web.test.ui.loyaltyweb.dll" id="49a974b3-ec64-d3af-0151-561a64779c12">
      <Description>One minute after valid code is passed, the user enters the code and get expired messages</Description>
      <TestCategory>
        <TestCategoryItem TestCategory="LoyaltyTenderNeutral Regression" />
        <TestCategoryItem TestCategory="Verification Regression" />
      </TestCategory>
      <DeploymentItems>
        <DeploymentItem filename="ExternalBinaries" outputDirectory=".\ExternalBinaries" />
        <DeploymentItem filename="TestData" outputDirectory=".\TestData" />
        <DeploymentItem filename="TestRunConfig" outputDirectory=".\TestRunConfig" />
      </DeploymentItems>
      <Execution id="5887432c-c8fe-4f6c-8981-e08f51dcb598" />
      <TestMethod codeBase="C:/LoyaltyWebTest/Web/Test/UI/LoyaltyWeb/LoyaltyWebTest/LoyaltyWebTest/bin/Debug/Nordstrom.Web.Test.UI.LoyaltyWeb.DLL" adapterTypeName="Microsoft.VisualStudio.TestTools.TestTypes.Unit.UnitTestAdapter, Microsoft.VisualStudio.QualityTools.Tips.UnitTest.Adapter, Version=12.0.0.0, Culture=neutral, PublicKeyToken=b03f5f7f11d50a3a" className="Nordstrom.Web.Test.UI.LoyaltyWeb.LoyaltyTenderNeutralMobileVerificationPageTests, Nordstrom.Web.Test.UI.LoyaltyWeb, Version=1.0.0.0, Culture=neutral, PublicKeyToken=null" name="MobileVerificationPage_WhenEnrolledUserTypeExpiredCode_ShouldGetExpiredErrorMessage" />
    </UnitTest>
    <UnitTest name="TenderNeutralRewardsEnroll_LoyaltyTenderNeutralRegisteredAuthenticatedUser_EmailPrePopulationVerificationSuccessful" storage="c:\loyaltywebtest\web\test\ui\loyaltyweb\loyaltywebtest\loyaltywebtest\bin\debug\nordstrom.web.test.ui.loyaltyweb.dll" id="882fb25a-af60-c1a9-9ac5-8c717310c276">
      <Description>Verify pre-population of mobile number on loyalty mobile verification page for a TN enrolled user</Description>
      <TestCategory>
        <TestCategoryItem TestCategory="LoyaltyTenderNeutralBVT" />
        <TestCategoryItem TestCategory="LoyaltyWeb" />
      </TestCategory>
      <DeploymentItems>
        <DeploymentItem filename="ExternalBinaries" outputDirectory=".\ExternalBinaries" />
        <DeploymentItem filename="TestData" outputDirectory=".\TestData" />
        <DeploymentItem filename="TestRunConfig" outputDirectory=".\TestRunConfig" />
      </DeploymentItems>
      <Execution id="7e8bf6b4-6fc6-4661-9f9c-adee25a3a888" />
      <TestMethod codeBase="C:/LoyaltyWebTest/Web/Test/UI/LoyaltyWeb/LoyaltyWebTest/LoyaltyWebTest/bin/Debug/Nordstrom.Web.Test.UI.LoyaltyWeb.DLL" adapterTypeName="Microsoft.VisualStudio.TestTools.TestTypes.Unit.UnitTestAdapter, Microsoft.VisualStudio.QualityTools.Tips.UnitTest.Adapter, Version=12.0.0.0, Culture=neutral, PublicKeyToken=b03f5f7f11d50a3a" className="Nordstrom.Web.Test.UI.LoyaltyWeb.LoyaltyTenderNeutralMobileVerificationPageTests, Nordstrom.Web.Test.UI.LoyaltyWeb, Version=1.0.0.0, Culture=neutral, PublicKeyToken=null" name="TenderNeutralRewardsEnroll_LoyaltyTenderNeutralRegisteredAuthenticatedUser_EmailPrePopulationVerificationSuccessful" />
    </UnitTest>
    <UnitTest name="TenderNeutralRewardsEnroll_LoyaltyTenderNeutralUnrecognisedUserLeaveFirstNameFieldBlankTabOut_ErrorMessageDisplayedSuccessfully" storage="c:\loyaltywebtest\web\test\ui\loyaltyweb\loyaltywebtest\loyaltywebtest\bin\debug\nordstrom.web.test.ui.loyaltyweb.dll" id="32087f87-3ab9-f41c-43c0-e6fe3bc56d49">
      <Description>Verify that error message appear for first name field when it is left blank and we tab out for unrecognised user</Description>
      <TestCategory>
        <TestCategoryItem TestCategory="LoyaltyTenderNeutral Regression" />
        <TestCategoryItem TestCategory="LoyaltyWeb" />
      </TestCategory>
      <DeploymentItems>
        <DeploymentItem filename="ExternalBinaries" outputDirectory=".\ExternalBinaries" />
        <DeploymentItem filename="TestData" outputDirectory=".\TestData" />
        <DeploymentItem filename="TestRunConfig" outputDirectory=".\TestRunConfig" />
      </DeploymentItems>
      <Execution id="f4557e19-f237-405d-9594-257b1f4a86f7" />
      <TestMethod codeBase="C:/LoyaltyWebTest/Web/Test/UI/LoyaltyWeb/LoyaltyWebTest/LoyaltyWebTest/bin/Debug/Nordstrom.Web.Test.UI.LoyaltyWeb.DLL" adapterTypeName="Microsoft.VisualStudio.TestTools.TestTypes.Unit.UnitTestAdapter, Microsoft.VisualStudio.QualityTools.Tips.UnitTest.Adapter, Version=12.0.0.0, Culture=neutral, PublicKeyToken=b03f5f7f11d50a3a" className="Nordstrom.Web.Test.UI.LoyaltyWeb.LoyaltyRegisterTests, Nordstrom.Web.Test.UI.LoyaltyWeb, Version=1.0.0.0, Culture=neutral, PublicKeyToken=null" name="TenderNeutralRewardsEnroll_LoyaltyTenderNeutralUnrecognisedUserLeaveFirstNameFieldBlankTabOut_ErrorMessageDisplayedSuccessfully" />
    </UnitTest>
    <UnitTest name="TenderNeutralAssociation_AuthenticateddUserEnrolledFromStoreGoToWebAssociationPage_ShouldSucceed" storage="c:\loyaltywebtest\web\test\ui\loyaltyweb\loyaltywebtest\loyaltywebtest\bin\debug\nordstrom.web.test.ui.loyaltyweb.dll" id="ff928513-162d-e085-f145-dee35035d811">
      <Description>Verify that when authenticated user enrolled into loyalty from Store  goes to Association page, he can type in his email and phone number and associate to loyalty program.</Description>
      <TestCategory>
        <TestCategoryItem TestCategory="Association" />
      </TestCategory>
      <DeploymentItems>
        <DeploymentItem filename="ExternalBinaries" outputDirectory=".\ExternalBinaries" />
        <DeploymentItem filename="TestData" outputDirectory=".\TestData" />
        <DeploymentItem filename="TestRunConfig" outputDirectory=".\TestRunConfig" />
      </DeploymentItems>
      <Execution id="f4bf887f-76ca-44a1-a13a-9bbeea54c33b" />
      <TestMethod codeBase="C:/LoyaltyWebTest/Web/Test/UI/LoyaltyWeb/LoyaltyWebTest/LoyaltyWebTest/bin/Debug/Nordstrom.Web.Test.UI.LoyaltyWeb.DLL" adapterTypeName="Microsoft.VisualStudio.TestTools.TestTypes.Unit.UnitTestAdapter, Microsoft.VisualStudio.QualityTools.Tips.UnitTest.Adapter, Version=12.0.0.0, Culture=neutral, PublicKeyToken=b03f5f7f11d50a3a" className="Nordstrom.Web.Test.UI.LoyaltyWeb.LoyaltyAssociationTests, Nordstrom.Web.Test.UI.LoyaltyWeb, Version=1.0.0.0, Culture=neutral, PublicKeyToken=null" name="TenderNeutralAssociation_AuthenticateddUserEnrolledFromStoreGoToWebAssociationPage_ShouldSucceed" />
    </UnitTest>
    <UnitTest name="MobileVerificationPageModalPopupsValidation_OkButtonInDidntGetACodeModalValidation_OkButtonInDidntGetACodeModalClosedModalSuccessfully" storage="c:\loyaltywebtest\web\test\ui\loyaltyweb\loyaltywebtest\loyaltywebtest\bin\debug\nordstrom.web.test.ui.loyaltyweb.dll" id="899e75ac-735e-e41d-941c-31a4337e1cb7">
      <Description>Didn't Get A Code Modal Popup OK Button Functionality verification</Description>
      <TestCategory>
        <TestCategoryItem TestCategory="LoyaltyTenderNeutral Regression" />
      </TestCategory>
      <DeploymentItems>
        <DeploymentItem filename="ExternalBinaries" outputDirectory=".\ExternalBinaries" />
        <DeploymentItem filename="TestData" outputDirectory=".\TestData" />
        <DeploymentItem filename="TestRunConfig" outputDirectory=".\TestRunConfig" />
      </DeploymentItems>
      <Execution id="e3f64ae4-fec4-4bef-bf40-d5efd823a65d" />
      <TestMethod codeBase="C:/LoyaltyWebTest/Web/Test/UI/LoyaltyWeb/LoyaltyWebTest/LoyaltyWebTest/bin/Debug/Nordstrom.Web.Test.UI.LoyaltyWeb.DLL" adapterTypeName="Microsoft.VisualStudio.TestTools.TestTypes.Unit.UnitTestAdapter, Microsoft.VisualStudio.QualityTools.Tips.UnitTest.Adapter, Version=12.0.0.0, Culture=neutral, PublicKeyToken=b03f5f7f11d50a3a" className="Nordstrom.Web.Test.UI.LoyaltyWeb.LoyaltyTenderNeutralMobileVerificationPageTests, Nordstrom.Web.Test.UI.LoyaltyWeb, Version=1.0.0.0, Culture=neutral, PublicKeyToken=null" name="MobileVerificationPageModalPopupsValidation_OkButtonInDidntGetACodeModalValidation_OkButtonInDidntGetACodeModalClosedModalSuccessfully" />
    </UnitTest>
    <UnitTest name="MobileVerificationPageModalPopupsValidation_CloseButtonInGetANewCodeModalValidation_CloseButtonInGetANewCodeModalClosesModalSuccessfully" storage="c:\loyaltywebtest\web\test\ui\loyaltyweb\loyaltywebtest\loyaltywebtest\bin\debug\nordstrom.web.test.ui.loyaltyweb.dll" id="2dc10e4d-0215-3f23-67b5-47a4fe1b7ab1">
      <Description>'Get a new code' Modal Popup Close Button Modal dismissal behavior validation</Description>
      <TestCategory>
        <TestCategoryItem TestCategory="LoyaltyTenderNeutral Regression" />
      </TestCategory>
      <DeploymentItems>
        <DeploymentItem filename="ExternalBinaries" outputDirectory=".\ExternalBinaries" />
        <DeploymentItem filename="TestData" outputDirectory=".\TestData" />
        <DeploymentItem filename="TestRunConfig" outputDirectory=".\TestRunConfig" />
      </DeploymentItems>
      <Execution id="93a14a9c-51ed-42ba-99ab-b0931e715863" />
      <TestMethod codeBase="C:/LoyaltyWebTest/Web/Test/UI/LoyaltyWeb/LoyaltyWebTest/LoyaltyWebTest/bin/Debug/Nordstrom.Web.Test.UI.LoyaltyWeb.DLL" adapterTypeName="Microsoft.VisualStudio.TestTools.TestTypes.Unit.UnitTestAdapter, Microsoft.VisualStudio.QualityTools.Tips.UnitTest.Adapter, Version=12.0.0.0, Culture=neutral, PublicKeyToken=b03f5f7f11d50a3a" className="Nordstrom.Web.Test.UI.LoyaltyWeb.LoyaltyTenderNeutralMobileVerificationPageTests, Nordstrom.Web.Test.UI.LoyaltyWeb, Version=1.0.0.0, Culture=neutral, PublicKeyToken=null" name="MobileVerificationPageModalPopupsValidation_CloseButtonInGetANewCodeModalValidation_CloseButtonInGetANewCodeModalClosesModalSuccessfully" />
    </UnitTest>
    <UnitTest name="ApplyAndBuy_ExistingRegisteredUserShoppingWithDebitCard_DebitCardSucessfullyAddedToWallet" storage="c:\loyaltywebtest\web\test\ui\loyaltyweb\loyaltywebtest\loyaltywebtest\bin\debug\nordstrom.web.test.ui.loyaltyweb.dll" id="f9a9e1f4-5a08-8418-6a8e-2e0be49bdb45">
      <Description>Log in as a registered user and apply for a nordstrom debit card and verifying the account summary for the newly added instant approved card</Description>
      <TestCategory>
        <TestCategoryItem TestCategory="ApplyAndBuy Regression" />
      </TestCategory>
      <DeploymentItems>
        <DeploymentItem filename="ExternalBinaries" outputDirectory=".\ExternalBinaries" />
        <DeploymentItem filename="TestData" outputDirectory=".\TestData" />
        <DeploymentItem filename="TestRunConfig" outputDirectory=".\TestRunConfig" />
      </DeploymentItems>
      <Execution id="d4b45f2b-4a5f-4281-ab67-1f1641af5b69" />
      <TestMethod codeBase="C:/LoyaltyWebTest/Web/Test/UI/LoyaltyWeb/LoyaltyWebTest/LoyaltyWebTest/bin/Debug/Nordstrom.Web.Test.UI.LoyaltyWeb.DLL" adapterTypeName="Microsoft.VisualStudio.TestTools.TestTypes.Unit.UnitTestAdapter, Microsoft.VisualStudio.QualityTools.Tips.UnitTest.Adapter, Version=12.0.0.0, Culture=neutral, PublicKeyToken=b03f5f7f11d50a3a" className="Nordstrom.Web.Test.UI.LoyaltyWeb.ApplyAndBuyTests, Nordstrom.Web.Test.UI.LoyaltyWeb, Version=1.0.0.0, Culture=neutral, PublicKeyToken=null" name="ApplyAndBuy_ExistingRegisteredUserShoppingWithDebitCard_DebitCardSucessfullyAddedToWallet" />
    </UnitTest>
    <UnitTest name="NavigationToLoyaltyWebPage_TenderNeutralEnrollFeatureFlagOn_UserLandOnLoyaltyWebPageSuccessful" storage="c:\loyaltywebtest\web\test\ui\loyaltyweb\loyaltywebtest\loyaltywebtest\bin\debug\nordstrom.web.test.ui.loyaltyweb.dll" id="1898efd5-196a-37ac-00c2-cf7bfac58602">
      <Description>Verify that user is redirected to Loyalty web page , given feature flag : TenderNeutralEnroll is on</Description>
      <TestCategory>
        <TestCategoryItem TestCategory="LoyaltyTenderNeutralBVT" />
        <TestCategoryItem TestCategory="LoyaltyWeb" />
      </TestCategory>
      <DeploymentItems>
        <DeploymentItem filename="ExternalBinaries" outputDirectory=".\ExternalBinaries" />
        <DeploymentItem filename="TestData" outputDirectory=".\TestData" />
        <DeploymentItem filename="TestRunConfig" outputDirectory=".\TestRunConfig" />
      </DeploymentItems>
      <Execution id="0ff6038d-695a-4394-a2f6-fdc8e6dd9a4c" />
      <TestMethod codeBase="C:/LoyaltyWebTest/Web/Test/UI/LoyaltyWeb/LoyaltyWebTest/LoyaltyWebTest/bin/Debug/Nordstrom.Web.Test.UI.LoyaltyWeb.DLL" adapterTypeName="Microsoft.VisualStudio.TestTools.TestTypes.Unit.UnitTestAdapter, Microsoft.VisualStudio.QualityTools.Tips.UnitTest.Adapter, Version=12.0.0.0, Culture=neutral, PublicKeyToken=b03f5f7f11d50a3a" className="Nordstrom.Web.Test.UI.LoyaltyWeb.LoyaltyRegisterTests, Nordstrom.Web.Test.UI.LoyaltyWeb, Version=1.0.0.0, Culture=neutral, PublicKeyToken=null" name="NavigationToLoyaltyWebPage_TenderNeutralEnrollFeatureFlagOn_UserLandOnLoyaltyWebPageSuccessful" />
    </UnitTest>
    <UnitTest name="TenderNeutralEarn_RecognisedUserCanSeeRewardsSectionInOrderSubmitPageAfterSignInFromCheckout_Successfully" storage="c:\loyaltywebtest\web\test\ui\loyaltyweb\loyaltywebtest\loyaltywebtest\bin\debug\nordstrom.web.test.ui.loyaltyweb.dll" id="1b9e4056-ae08-6178-83f0-22316d897d12">
      <Description>Verify that a registered user signing in from checkout page is able to see Rewards section in Ordersubmit page.</Description>
      <TestCategory>
        <TestCategoryItem TestCategory="EarnTests" />
      </TestCategory>
      <DeploymentItems>
        <DeploymentItem filename="ExternalBinaries" outputDirectory=".\ExternalBinaries" />
        <DeploymentItem filename="TestData" outputDirectory=".\TestData" />
        <DeploymentItem filename="TestRunConfig" outputDirectory=".\TestRunConfig" />
      </DeploymentItems>
      <Execution id="e13e5b68-d18b-44c6-b0d6-4100702f1892" />
      <TestMethod codeBase="C:/LoyaltyWebTest/Web/Test/UI/LoyaltyWeb/LoyaltyWebTest/LoyaltyWebTest/bin/Debug/Nordstrom.Web.Test.UI.LoyaltyWeb.DLL" adapterTypeName="Microsoft.VisualStudio.TestTools.TestTypes.Unit.UnitTestAdapter, Microsoft.VisualStudio.QualityTools.Tips.UnitTest.Adapter, Version=12.0.0.0, Culture=neutral, PublicKeyToken=b03f5f7f11d50a3a" className="Nordstrom.Web.Test.UI.LoyaltyWeb.LoyaltyEarnTests, Nordstrom.Web.Test.UI.LoyaltyWeb, Version=1.0.0.0, Culture=neutral, PublicKeyToken=null" name="TenderNeutralEarn_RecognisedUserCanSeeRewardsSectionInOrderSubmitPageAfterSignInFromCheckout_Successfully" />
    </UnitTest>
    <UnitTest name="TenderNeutralRewardsEnroll_LoyaltyTenderNeutralUnrecognisedUserLeaveFirstNameFieldBlank_ErrorMessageDisplayedSuccessfully" storage="c:\loyaltywebtest\web\test\ui\loyaltyweb\loyaltywebtest\loyaltywebtest\bin\debug\nordstrom.web.test.ui.loyaltyweb.dll" id="eaf85329-ca0a-c954-261a-a3bcb16c9517">
      <Description>Verify that error message appear for first name field when it is left blank for unrecognised user</Description>
      <TestCategory>
        <TestCategoryItem TestCategory="LoyaltyTenderNeutral Regression" />
        <TestCategoryItem TestCategory="LoyaltyWeb" />
      </TestCategory>
      <DeploymentItems>
        <DeploymentItem filename="ExternalBinaries" outputDirectory=".\ExternalBinaries" />
        <DeploymentItem filename="TestData" outputDirectory=".\TestData" />
        <DeploymentItem filename="TestRunConfig" outputDirectory=".\TestRunConfig" />
      </DeploymentItems>
      <Execution id="bcface63-d524-4624-8765-bb0d7756b6cd" />
      <TestMethod codeBase="C:/LoyaltyWebTest/Web/Test/UI/LoyaltyWeb/LoyaltyWebTest/LoyaltyWebTest/bin/Debug/Nordstrom.Web.Test.UI.LoyaltyWeb.DLL" adapterTypeName="Microsoft.VisualStudio.TestTools.TestTypes.Unit.UnitTestAdapter, Microsoft.VisualStudio.QualityTools.Tips.UnitTest.Adapter, Version=12.0.0.0, Culture=neutral, PublicKeyToken=b03f5f7f11d50a3a" className="Nordstrom.Web.Test.UI.LoyaltyWeb.LoyaltyRegisterTests, Nordstrom.Web.Test.UI.LoyaltyWeb, Version=1.0.0.0, Culture=neutral, PublicKeyToken=null" name="TenderNeutralRewardsEnroll_LoyaltyTenderNeutralUnrecognisedUserLeaveFirstNameFieldBlank_ErrorMessageDisplayedSuccessfully" />
    </UnitTest>
    <UnitTest name="TenderNeutralRewardsEnroll_LoyaltyTNAuthenticatedUserMaximumInvlaidEntryinCodeField_ThrowsError" storage="c:\loyaltywebtest\web\test\ui\loyaltyweb\loyaltywebtest\loyaltywebtest\bin\debug\nordstrom.web.test.ui.loyaltyweb.dll" id="ee8371a4-6a8c-8220-7b9b-c4b425e74e47">
      <Description>Verify that error message is displayed when special characters are entered in mobile verification code field</Description>
      <TestCategory>
        <TestCategoryItem TestCategory="LoyaltyTenderNeutralBVT" />
        <TestCategoryItem TestCategory="LoyaltyWeb" />
      </TestCategory>
      <DeploymentItems>
        <DeploymentItem filename="ExternalBinaries" outputDirectory=".\ExternalBinaries" />
        <DeploymentItem filename="TestData" outputDirectory=".\TestData" />
        <DeploymentItem filename="TestRunConfig" outputDirectory=".\TestRunConfig" />
      </DeploymentItems>
      <Execution id="a9ff3531-4c7b-48ac-aae5-e3b1e2e79f52" />
      <TestMethod codeBase="C:/LoyaltyWebTest/Web/Test/UI/LoyaltyWeb/LoyaltyWebTest/LoyaltyWebTest/bin/Debug/Nordstrom.Web.Test.UI.LoyaltyWeb.DLL" adapterTypeName="Microsoft.VisualStudio.TestTools.TestTypes.Unit.UnitTestAdapter, Microsoft.VisualStudio.QualityTools.Tips.UnitTest.Adapter, Version=12.0.0.0, Culture=neutral, PublicKeyToken=b03f5f7f11d50a3a" className="Nordstrom.Web.Test.UI.LoyaltyWeb.LoyaltyTenderNeutralMobileVerificationPageTests, Nordstrom.Web.Test.UI.LoyaltyWeb, Version=1.0.0.0, Culture=neutral, PublicKeyToken=null" name="TenderNeutralRewardsEnroll_LoyaltyTNAuthenticatedUserMaximumInvlaidEntryinCodeField_ThrowsError" />
    </UnitTest>
    <UnitTest name="ApplyAndBuy_RegisteredUserNavigationToVisaCardConfirmationAndLinksVerification_LinksVerifiedSuccessfully" storage="c:\loyaltywebtest\web\test\ui\loyaltyweb\loyaltywebtest\loyaltywebtest\bin\debug\nordstrom.web.test.ui.loyaltyweb.dll" id="5699d43b-bfa7-481f-0474-9a9301ddbef0">
      <Description>Apply for Nordsrom Visa Credit Card as a registered authenticated user and  verify all links on card confirmation page except header and footer links</Description>
      <TestCategory>
        <TestCategoryItem TestCategory="ApplyAndBuy Regression" />
      </TestCategory>
      <DeploymentItems>
        <DeploymentItem filename="ExternalBinaries" outputDirectory=".\ExternalBinaries" />
        <DeploymentItem filename="TestData" outputDirectory=".\TestData" />
        <DeploymentItem filename="TestRunConfig" outputDirectory=".\TestRunConfig" />
      </DeploymentItems>
      <Execution id="cb9fc373-e973-4529-88c7-3e162da61afd" />
      <TestMethod codeBase="C:/LoyaltyWebTest/Web/Test/UI/LoyaltyWeb/LoyaltyWebTest/LoyaltyWebTest/bin/Debug/Nordstrom.Web.Test.UI.LoyaltyWeb.DLL" adapterTypeName="Microsoft.VisualStudio.TestTools.TestTypes.Unit.UnitTestAdapter, Microsoft.VisualStudio.QualityTools.Tips.UnitTest.Adapter, Version=12.0.0.0, Culture=neutral, PublicKeyToken=b03f5f7f11d50a3a" className="Nordstrom.Web.Test.UI.LoyaltyWeb.ApplyAndBuyTests, Nordstrom.Web.Test.UI.LoyaltyWeb, Version=1.0.0.0, Culture=neutral, PublicKeyToken=null" name="ApplyAndBuy_RegisteredUserNavigationToVisaCardConfirmationAndLinksVerification_LinksVerifiedSuccessfully" />
    </UnitTest>
    <UnitTest name="ApplyAndBuy_NewlyRegisteredUserShoppingWithNewDebitCard_DebitCardSucessfullyAddedToWallet" storage="c:\loyaltywebtest\web\test\ui\loyaltyweb\loyaltywebtest\loyaltywebtest\bin\debug\nordstrom.web.test.ui.loyaltyweb.dll" id="8692b55a-e6f7-c447-3076-92b555d04832">
      <Description>Verify newly added Nordstrom Debit card and verifying the account summary for the newly added instant approved card</Description>
      <TestCategory>
        <TestCategoryItem TestCategory="ApplyAndBuy Regression" />
      </TestCategory>
      <DeploymentItems>
        <DeploymentItem filename="ExternalBinaries" outputDirectory=".\ExternalBinaries" />
        <DeploymentItem filename="TestData" outputDirectory=".\TestData" />
        <DeploymentItem filename="TestRunConfig" outputDirectory=".\TestRunConfig" />
      </DeploymentItems>
      <Execution id="89751afb-cef9-4dd7-8bb5-3122d4e67be6" />
      <TestMethod codeBase="C:/LoyaltyWebTest/Web/Test/UI/LoyaltyWeb/LoyaltyWebTest/LoyaltyWebTest/bin/Debug/Nordstrom.Web.Test.UI.LoyaltyWeb.DLL" adapterTypeName="Microsoft.VisualStudio.TestTools.TestTypes.Unit.UnitTestAdapter, Microsoft.VisualStudio.QualityTools.Tips.UnitTest.Adapter, Version=12.0.0.0, Culture=neutral, PublicKeyToken=b03f5f7f11d50a3a" className="Nordstrom.Web.Test.UI.LoyaltyWeb.ApplyAndBuyTests, Nordstrom.Web.Test.UI.LoyaltyWeb, Version=1.0.0.0, Culture=neutral, PublicKeyToken=null" name="ApplyAndBuy_NewlyRegisteredUserShoppingWithNewDebitCard_DebitCardSucessfullyAddedToWallet" />
    </UnitTest>
    <UnitTest name="LoyaltyLearnPage_ClickVIPAccessToInstoreEventsLink_NavigateToRelevantPageSuccessfully" storage="c:\loyaltywebtest\web\test\ui\loyaltyweb\loyaltywebtest\loyaltywebtest\bin\debug\nordstrom.web.test.ui.loyaltyweb.dll" id="2379f2a4-5f07-a34f-3a1d-5e919cd412d7">
      <Description>To verify VIP access to Instore Events link on Learn Page is navigated to the relevant page successfully</Description>
      <TestCategory>
        <TestCategoryItem TestCategory="Learn" />
      </TestCategory>
      <DeploymentItems>
        <DeploymentItem filename="ExternalBinaries" outputDirectory=".\ExternalBinaries" />
        <DeploymentItem filename="TestData" outputDirectory=".\TestData" />
        <DeploymentItem filename="TestRunConfig" outputDirectory=".\TestRunConfig" />
      </DeploymentItems>
      <Execution id="15aadaab-c02e-4234-b3cf-ce55d4ce8176" />
      <TestMethod codeBase="C:/LoyaltyWebTest/Web/Test/UI/LoyaltyWeb/LoyaltyWebTest/LoyaltyWebTest/bin/Debug/Nordstrom.Web.Test.UI.LoyaltyWeb.DLL" adapterTypeName="Microsoft.VisualStudio.TestTools.TestTypes.Unit.UnitTestAdapter, Microsoft.VisualStudio.QualityTools.Tips.UnitTest.Adapter, Version=12.0.0.0, Culture=neutral, PublicKeyToken=b03f5f7f11d50a3a" className="Nordstrom.Web.Test.UI.LoyaltyWeb.LoyaltyLearnTests, Nordstrom.Web.Test.UI.LoyaltyWeb, Version=1.0.0.0, Culture=neutral, PublicKeyToken=null" name="LoyaltyLearnPage_ClickVIPAccessToInstoreEventsLink_NavigateToRelevantPageSuccessfully" />
    </UnitTest>
    <UnitTest name="TenderNeutralRewardsRegister_GuestUserEnrollWithExistingPhoneAndEmailinEnrollProgram_ShouldFailInEnroll" storage="c:\loyaltywebtest\web\test\ui\loyaltyweb\loyaltywebtest\loyaltywebtest\bin\debug\nordstrom.web.test.ui.loyaltyweb.dll" id="16b9e740-57f9-b3e8-d3d8-86b65bd85034">
      <Description>Guest user enrolling with existing enroll email and phone would fail</Description>
      <TestCategory>
        <TestCategoryItem TestCategory="LoyaltyTenderNeutral Regression" />
      </TestCategory>
      <DeploymentItems>
        <DeploymentItem filename="ExternalBinaries" outputDirectory=".\ExternalBinaries" />
        <DeploymentItem filename="TestData" outputDirectory=".\TestData" />
        <DeploymentItem filename="TestRunConfig" outputDirectory=".\TestRunConfig" />
      </DeploymentItems>
      <Execution id="9a12ab28-2e46-4580-9d01-58156b1d22f2" />
      <TestMethod codeBase="C:/LoyaltyWebTest/Web/Test/UI/LoyaltyWeb/LoyaltyWebTest/LoyaltyWebTest/bin/Debug/Nordstrom.Web.Test.UI.LoyaltyWeb.DLL" adapterTypeName="Microsoft.VisualStudio.TestTools.TestTypes.Unit.UnitTestAdapter, Microsoft.VisualStudio.QualityTools.Tips.UnitTest.Adapter, Version=12.0.0.0, Culture=neutral, PublicKeyToken=b03f5f7f11d50a3a" className="Nordstrom.Web.Test.UI.LoyaltyWeb.LoyaltyRegisterTests, Nordstrom.Web.Test.UI.LoyaltyWeb, Version=1.0.0.0, Culture=neutral, PublicKeyToken=null" name="TenderNeutralRewardsRegister_GuestUserEnrollWithExistingPhoneAndEmailinEnrollProgram_ShouldFailInEnroll" />
    </UnitTest>
    <UnitTest name="TenderNeutralAssociationPage_TenderNeutralAssociationFeatureFlagOff_UserRedirectedToHomePage" storage="c:\loyaltywebtest\web\test\ui\loyaltyweb\loyaltywebtest\loyaltywebtest\bin\debug\nordstrom.web.test.ui.loyaltyweb.dll" id="58e6c602-14c2-9d55-77c9-65e620bc43e6">
      <Description>Verify that user is redirected to Home page when TenderNeutralAssociation featureflag is off</Description>
      <TestCategory>
        <TestCategoryItem TestCategory="LoyaltyTenderNeutralBVT" />
        <TestCategoryItem TestCategory="LoyaltyAssociation" />
      </TestCategory>
      <DeploymentItems>
        <DeploymentItem filename="ExternalBinaries" outputDirectory=".\ExternalBinaries" />
        <DeploymentItem filename="TestData" outputDirectory=".\TestData" />
        <DeploymentItem filename="TestRunConfig" outputDirectory=".\TestRunConfig" />
      </DeploymentItems>
      <Execution id="65d16161-79f3-43d6-84c5-eed7e9396274" />
      <TestMethod codeBase="C:/LoyaltyWebTest/Web/Test/UI/LoyaltyWeb/LoyaltyWebTest/LoyaltyWebTest/bin/Debug/Nordstrom.Web.Test.UI.LoyaltyWeb.DLL" adapterTypeName="Microsoft.VisualStudio.TestTools.TestTypes.Unit.UnitTestAdapter, Microsoft.VisualStudio.QualityTools.Tips.UnitTest.Adapter, Version=12.0.0.0, Culture=neutral, PublicKeyToken=b03f5f7f11d50a3a" className="Nordstrom.Web.Test.UI.LoyaltyWeb.LoyaltyAssociationTests, Nordstrom.Web.Test.UI.LoyaltyWeb, Version=1.0.0.0, Culture=neutral, PublicKeyToken=null" name="TenderNeutralAssociationPage_TenderNeutralAssociationFeatureFlagOff_UserRedirectedToHomePage" />
    </UnitTest>
    <UnitTest name="ApplyAndBuy_ExistingRegisteredUserShoppingWithDebitCard_OrderSuccessfullyPlacedWithNewDebitCard" storage="c:\loyaltywebtest\web\test\ui\loyaltyweb\loyaltywebtest\loyaltywebtest\bin\debug\nordstrom.web.test.ui.loyaltyweb.dll" id="3c220397-a949-a414-da8d-2d93343ec752">
      <Description>Log in as a registered user and apply for a nordstrom debit card and verify successful order placement</Description>
      <TestCategory>
        <TestCategoryItem TestCategory="ApplyAndbuy EndToEnd" />
      </TestCategory>
      <DeploymentItems>
        <DeploymentItem filename="ExternalBinaries" outputDirectory=".\ExternalBinaries" />
        <DeploymentItem filename="TestData" outputDirectory=".\TestData" />
        <DeploymentItem filename="TestRunConfig" outputDirectory=".\TestRunConfig" />
      </DeploymentItems>
      <Execution id="9507108f-3a90-424b-a8ef-a9d1dc5ce590" />
      <TestMethod codeBase="C:/LoyaltyWebTest/Web/Test/UI/LoyaltyWeb/LoyaltyWebTest/LoyaltyWebTest/bin/Debug/Nordstrom.Web.Test.UI.LoyaltyWeb.DLL" adapterTypeName="Microsoft.VisualStudio.TestTools.TestTypes.Unit.UnitTestAdapter, Microsoft.VisualStudio.QualityTools.Tips.UnitTest.Adapter, Version=12.0.0.0, Culture=neutral, PublicKeyToken=b03f5f7f11d50a3a" className="Nordstrom.Web.Test.UI.LoyaltyWeb.ApplyAndBuyTests, Nordstrom.Web.Test.UI.LoyaltyWeb, Version=1.0.0.0, Culture=neutral, PublicKeyToken=null" name="ApplyAndBuy_ExistingRegisteredUserShoppingWithDebitCard_OrderSuccessfullyPlacedWithNewDebitCard" />
    </UnitTest>
    <UnitTest name="MobileVerificationPage_WhenEnrolledUserTypeWrongDigitCode_ShouldGetWrongCodeMessage" storage="c:\loyaltywebtest\web\test\ui\loyaltyweb\loyaltywebtest\loyaltywebtest\bin\debug\nordstrom.web.test.ui.loyaltyweb.dll" id="d0f4ec86-2b86-2cd8-ac68-409545882993">
      <Description>Enrolled User should see wrong digit code message when typing wrong 6 digit code in verificaiton page.</Description>
      <TestCategory>
        <TestCategoryItem TestCategory="LoyaltyTenderNeutral Regression" />
        <TestCategoryItem TestCategory="Verification Regression" />
      </TestCategory>
      <DeploymentItems>
        <DeploymentItem filename="ExternalBinaries" outputDirectory=".\ExternalBinaries" />
        <DeploymentItem filename="TestData" outputDirectory=".\TestData" />
        <DeploymentItem filename="TestRunConfig" outputDirectory=".\TestRunConfig" />
      </DeploymentItems>
      <Execution id="960563a1-1778-4d67-a7f1-0ea65c23bcd8" />
      <TestMethod codeBase="C:/LoyaltyWebTest/Web/Test/UI/LoyaltyWeb/LoyaltyWebTest/LoyaltyWebTest/bin/Debug/Nordstrom.Web.Test.UI.LoyaltyWeb.DLL" adapterTypeName="Microsoft.VisualStudio.TestTools.TestTypes.Unit.UnitTestAdapter, Microsoft.VisualStudio.QualityTools.Tips.UnitTest.Adapter, Version=12.0.0.0, Culture=neutral, PublicKeyToken=b03f5f7f11d50a3a" className="Nordstrom.Web.Test.UI.LoyaltyWeb.LoyaltyTenderNeutralMobileVerificationPageTests, Nordstrom.Web.Test.UI.LoyaltyWeb, Version=1.0.0.0, Culture=neutral, PublicKeyToken=null" name="MobileVerificationPage_WhenEnrolledUserTypeWrongDigitCode_ShouldGetWrongCodeMessage" />
    </UnitTest>
    <UnitTest name="TenderNeutralEarn_AuthenticatedUserNotLinkedNordAccountAndTNNumber_RewardsSectionDispayedInOrderSubmitPage" storage="c:\loyaltywebtest\web\test\ui\loyaltyweb\loyaltywebtest\loyaltywebtest\bin\debug\nordstrom.web.test.ui.loyaltyweb.dll" id="5c6698e8-7f51-b362-71a2-8ce939c3580d">
      <Description>Verify that an authenticated user who has not linked N.com and TN number is able to see Rewards section in Ordersubmit page.</Description>
      <TestCategory>
        <TestCategoryItem TestCategory="EarnTests" />
      </TestCategory>
      <DeploymentItems>
        <DeploymentItem filename="ExternalBinaries" outputDirectory=".\ExternalBinaries" />
        <DeploymentItem filename="TestData" outputDirectory=".\TestData" />
        <DeploymentItem filename="TestRunConfig" outputDirectory=".\TestRunConfig" />
      </DeploymentItems>
      <Execution id="7ca1e337-3a1f-45f8-96fa-c9f4263596b5" />
      <TestMethod codeBase="C:/LoyaltyWebTest/Web/Test/UI/LoyaltyWeb/LoyaltyWebTest/LoyaltyWebTest/bin/Debug/Nordstrom.Web.Test.UI.LoyaltyWeb.DLL" adapterTypeName="Microsoft.VisualStudio.TestTools.TestTypes.Unit.UnitTestAdapter, Microsoft.VisualStudio.QualityTools.Tips.UnitTest.Adapter, Version=12.0.0.0, Culture=neutral, PublicKeyToken=b03f5f7f11d50a3a" className="Nordstrom.Web.Test.UI.LoyaltyWeb.LoyaltyEarnTests, Nordstrom.Web.Test.UI.LoyaltyWeb, Version=1.0.0.0, Culture=neutral, PublicKeyToken=null" name="TenderNeutralEarn_AuthenticatedUserNotLinkedNordAccountAndTNNumber_RewardsSectionDispayedInOrderSubmitPage" />
    </UnitTest>
    <UnitTest name="ApplyAndBuy_GuestUserApplyForNewVisaCardAndRegisterAsANewUserAfterCardConfirmation_OrderSuccessfullyPlacedWithNewVisaCard" storage="c:\loyaltywebtest\web\test\ui\loyaltyweb\loyaltywebtest\loyaltywebtest\bin\debug\nordstrom.web.test.ui.loyaltyweb.dll" id="29859a34-d2ec-6bf5-66bf-30f6009dcdd5">
      <Description>Verify that a guest user can apply for a visa card, register as a new user from the confirmation pageand place order with the instant approved visa card</Description>
      <TestCategory>
        <TestCategoryItem TestCategory="ApplyAndbuy EndToEnd" />
      </TestCategory>
      <DeploymentItems>
        <DeploymentItem filename="ExternalBinaries" outputDirectory=".\ExternalBinaries" />
        <DeploymentItem filename="TestData" outputDirectory=".\TestData" />
        <DeploymentItem filename="TestRunConfig" outputDirectory=".\TestRunConfig" />
      </DeploymentItems>
      <Execution id="c4dbf5e3-60b1-4373-a1d8-a429c79a2674" />
      <TestMethod codeBase="C:/LoyaltyWebTest/Web/Test/UI/LoyaltyWeb/LoyaltyWebTest/LoyaltyWebTest/bin/Debug/Nordstrom.Web.Test.UI.LoyaltyWeb.DLL" adapterTypeName="Microsoft.VisualStudio.TestTools.TestTypes.Unit.UnitTestAdapter, Microsoft.VisualStudio.QualityTools.Tips.UnitTest.Adapter, Version=12.0.0.0, Culture=neutral, PublicKeyToken=b03f5f7f11d50a3a" className="Nordstrom.Web.Test.UI.LoyaltyWeb.ApplyAndBuyTests, Nordstrom.Web.Test.UI.LoyaltyWeb, Version=1.0.0.0, Culture=neutral, PublicKeyToken=null" name="ApplyAndBuy_GuestUserApplyForNewVisaCardAndRegisterAsANewUserAfterCardConfirmation_OrderSuccessfullyPlacedWithNewVisaCard" />
    </UnitTest>
    <UnitTest name="TenderNeutralRewardsEnroll_LoyaltyTenderNeutralUnrecognisedUserLeavePasswordFieldBlank_ErrorMessageDisplayedSuccessfully" storage="c:\loyaltywebtest\web\test\ui\loyaltyweb\loyaltywebtest\loyaltywebtest\bin\debug\nordstrom.web.test.ui.loyaltyweb.dll" id="f8f31b6e-9a57-18ef-ecb2-7d1dc23e1ba3">
      <Description>Verify that error message appear for phone number field when it is left blank for unrecognised user</Description>
      <TestCategory>
        <TestCategoryItem TestCategory="LoyaltyTenderNeutral Regression" />
        <TestCategoryItem TestCategory="LoyaltyWeb" />
      </TestCategory>
      <DeploymentItems>
        <DeploymentItem filename="ExternalBinaries" outputDirectory=".\ExternalBinaries" />
        <DeploymentItem filename="TestData" outputDirectory=".\TestData" />
        <DeploymentItem filename="TestRunConfig" outputDirectory=".\TestRunConfig" />
      </DeploymentItems>
      <Execution id="c85667b9-62ec-46b0-8ece-07c903d46425" />
      <TestMethod codeBase="C:/LoyaltyWebTest/Web/Test/UI/LoyaltyWeb/LoyaltyWebTest/LoyaltyWebTest/bin/Debug/Nordstrom.Web.Test.UI.LoyaltyWeb.DLL" adapterTypeName="Microsoft.VisualStudio.TestTools.TestTypes.Unit.UnitTestAdapter, Microsoft.VisualStudio.QualityTools.Tips.UnitTest.Adapter, Version=12.0.0.0, Culture=neutral, PublicKeyToken=b03f5f7f11d50a3a" className="Nordstrom.Web.Test.UI.LoyaltyWeb.LoyaltyRegisterTests, Nordstrom.Web.Test.UI.LoyaltyWeb, Version=1.0.0.0, Culture=neutral, PublicKeyToken=null" name="TenderNeutralRewardsEnroll_LoyaltyTenderNeutralUnrecognisedUserLeavePasswordFieldBlank_ErrorMessageDisplayedSuccessfully" />
    </UnitTest>
    <UnitTest name="LoyaltyLearnPage_WhenTypeRightURL_ShouldRenderLearnPage" storage="c:\loyaltywebtest\web\test\ui\loyaltyweb\loyaltywebtest\loyaltywebtest\bin\debug\nordstrom.web.test.ui.loyaltyweb.dll" id="5e694850-8294-57c8-4195-a3f1001f6ca7">
      <Description>Learn Page can be rendered correctly</Description>
      <TestCategory>
        <TestCategoryItem TestCategory="Learn" />
      </TestCategory>
      <DeploymentItems>
        <DeploymentItem filename="ExternalBinaries" outputDirectory=".\ExternalBinaries" />
        <DeploymentItem filename="TestData" outputDirectory=".\TestData" />
        <DeploymentItem filename="TestRunConfig" outputDirectory=".\TestRunConfig" />
      </DeploymentItems>
      <Execution id="6b8a2c57-bb8e-43d3-82b4-8549945bfcd2" />
      <TestMethod codeBase="C:/LoyaltyWebTest/Web/Test/UI/LoyaltyWeb/LoyaltyWebTest/LoyaltyWebTest/bin/Debug/Nordstrom.Web.Test.UI.LoyaltyWeb.DLL" adapterTypeName="Microsoft.VisualStudio.TestTools.TestTypes.Unit.UnitTestAdapter, Microsoft.VisualStudio.QualityTools.Tips.UnitTest.Adapter, Version=12.0.0.0, Culture=neutral, PublicKeyToken=b03f5f7f11d50a3a" className="Nordstrom.Web.Test.UI.LoyaltyWeb.LoyaltyLearnTests, Nordstrom.Web.Test.UI.LoyaltyWeb, Version=1.0.0.0, Culture=neutral, PublicKeyToken=null" name="LoyaltyLearnPage_WhenTypeRightURL_ShouldRenderLearnPage" />
    </UnitTest>
    <UnitTest name="TenderNeutralAssociation_WebAccountAssociationFromStoreCustomer_ShouldSucceed" storage="c:\loyaltywebtest\web\test\ui\loyaltyweb\loyaltywebtest\loyaltywebtest\bin\debug\nordstrom.web.test.ui.loyaltyweb.dll" id="0f205b7b-b7e4-d1b8-1e8c-26d1b4231555">
      <Description>Verify that when store enrolled user goes to Association page, he can type in his email and phone number and associate to web account.</Description>
      <TestCategory>
        <TestCategoryItem TestCategory="Association" />
      </TestCategory>
      <DeploymentItems>
        <DeploymentItem filename="ExternalBinaries" outputDirectory=".\ExternalBinaries" />
        <DeploymentItem filename="TestData" outputDirectory=".\TestData" />
        <DeploymentItem filename="TestRunConfig" outputDirectory=".\TestRunConfig" />
      </DeploymentItems>
      <Execution id="76010de6-da67-4fb1-957f-4abb599df753" />
      <TestMethod codeBase="C:/LoyaltyWebTest/Web/Test/UI/LoyaltyWeb/LoyaltyWebTest/LoyaltyWebTest/bin/Debug/Nordstrom.Web.Test.UI.LoyaltyWeb.DLL" adapterTypeName="Microsoft.VisualStudio.TestTools.TestTypes.Unit.UnitTestAdapter, Microsoft.VisualStudio.QualityTools.Tips.UnitTest.Adapter, Version=12.0.0.0, Culture=neutral, PublicKeyToken=b03f5f7f11d50a3a" className="Nordstrom.Web.Test.UI.LoyaltyWeb.LoyaltyAssociationTests, Nordstrom.Web.Test.UI.LoyaltyWeb, Version=1.0.0.0, Culture=neutral, PublicKeyToken=null" name="TenderNeutralAssociation_WebAccountAssociationFromStoreCustomer_ShouldSucceed" />
    </UnitTest>
    <UnitTest name="TenderNeutralRewardsEnroll_LoyaltyTenderNeutralGuestUserPasswordFieldSpecialCharactersEntry_ErrorMessageDisplayedSuccessfully" storage="c:\loyaltywebtest\web\test\ui\loyaltyweb\loyaltywebtest\loyaltywebtest\bin\debug\nordstrom.web.test.ui.loyaltyweb.dll" id="98f3b8cc-a409-a327-2cce-f0ebee095d09">
      <Description>Verify the error message displayed for the invalid entry of special characters in Password field</Description>
      <TestCategory>
        <TestCategoryItem TestCategory="LoyaltyTenderNeutral Regression" />
        <TestCategoryItem TestCategory="LoyaltyWeb" />
      </TestCategory>
      <DeploymentItems>
        <DeploymentItem filename="ExternalBinaries" outputDirectory=".\ExternalBinaries" />
        <DeploymentItem filename="TestData" outputDirectory=".\TestData" />
        <DeploymentItem filename="TestRunConfig" outputDirectory=".\TestRunConfig" />
      </DeploymentItems>
      <Execution id="13bfec25-c8bb-4c19-85df-a37658807b5b" />
      <TestMethod codeBase="C:/LoyaltyWebTest/Web/Test/UI/LoyaltyWeb/LoyaltyWebTest/LoyaltyWebTest/bin/Debug/Nordstrom.Web.Test.UI.LoyaltyWeb.DLL" adapterTypeName="Microsoft.VisualStudio.TestTools.TestTypes.Unit.UnitTestAdapter, Microsoft.VisualStudio.QualityTools.Tips.UnitTest.Adapter, Version=12.0.0.0, Culture=neutral, PublicKeyToken=b03f5f7f11d50a3a" className="Nordstrom.Web.Test.UI.LoyaltyWeb.LoyaltyRegisterTests, Nordstrom.Web.Test.UI.LoyaltyWeb, Version=1.0.0.0, Culture=neutral, PublicKeyToken=null" name="TenderNeutralRewardsEnroll_LoyaltyTenderNeutralGuestUserPasswordFieldSpecialCharactersEntry_ErrorMessageDisplayedSuccessfully" />
    </UnitTest>
    <UnitTest name="TenderNeutralRewardsEnroll_LoyaltyTenderNeutralRegisteredAuthenticatedUser_EmailPrePopulationVerificationSuccessful" storage="c:\loyaltywebtest\web\test\ui\loyaltyweb\loyaltywebtest\loyaltywebtest\bin\debug\nordstrom.web.test.ui.loyaltyweb.dll" id="f70e1f82-15d8-1be1-b2b4-b9f0d083e660">
      <Description>Verify pre-population of email field on loyalty enroll page for a N.com Registered user</Description>
      <TestCategory>
        <TestCategoryItem TestCategory="LoyaltyWeb" />
        <TestCategoryItem TestCategory="LoyaltyTenderNeutralBVT" />
      </TestCategory>
      <DeploymentItems>
        <DeploymentItem filename="ExternalBinaries" outputDirectory=".\ExternalBinaries" />
        <DeploymentItem filename="TestData" outputDirectory=".\TestData" />
        <DeploymentItem filename="TestRunConfig" outputDirectory=".\TestRunConfig" />
      </DeploymentItems>
      <Execution id="7dfa00ca-9316-4745-8d87-a2144a3e6b35" />
      <TestMethod codeBase="C:/LoyaltyWebTest/Web/Test/UI/LoyaltyWeb/LoyaltyWebTest/LoyaltyWebTest/bin/Debug/Nordstrom.Web.Test.UI.LoyaltyWeb.DLL" adapterTypeName="Microsoft.VisualStudio.TestTools.TestTypes.Unit.UnitTestAdapter, Microsoft.VisualStudio.QualityTools.Tips.UnitTest.Adapter, Version=12.0.0.0, Culture=neutral, PublicKeyToken=b03f5f7f11d50a3a" className="Nordstrom.Web.Test.UI.LoyaltyWeb.LoyaltyRegisterTests, Nordstrom.Web.Test.UI.LoyaltyWeb, Version=1.0.0.0, Culture=neutral, PublicKeyToken=null" name="TenderNeutralRewardsEnroll_LoyaltyTenderNeutralRegisteredAuthenticatedUser_EmailPrePopulationVerificationSuccessful" />
    </UnitTest>
    <UnitTest name="TenderNeutralRewardsEnroll_EnrollingWebAuthenticatedUser_LoyaltyWebAccountCreatedSuccessfully" storage="c:\loyaltywebtest\web\test\ui\loyaltyweb\loyaltywebtest\loyaltywebtest\bin\debug\nordstrom.web.test.ui.loyaltyweb.dll" id="d4e6916d-b5c3-4e34-a42a-88ee7c6ccaa9">
      <Description>Verify the creation of a new loyalty web account for a N.com registered authenticated user</Description>
      <TestCategory>
        <TestCategoryItem TestCategory="LoyaltyTenderNeutralUserAcceptance" />
        <TestCategoryItem TestCategory="LoyaltyWeb" />
      </TestCategory>
      <DeploymentItems>
        <DeploymentItem filename="ExternalBinaries" outputDirectory=".\ExternalBinaries" />
        <DeploymentItem filename="TestData" outputDirectory=".\TestData" />
        <DeploymentItem filename="TestRunConfig" outputDirectory=".\TestRunConfig" />
      </DeploymentItems>
      <Execution id="5b13e4dd-0575-44de-86fd-ebe56d824851" />
      <TestMethod codeBase="C:/LoyaltyWebTest/Web/Test/UI/LoyaltyWeb/LoyaltyWebTest/LoyaltyWebTest/bin/Debug/Nordstrom.Web.Test.UI.LoyaltyWeb.DLL" adapterTypeName="Microsoft.VisualStudio.TestTools.TestTypes.Unit.UnitTestAdapter, Microsoft.VisualStudio.QualityTools.Tips.UnitTest.Adapter, Version=12.0.0.0, Culture=neutral, PublicKeyToken=b03f5f7f11d50a3a" className="Nordstrom.Web.Test.UI.LoyaltyWeb.LoyaltyRegisterTests, Nordstrom.Web.Test.UI.LoyaltyWeb, Version=1.0.0.0, Culture=neutral, PublicKeyToken=null" name="TenderNeutralRewardsEnroll_EnrollingWebAuthenticatedUser_LoyaltyWebAccountCreatedSuccessfully" />
    </UnitTest>
    <UnitTest name="MobileVerificationPageModalPopupsValidation_CloseButtonInDidntGetACodeModalValidation_CloseButtonInDidntGetACodeModalClosedModalSuccessfully" storage="c:\loyaltywebtest\web\test\ui\loyaltyweb\loyaltywebtest\loyaltywebtest\bin\debug\nordstrom.web.test.ui.loyaltyweb.dll" id="23010815-be15-7fb0-5f11-ae62528f19b0">
      <Description>Didn't Get A Code Modal Popup Close Button Functionality verification</Description>
      <TestCategory>
        <TestCategoryItem TestCategory="LoyaltyTenderNeutral Regression" />
      </TestCategory>
      <DeploymentItems>
        <DeploymentItem filename="ExternalBinaries" outputDirectory=".\ExternalBinaries" />
        <DeploymentItem filename="TestData" outputDirectory=".\TestData" />
        <DeploymentItem filename="TestRunConfig" outputDirectory=".\TestRunConfig" />
      </DeploymentItems>
      <Execution id="aac56d02-d043-46c2-bb0e-34921bd3e11f" />
      <TestMethod codeBase="C:/LoyaltyWebTest/Web/Test/UI/LoyaltyWeb/LoyaltyWebTest/LoyaltyWebTest/bin/Debug/Nordstrom.Web.Test.UI.LoyaltyWeb.DLL" adapterTypeName="Microsoft.VisualStudio.TestTools.TestTypes.Unit.UnitTestAdapter, Microsoft.VisualStudio.QualityTools.Tips.UnitTest.Adapter, Version=12.0.0.0, Culture=neutral, PublicKeyToken=b03f5f7f11d50a3a" className="Nordstrom.Web.Test.UI.LoyaltyWeb.LoyaltyTenderNeutralMobileVerificationPageTests, Nordstrom.Web.Test.UI.LoyaltyWeb, Version=1.0.0.0, Culture=neutral, PublicKeyToken=null" name="MobileVerificationPageModalPopupsValidation_CloseButtonInDidntGetACodeModalValidation_CloseButtonInDidntGetACodeModalClosedModalSuccessfully" />
    </UnitTest>
    <UnitTest name="ApplyAndBuy_AuthenticatedNewUserApplyForDebitCard_PlaceOrderWithInstantApprovedDebitCard" storage="c:\loyaltywebtest\web\test\ui\loyaltyweb\loyaltywebtest\loyaltywebtest\bin\debug\nordstrom.web.test.ui.loyaltyweb.dll" id="f6a49cf4-cec6-b39d-0a74-ea69e0256c99">
      <Description>Verify that the  newly registered user is able to apply for a debit card and place an order with the instant approved debit card </Description>
      <TestCategory>
        <TestCategoryItem TestCategory="ApplyAndbuy EndToEnd" />
      </TestCategory>
      <DeploymentItems>
        <DeploymentItem filename="ExternalBinaries" outputDirectory=".\ExternalBinaries" />
        <DeploymentItem filename="TestData" outputDirectory=".\TestData" />
        <DeploymentItem filename="TestRunConfig" outputDirectory=".\TestRunConfig" />
      </DeploymentItems>
      <Execution id="b02ae592-66d7-4e05-a329-80a99f453f07" />
      <TestMethod codeBase="C:/LoyaltyWebTest/Web/Test/UI/LoyaltyWeb/LoyaltyWebTest/LoyaltyWebTest/bin/Debug/Nordstrom.Web.Test.UI.LoyaltyWeb.DLL" adapterTypeName="Microsoft.VisualStudio.TestTools.TestTypes.Unit.UnitTestAdapter, Microsoft.VisualStudio.QualityTools.Tips.UnitTest.Adapter, Version=12.0.0.0, Culture=neutral, PublicKeyToken=b03f5f7f11d50a3a" className="Nordstrom.Web.Test.UI.LoyaltyWeb.ApplyAndBuyTests, Nordstrom.Web.Test.UI.LoyaltyWeb, Version=1.0.0.0, Culture=neutral, PublicKeyToken=null" name="ApplyAndBuy_AuthenticatedNewUserApplyForDebitCard_PlaceOrderWithInstantApprovedDebitCard" />
    </UnitTest>
    <UnitTest name="TenderNeutralAssociation_RecognizedUserEnrolledFromStoreGoToWebAssociationPage_ShouldSucceed" storage="c:\loyaltywebtest\web\test\ui\loyaltyweb\loyaltywebtest\loyaltywebtest\bin\debug\nordstrom.web.test.ui.loyaltyweb.dll" id="0e2f18c3-d10a-4d1b-1605-98e29230b088">
      <Description>Verify that when recognized user enrolled into loyalty from Store goes to Association page, he can type in his email and phone number and associate to loyalty program.</Description>
      <TestCategory>
        <TestCategoryItem TestCategory="LoyaltyTenderNeutral Regression" />
        <TestCategoryItem TestCategory="ppp" />
      </TestCategory>
      <DeploymentItems>
        <DeploymentItem filename="ExternalBinaries" outputDirectory=".\ExternalBinaries" />
        <DeploymentItem filename="TestData" outputDirectory=".\TestData" />
        <DeploymentItem filename="TestRunConfig" outputDirectory=".\TestRunConfig" />
      </DeploymentItems>
      <Execution id="7626f34f-04e9-4827-8fd7-70ec84d3310e" />
      <TestMethod codeBase="C:/LoyaltyWebTest/Web/Test/UI/LoyaltyWeb/LoyaltyWebTest/LoyaltyWebTest/bin/Debug/Nordstrom.Web.Test.UI.LoyaltyWeb.DLL" adapterTypeName="Microsoft.VisualStudio.TestTools.TestTypes.Unit.UnitTestAdapter, Microsoft.VisualStudio.QualityTools.Tips.UnitTest.Adapter, Version=12.0.0.0, Culture=neutral, PublicKeyToken=b03f5f7f11d50a3a" className="Nordstrom.Web.Test.UI.LoyaltyWeb.LoyaltyAssociationTests, Nordstrom.Web.Test.UI.LoyaltyWeb, Version=1.0.0.0, Culture=neutral, PublicKeyToken=null" name="TenderNeutralAssociation_RecognizedUserEnrolledFromStoreGoToWebAssociationPage_ShouldSucceed" />
    </UnitTest>
    <UnitTest name="ApplyandBuy_GuestUserApplyForNewDebitCard_ShoppingSuccessfulWithNewDebitCardAddedToWallet" storage="c:\loyaltywebtest\web\test\ui\loyaltyweb\loyaltywebtest\loyaltywebtest\bin\debug\nordstrom.web.test.ui.loyaltyweb.dll" id="7e069a12-faf6-ada5-7c7e-730fdd13496c">
      <Description>Apply for Nordsrom Debit Card as a guest user, register after card confirmation and successfully place an order with newly added card to wallet</Description>
      <TestCategory>
        <TestCategoryItem TestCategory="ApplyAndbuy EndToEnd" />
      </TestCategory>
      <DeploymentItems>
        <DeploymentItem filename="ExternalBinaries" outputDirectory=".\ExternalBinaries" />
        <DeploymentItem filename="TestData" outputDirectory=".\TestData" />
        <DeploymentItem filename="TestRunConfig" outputDirectory=".\TestRunConfig" />
      </DeploymentItems>
      <Execution id="9d0bf143-3ad1-41fb-9b41-0000806e8da8" />
      <TestMethod codeBase="C:/LoyaltyWebTest/Web/Test/UI/LoyaltyWeb/LoyaltyWebTest/LoyaltyWebTest/bin/Debug/Nordstrom.Web.Test.UI.LoyaltyWeb.DLL" adapterTypeName="Microsoft.VisualStudio.TestTools.TestTypes.Unit.UnitTestAdapter, Microsoft.VisualStudio.QualityTools.Tips.UnitTest.Adapter, Version=12.0.0.0, Culture=neutral, PublicKeyToken=b03f5f7f11d50a3a" className="Nordstrom.Web.Test.UI.LoyaltyWeb.ApplyAndBuyTests, Nordstrom.Web.Test.UI.LoyaltyWeb, Version=1.0.0.0, Culture=neutral, PublicKeyToken=null" name="ApplyandBuy_GuestUserApplyForNewDebitCard_ShoppingSuccessfulWithNewDebitCardAddedToWallet" />
    </UnitTest>
    <UnitTest name="TenderNeutralAssociation_ClickOnLinksAndLogosRedirectedToCorresponingPageForAuthenticatedUser" storage="c:\loyaltywebtest\web\test\ui\loyaltyweb\loyaltywebtest\loyaltywebtest\bin\debug\nordstrom.web.test.ui.loyaltyweb.dll" id="420b8e42-f39e-d346-0c12-1e07533b1984">
      <Description>Authenticated user verifies the links and logos in success association page</Description>
      <TestCategory>
        <TestCategoryItem TestCategory="LoyaltyTenderNeutral Regression" />
        <TestCategoryItem TestCategory="ppp" />
      </TestCategory>
      <DeploymentItems>
        <DeploymentItem filename="ExternalBinaries" outputDirectory=".\ExternalBinaries" />
        <DeploymentItem filename="TestData" outputDirectory=".\TestData" />
        <DeploymentItem filename="TestRunConfig" outputDirectory=".\TestRunConfig" />
      </DeploymentItems>
      <Execution id="a7c42fbc-d002-4ce8-b8b5-2bcd266aa555" />
      <TestMethod codeBase="C:/LoyaltyWebTest/Web/Test/UI/LoyaltyWeb/LoyaltyWebTest/LoyaltyWebTest/bin/Debug/Nordstrom.Web.Test.UI.LoyaltyWeb.DLL" adapterTypeName="Microsoft.VisualStudio.TestTools.TestTypes.Unit.UnitTestAdapter, Microsoft.VisualStudio.QualityTools.Tips.UnitTest.Adapter, Version=12.0.0.0, Culture=neutral, PublicKeyToken=b03f5f7f11d50a3a" className="Nordstrom.Web.Test.UI.LoyaltyWeb.LoyaltyAssociationTests, Nordstrom.Web.Test.UI.LoyaltyWeb, Version=1.0.0.0, Culture=neutral, PublicKeyToken=null" name="TenderNeutralAssociation_ClickOnLinksAndLogosRedirectedToCorresponingPageForAuthenticatedUser" />
    </UnitTest>
    <UnitTest name="LoyaltyWelcomePage_NordstromLogo_ShouldRender" storage="c:\loyaltywebtest\web\test\ui\loyaltyweb\loyaltywebtest\loyaltywebtest\bin\debug\nordstrom.web.test.ui.loyaltyweb.dll" id="6e08402d-8997-90dc-9b66-886438ad27db">
      <Description>Nordstrom logo should navigate to the right URL</Description>
      <TestCategory>
        <TestCategoryItem TestCategory="Welcome" />
      </TestCategory>
      <DeploymentItems>
        <DeploymentItem filename="ExternalBinaries" outputDirectory=".\ExternalBinaries" />
        <DeploymentItem filename="TestData" outputDirectory=".\TestData" />
        <DeploymentItem filename="TestRunConfig" outputDirectory=".\TestRunConfig" />
      </DeploymentItems>
      <Execution id="547a4885-f05d-4b29-97f9-5a296618cdb7" />
      <TestMethod codeBase="C:/LoyaltyWebTest/Web/Test/UI/LoyaltyWeb/LoyaltyWebTest/LoyaltyWebTest/bin/Debug/Nordstrom.Web.Test.UI.LoyaltyWeb.DLL" adapterTypeName="Microsoft.VisualStudio.TestTools.TestTypes.Unit.UnitTestAdapter, Microsoft.VisualStudio.QualityTools.Tips.UnitTest.Adapter, Version=12.0.0.0, Culture=neutral, PublicKeyToken=b03f5f7f11d50a3a" className="Nordstrom.Web.Test.UI.LoyaltyWeb.LoyaltyWelcomeTests, Nordstrom.Web.Test.UI.LoyaltyWeb, Version=1.0.0.0, Culture=neutral, PublicKeyToken=null" name="LoyaltyWelcomePage_NordstromLogo_ShouldRender" />
    </UnitTest>
    <UnitTest name="TenderNeutralRewardsEnroll_LoyaltyTenderNeutralUnrecognisedUserLeaveLastNameFieldBlank_ErrorMessageDisplayedSuccessfully" storage="c:\loyaltywebtest\web\test\ui\loyaltyweb\loyaltywebtest\loyaltywebtest\bin\debug\nordstrom.web.test.ui.loyaltyweb.dll" id="cf957190-74f0-1644-0567-383976a0bbbf">
      <Description>Verify that error message appear for last name field when it is left blank for unrecognised user</Description>
      <TestCategory>
        <TestCategoryItem TestCategory="LoyaltyTenderNeutral Regression" />
        <TestCategoryItem TestCategory="LoyaltyWeb" />
      </TestCategory>
      <DeploymentItems>
        <DeploymentItem filename="ExternalBinaries" outputDirectory=".\ExternalBinaries" />
        <DeploymentItem filename="TestData" outputDirectory=".\TestData" />
        <DeploymentItem filename="TestRunConfig" outputDirectory=".\TestRunConfig" />
      </DeploymentItems>
      <Execution id="37af4d7c-b8c7-48c7-8771-fdc6694d2823" />
      <TestMethod codeBase="C:/LoyaltyWebTest/Web/Test/UI/LoyaltyWeb/LoyaltyWebTest/LoyaltyWebTest/bin/Debug/Nordstrom.Web.Test.UI.LoyaltyWeb.DLL" adapterTypeName="Microsoft.VisualStudio.TestTools.TestTypes.Unit.UnitTestAdapter, Microsoft.VisualStudio.QualityTools.Tips.UnitTest.Adapter, Version=12.0.0.0, Culture=neutral, PublicKeyToken=b03f5f7f11d50a3a" className="Nordstrom.Web.Test.UI.LoyaltyWeb.LoyaltyRegisterTests, Nordstrom.Web.Test.UI.LoyaltyWeb, Version=1.0.0.0, Culture=neutral, PublicKeyToken=null" name="TenderNeutralRewardsEnroll_LoyaltyTenderNeutralUnrecognisedUserLeaveLastNameFieldBlank_ErrorMessageDisplayedSuccessfully" />
    </UnitTest>
    <UnitTest name="TenderNeutralRewardsRegister_GuestUserRegistrationWithLongerPhoneNumber_ShouldGetErrorMessageButWebAccountCreatedSuccessfully" storage="c:\loyaltywebtest\web\test\ui\loyaltyweb\loyaltywebtest\loyaltywebtest\bin\debug\nordstrom.web.test.ui.loyaltyweb.dll" id="17fba494-c246-d3ef-ffcd-fd9dfdae82dd">
      <Description>Guest user enrolling with longer phone will get error message for enroll but create web account successfully.</Description>
      <TestCategory>
        <TestCategoryItem TestCategory="LoyaltyTenderNeutral Regression" />
      </TestCategory>
      <DeploymentItems>
        <DeploymentItem filename="ExternalBinaries" outputDirectory=".\ExternalBinaries" />
        <DeploymentItem filename="TestData" outputDirectory=".\TestData" />
        <DeploymentItem filename="TestRunConfig" outputDirectory=".\TestRunConfig" />
      </DeploymentItems>
      <Execution id="b354d0bd-fac7-4312-92f5-760160816660" />
      <TestMethod codeBase="C:/LoyaltyWebTest/Web/Test/UI/LoyaltyWeb/LoyaltyWebTest/LoyaltyWebTest/bin/Debug/Nordstrom.Web.Test.UI.LoyaltyWeb.DLL" adapterTypeName="Microsoft.VisualStudio.TestTools.TestTypes.Unit.UnitTestAdapter, Microsoft.VisualStudio.QualityTools.Tips.UnitTest.Adapter, Version=12.0.0.0, Culture=neutral, PublicKeyToken=b03f5f7f11d50a3a" className="Nordstrom.Web.Test.UI.LoyaltyWeb.LoyaltyRegisterTests, Nordstrom.Web.Test.UI.LoyaltyWeb, Version=1.0.0.0, Culture=neutral, PublicKeyToken=null" name="TenderNeutralRewardsRegister_GuestUserRegistrationWithLongerPhoneNumber_ShouldGetErrorMessageButWebAccountCreatedSuccessfully" />
    </UnitTest>
    <UnitTest name="TenderNeutralEnroll_When15MinutesPassWithoutAuthenticatedUserActivity_ExpectSessionTimeoutInfoShowAndUserInfoDisappear" storage="c:\loyaltywebtest\web\test\ui\loyaltyweb\loyaltywebtest\loyaltywebtest\bin\debug\nordstrom.web.test.ui.loyaltyweb.dll" id="988daa97-185a-b36c-e2bb-1662c7eee467">
      <Description>Verify that when 15 minutes pass without authenticated user input, session time out area is shown and existing user personal info disappear.</Description>
      <TestCategory>
        <TestCategoryItem TestCategory="LoyaltyTenderNeutral SensitiveData" />
      </TestCategory>
      <DeploymentItems>
        <DeploymentItem filename="ExternalBinaries" outputDirectory=".\ExternalBinaries" />
        <DeploymentItem filename="TestData" outputDirectory=".\TestData" />
        <DeploymentItem filename="TestRunConfig" outputDirectory=".\TestRunConfig" />
      </DeploymentItems>
      <Execution id="007cf172-7c7b-4ca8-9d7c-9e9b241bebb7" />
      <TestMethod codeBase="C:/LoyaltyWebTest/Web/Test/UI/LoyaltyWeb/LoyaltyWebTest/LoyaltyWebTest/bin/Debug/Nordstrom.Web.Test.UI.LoyaltyWeb.DLL" adapterTypeName="Microsoft.VisualStudio.TestTools.TestTypes.Unit.UnitTestAdapter, Microsoft.VisualStudio.QualityTools.Tips.UnitTest.Adapter, Version=12.0.0.0, Culture=neutral, PublicKeyToken=b03f5f7f11d50a3a" className="Nordstrom.Web.Test.UI.LoyaltyWeb.UserSensitiveDataCases, Nordstrom.Web.Test.UI.LoyaltyWeb, Version=1.0.0.0, Culture=neutral, PublicKeyToken=null" name="TenderNeutralEnroll_When15MinutesPassWithoutAuthenticatedUserActivity_ExpectSessionTimeoutInfoShowAndUserInfoDisappear" />
    </UnitTest>
    <UnitTest name="TenderNeutralRewardsRegister_TheUserWhoSucceedsInEnrollWithHisWebAccountEnrollsAgainWithSameWebAccount_ShouldFailBothEnrollAndAccountCreation" storage="c:\loyaltywebtest\web\test\ui\loyaltyweb\loyaltywebtest\loyaltywebtest\bin\debug\nordstrom.web.test.ui.loyaltyweb.dll" id="98f3ba08-a10b-9949-a79e-150238875d08">
      <Description>Guest user with enrollment account enrolls with same web account (connected with enrollment previously) should not succeed.</Description>
      <TestCategory>
        <TestCategoryItem TestCategory="LoyaltyTenderNeutral Regression" />
      </TestCategory>
      <DeploymentItems>
        <DeploymentItem filename="ExternalBinaries" outputDirectory=".\ExternalBinaries" />
        <DeploymentItem filename="TestData" outputDirectory=".\TestData" />
        <DeploymentItem filename="TestRunConfig" outputDirectory=".\TestRunConfig" />
      </DeploymentItems>
      <Execution id="353fa3f4-4ef4-487d-984b-eaa60e2b2239" />
      <TestMethod codeBase="C:/LoyaltyWebTest/Web/Test/UI/LoyaltyWeb/LoyaltyWebTest/LoyaltyWebTest/bin/Debug/Nordstrom.Web.Test.UI.LoyaltyWeb.DLL" adapterTypeName="Microsoft.VisualStudio.TestTools.TestTypes.Unit.UnitTestAdapter, Microsoft.VisualStudio.QualityTools.Tips.UnitTest.Adapter, Version=12.0.0.0, Culture=neutral, PublicKeyToken=b03f5f7f11d50a3a" className="Nordstrom.Web.Test.UI.LoyaltyWeb.LoyaltyRegisterTests, Nordstrom.Web.Test.UI.LoyaltyWeb, Version=1.0.0.0, Culture=neutral, PublicKeyToken=null" name="TenderNeutralRewardsRegister_TheUserWhoSucceedsInEnrollWithHisWebAccountEnrollsAgainWithSameWebAccount_ShouldFailBothEnrollAndAccountCreation" />
    </UnitTest>
    <UnitTest name="MobileVerificationPageModalPopupsValidation_GuestUserGetANewCodeModalContentValidation_GetANewCodeModalContentValidatedSuccessfully" storage="c:\loyaltywebtest\web\test\ui\loyaltyweb\loyaltywebtest\loyaltywebtest\bin\debug\nordstrom.web.test.ui.loyaltyweb.dll" id="d618c68d-88ae-88f4-1bc5-f56301e716ed">
      <Description>'Get a new code' Modal Popup verification and content validation for a guest user</Description>
      <TestCategory>
        <TestCategoryItem TestCategory="LoyaltyTenderNeutral Regression" />
      </TestCategory>
      <DeploymentItems>
        <DeploymentItem filename="ExternalBinaries" outputDirectory=".\ExternalBinaries" />
        <DeploymentItem filename="TestData" outputDirectory=".\TestData" />
        <DeploymentItem filename="TestRunConfig" outputDirectory=".\TestRunConfig" />
      </DeploymentItems>
      <Execution id="83f876d0-7bd1-456e-84ec-d1b62f4babdb" />
      <TestMethod codeBase="C:/LoyaltyWebTest/Web/Test/UI/LoyaltyWeb/LoyaltyWebTest/LoyaltyWebTest/bin/Debug/Nordstrom.Web.Test.UI.LoyaltyWeb.DLL" adapterTypeName="Microsoft.VisualStudio.TestTools.TestTypes.Unit.UnitTestAdapter, Microsoft.VisualStudio.QualityTools.Tips.UnitTest.Adapter, Version=12.0.0.0, Culture=neutral, PublicKeyToken=b03f5f7f11d50a3a" className="Nordstrom.Web.Test.UI.LoyaltyWeb.LoyaltyTenderNeutralMobileVerificationPageTests, Nordstrom.Web.Test.UI.LoyaltyWeb, Version=1.0.0.0, Culture=neutral, PublicKeyToken=null" name="MobileVerificationPageModalPopupsValidation_GuestUserGetANewCodeModalContentValidation_GetANewCodeModalContentValidatedSuccessfully" />
    </UnitTest>
    <UnitTest name="TenderNeutralAssociation_AuthenticatedUserEnrolledinLoyaltyFromServiceCenterToToWebAssociationPage_ShouldSucceed" storage="c:\loyaltywebtest\web\test\ui\loyaltyweb\loyaltywebtest\loyaltywebtest\bin\debug\nordstrom.web.test.ui.loyaltyweb.dll" id="e1e324d5-1895-b2a5-51fc-f5669f42b364">
      <Description>Verify that when authenticated user from Service Center loyalty enrollment program goes to Association page, he can type in his email and phone number and associate to loyalty program.</Description>
      <TestCategory>
        <TestCategoryItem TestCategory="Association" />
      </TestCategory>
      <DeploymentItems>
        <DeploymentItem filename="ExternalBinaries" outputDirectory=".\ExternalBinaries" />
        <DeploymentItem filename="TestData" outputDirectory=".\TestData" />
        <DeploymentItem filename="TestRunConfig" outputDirectory=".\TestRunConfig" />
      </DeploymentItems>
      <Execution id="06027402-2550-4286-ace9-155994b7dbb4" />
      <TestMethod codeBase="C:/LoyaltyWebTest/Web/Test/UI/LoyaltyWeb/LoyaltyWebTest/LoyaltyWebTest/bin/Debug/Nordstrom.Web.Test.UI.LoyaltyWeb.DLL" adapterTypeName="Microsoft.VisualStudio.TestTools.TestTypes.Unit.UnitTestAdapter, Microsoft.VisualStudio.QualityTools.Tips.UnitTest.Adapter, Version=12.0.0.0, Culture=neutral, PublicKeyToken=b03f5f7f11d50a3a" className="Nordstrom.Web.Test.UI.LoyaltyWeb.LoyaltyAssociationTests, Nordstrom.Web.Test.UI.LoyaltyWeb, Version=1.0.0.0, Culture=neutral, PublicKeyToken=null" name="TenderNeutralAssociation_AuthenticatedUserEnrolledinLoyaltyFromServiceCenterToToWebAssociationPage_ShouldSucceed" />
    </UnitTest>
    <UnitTest name="MobileVerificationPage_WhenEnrolledUserTypeValidDigitCode_ShouldLaunchWelcomePage" storage="c:\loyaltywebtest\web\test\ui\loyaltyweb\loyaltywebtest\loyaltywebtest\bin\debug\nordstrom.web.test.ui.loyaltyweb.dll" id="0292a43c-fff5-8a73-f216-496011be59f2">
      <Description>Enrolled User should redirect to welcome page after typing valid 6 digit code</Description>
      <TestCategory>
        <TestCategoryItem TestCategory="LoyaltyTenderNeutral Regression" />
        <TestCategoryItem TestCategory="Verification Regression" />
      </TestCategory>
      <DeploymentItems>
        <DeploymentItem filename="ExternalBinaries" outputDirectory=".\ExternalBinaries" />
        <DeploymentItem filename="TestData" outputDirectory=".\TestData" />
        <DeploymentItem filename="TestRunConfig" outputDirectory=".\TestRunConfig" />
      </DeploymentItems>
      <Execution id="e9b92d39-5bfd-458f-b3f5-76a207c43ee2" />
      <TestMethod codeBase="C:/LoyaltyWebTest/Web/Test/UI/LoyaltyWeb/LoyaltyWebTest/LoyaltyWebTest/bin/Debug/Nordstrom.Web.Test.UI.LoyaltyWeb.DLL" adapterTypeName="Microsoft.VisualStudio.TestTools.TestTypes.Unit.UnitTestAdapter, Microsoft.VisualStudio.QualityTools.Tips.UnitTest.Adapter, Version=12.0.0.0, Culture=neutral, PublicKeyToken=b03f5f7f11d50a3a" className="Nordstrom.Web.Test.UI.LoyaltyWeb.LoyaltyTenderNeutralMobileVerificationPageTests, Nordstrom.Web.Test.UI.LoyaltyWeb, Version=1.0.0.0, Culture=neutral, PublicKeyToken=null" name="MobileVerificationPage_WhenEnrolledUserTypeValidDigitCode_ShouldLaunchWelcomePage" />
    </UnitTest>
    <UnitTest name="TenderNeutralRewardsRegister_GuestUserEnrollWithExistingPhoneButDifferentEmailinEnrollProgram_ShouldFailInEnroll" storage="c:\loyaltywebtest\web\test\ui\loyaltyweb\loyaltywebtest\loyaltywebtest\bin\debug\nordstrom.web.test.ui.loyaltyweb.dll" id="156ad963-ef4e-d174-5b3c-8f7b12cb6828">
      <Description>Guest user enrolling with existing enroll phone number but different email would fail</Description>
      <TestCategory>
        <TestCategoryItem TestCategory="LoyaltyTenderNeutral Regression" />
      </TestCategory>
      <DeploymentItems>
        <DeploymentItem filename="ExternalBinaries" outputDirectory=".\ExternalBinaries" />
        <DeploymentItem filename="TestData" outputDirectory=".\TestData" />
        <DeploymentItem filename="TestRunConfig" outputDirectory=".\TestRunConfig" />
      </DeploymentItems>
      <Execution id="2e83087d-f04b-48ea-a456-7340b297a733" />
      <TestMethod codeBase="C:/LoyaltyWebTest/Web/Test/UI/LoyaltyWeb/LoyaltyWebTest/LoyaltyWebTest/bin/Debug/Nordstrom.Web.Test.UI.LoyaltyWeb.DLL" adapterTypeName="Microsoft.VisualStudio.TestTools.TestTypes.Unit.UnitTestAdapter, Microsoft.VisualStudio.QualityTools.Tips.UnitTest.Adapter, Version=12.0.0.0, Culture=neutral, PublicKeyToken=b03f5f7f11d50a3a" className="Nordstrom.Web.Test.UI.LoyaltyWeb.LoyaltyRegisterTests, Nordstrom.Web.Test.UI.LoyaltyWeb, Version=1.0.0.0, Culture=neutral, PublicKeyToken=null" name="TenderNeutralRewardsRegister_GuestUserEnrollWithExistingPhoneButDifferentEmailinEnrollProgram_ShouldFailInEnroll" />
    </UnitTest>
    <UnitTest name="ApplyAndBuy_NewlyRegisteredUserShoppingWithNewRetailCard_CardSucessfullyAddedToWallet" storage="c:\loyaltywebtest\web\test\ui\loyaltyweb\loyaltywebtest\loyaltywebtest\bin\debug\nordstrom.web.test.ui.loyaltyweb.dll" id="4a867fd7-5351-1b0b-fae9-ebba76d4f45c">
      <Description>Verify newly added Retail card and verify the newly added card in user account wallet</Description>
      <TestCategory>
        <TestCategoryItem TestCategory="ApplyAndBuy Regression" />
      </TestCategory>
      <DeploymentItems>
        <DeploymentItem filename="ExternalBinaries" outputDirectory=".\ExternalBinaries" />
        <DeploymentItem filename="TestData" outputDirectory=".\TestData" />
        <DeploymentItem filename="TestRunConfig" outputDirectory=".\TestRunConfig" />
      </DeploymentItems>
      <Execution id="c5e76387-ed0d-4834-991b-dc042d4e02e3" />
      <TestMethod codeBase="C:/LoyaltyWebTest/Web/Test/UI/LoyaltyWeb/LoyaltyWebTest/LoyaltyWebTest/bin/Debug/Nordstrom.Web.Test.UI.LoyaltyWeb.DLL" adapterTypeName="Microsoft.VisualStudio.TestTools.TestTypes.Unit.UnitTestAdapter, Microsoft.VisualStudio.QualityTools.Tips.UnitTest.Adapter, Version=12.0.0.0, Culture=neutral, PublicKeyToken=b03f5f7f11d50a3a" className="Nordstrom.Web.Test.UI.LoyaltyWeb.ApplyAndBuyTests, Nordstrom.Web.Test.UI.LoyaltyWeb, Version=1.0.0.0, Culture=neutral, PublicKeyToken=null" name="ApplyAndBuy_NewlyRegisteredUserShoppingWithNewRetailCard_CardSucessfullyAddedToWallet" />
    </UnitTest>
    <UnitTest name="SuccessAssociationPageModalPopupsValidation_GuestUserGetANewCodeModalContentValidation_GetANewCodeModalContentValidatedSuccessfully" storage="c:\loyaltywebtest\web\test\ui\loyaltyweb\loyaltywebtest\loyaltywebtest\bin\debug\nordstrom.web.test.ui.loyaltyweb.dll" id="d7776958-df7b-aafc-c999-c6ac276b3cb8">
      <Description>Get a new code Modal Popup Content Validation for Association mobile verification modal</Description>
      <TestCategory>
        <TestCategoryItem TestCategory="LoyaltyTenderNeutral Regression" />
      </TestCategory>
      <DeploymentItems>
        <DeploymentItem filename="ExternalBinaries" outputDirectory=".\ExternalBinaries" />
        <DeploymentItem filename="TestData" outputDirectory=".\TestData" />
        <DeploymentItem filename="TestRunConfig" outputDirectory=".\TestRunConfig" />
      </DeploymentItems>
      <Execution id="a6ba1417-82ae-4ed4-a389-49f19146eab6" />
      <TestMethod codeBase="C:/LoyaltyWebTest/Web/Test/UI/LoyaltyWeb/LoyaltyWebTest/LoyaltyWebTest/bin/Debug/Nordstrom.Web.Test.UI.LoyaltyWeb.DLL" adapterTypeName="Microsoft.VisualStudio.TestTools.TestTypes.Unit.UnitTestAdapter, Microsoft.VisualStudio.QualityTools.Tips.UnitTest.Adapter, Version=12.0.0.0, Culture=neutral, PublicKeyToken=b03f5f7f11d50a3a" className="Nordstrom.Web.Test.UI.LoyaltyWeb.LoyaltyTenderNeutralMobileVerificationPageTests, Nordstrom.Web.Test.UI.LoyaltyWeb, Version=1.0.0.0, Culture=neutral, PublicKeyToken=null" name="SuccessAssociationPageModalPopupsValidation_GuestUserGetANewCodeModalContentValidation_GetANewCodeModalContentValidatedSuccessfully" />
    </UnitTest>
    <UnitTest name="ApplyAndBuy_GuestUserApplyForNewDebitCardAndSignInAfterConfirmationAsNewUser_CardSuccessfullyAddedToWallet" storage="c:\loyaltywebtest\web\test\ui\loyaltyweb\loyaltywebtest\loyaltywebtest\bin\debug\nordstrom.web.test.ui.loyaltyweb.dll" id="5e292389-75cf-17f7-6636-b9ebbfaf2ab9">
      <Description>Apply for a debit card as a guest user, signing in as a new user the confirmation page and verifying the account summary for the newly added instant approved card</Description>
      <TestCategory>
        <TestCategoryItem TestCategory="ApplyAndBuy Regression" />
      </TestCategory>
      <DeploymentItems>
        <DeploymentItem filename="ExternalBinaries" outputDirectory=".\ExternalBinaries" />
        <DeploymentItem filename="TestData" outputDirectory=".\TestData" />
        <DeploymentItem filename="TestRunConfig" outputDirectory=".\TestRunConfig" />
      </DeploymentItems>
      <Execution id="739686fd-bb64-4c13-a468-e3d7d8d1126c" />
      <TestMethod codeBase="C:/LoyaltyWebTest/Web/Test/UI/LoyaltyWeb/LoyaltyWebTest/LoyaltyWebTest/bin/Debug/Nordstrom.Web.Test.UI.LoyaltyWeb.DLL" adapterTypeName="Microsoft.VisualStudio.TestTools.TestTypes.Unit.UnitTestAdapter, Microsoft.VisualStudio.QualityTools.Tips.UnitTest.Adapter, Version=12.0.0.0, Culture=neutral, PublicKeyToken=b03f5f7f11d50a3a" className="Nordstrom.Web.Test.UI.LoyaltyWeb.ApplyAndBuyTests, Nordstrom.Web.Test.UI.LoyaltyWeb, Version=1.0.0.0, Culture=neutral, PublicKeyToken=null" name="ApplyAndBuy_GuestUserApplyForNewDebitCardAndSignInAfterConfirmationAsNewUser_CardSuccessfullyAddedToWallet" />
    </UnitTest>
    <UnitTest name="ApplyAndBuy_GuestUserShoppingDebit_ShouldBeAbleToDeclineTheOffer" storage="c:\loyaltywebtest\web\test\ui\loyaltyweb\loyaltywebtest\loyaltywebtest\bin\debug\nordstrom.web.test.ui.loyaltyweb.dll" id="b7c85bb0-32db-7de4-90bc-36d9f89bd678">
      <Description>Verify guest user can shop debit card successfully.</Description>
      <TestCategory>
        <TestCategoryItem TestCategory="ApplyAndBuy Regression" />
      </TestCategory>
      <DeploymentItems>
        <DeploymentItem filename="ExternalBinaries" outputDirectory=".\ExternalBinaries" />
        <DeploymentItem filename="TestData" outputDirectory=".\TestData" />
        <DeploymentItem filename="TestRunConfig" outputDirectory=".\TestRunConfig" />
      </DeploymentItems>
      <Execution id="1b4fc7d8-ab9d-4de0-936e-c23047bbb716" />
      <TestMethod codeBase="C:/LoyaltyWebTest/Web/Test/UI/LoyaltyWeb/LoyaltyWebTest/LoyaltyWebTest/bin/Debug/Nordstrom.Web.Test.UI.LoyaltyWeb.DLL" adapterTypeName="Microsoft.VisualStudio.TestTools.TestTypes.Unit.UnitTestAdapter, Microsoft.VisualStudio.QualityTools.Tips.UnitTest.Adapter, Version=12.0.0.0, Culture=neutral, PublicKeyToken=b03f5f7f11d50a3a" className="Nordstrom.Web.Test.UI.LoyaltyWeb.ApplyAndBuyTests, Nordstrom.Web.Test.UI.LoyaltyWeb, Version=1.0.0.0, Culture=neutral, PublicKeyToken=null" name="ApplyAndBuy_GuestUserShoppingDebit_ShouldBeAbleToDeclineTheOffer" />
    </UnitTest>
    <UnitTest name="TenderNeutralRewardsRegister_RecognizedUserEnrollWithWrongPassword_ShouldFailInEnroll" storage="c:\loyaltywebtest\web\test\ui\loyaltyweb\loyaltywebtest\loyaltywebtest\bin\debug\nordstrom.web.test.ui.loyaltyweb.dll" id="3436681d-5283-dca4-7aad-db3743bc4bf6">
      <Description>Recognized user enrolling with wrong password would not succeed in enrollment.</Description>
      <TestCategory>
        <TestCategoryItem TestCategory="LoyaltyTenderNeutral Regression" />
      </TestCategory>
      <DeploymentItems>
        <DeploymentItem filename="ExternalBinaries" outputDirectory=".\ExternalBinaries" />
        <DeploymentItem filename="TestData" outputDirectory=".\TestData" />
        <DeploymentItem filename="TestRunConfig" outputDirectory=".\TestRunConfig" />
      </DeploymentItems>
      <Execution id="0a1670c0-19a8-4310-8d41-35f529cec930" />
      <TestMethod codeBase="C:/LoyaltyWebTest/Web/Test/UI/LoyaltyWeb/LoyaltyWebTest/LoyaltyWebTest/bin/Debug/Nordstrom.Web.Test.UI.LoyaltyWeb.DLL" adapterTypeName="Microsoft.VisualStudio.TestTools.TestTypes.Unit.UnitTestAdapter, Microsoft.VisualStudio.QualityTools.Tips.UnitTest.Adapter, Version=12.0.0.0, Culture=neutral, PublicKeyToken=b03f5f7f11d50a3a" className="Nordstrom.Web.Test.UI.LoyaltyWeb.LoyaltyRegisterTests, Nordstrom.Web.Test.UI.LoyaltyWeb, Version=1.0.0.0, Culture=neutral, PublicKeyToken=null" name="TenderNeutralRewardsRegister_RecognizedUserEnrollWithWrongPassword_ShouldFailInEnroll" />
    </UnitTest>
    <UnitTest name="ApplyAndBuy_GuestUserApplyForNewVisaCardAndRegisterAfterCardConfirmation_CardSuccessfullyAddedToWallet" storage="c:\loyaltywebtest\web\test\ui\loyaltyweb\loyaltywebtest\loyaltywebtest\bin\debug\nordstrom.web.test.ui.loyaltyweb.dll" id="6a2c3389-c188-4773-e10b-4e29b62bf4bc">
      <Description>Apply for Nordsrom Visa Credit Card as a guest user, register after card confirmation and successfully verify that card is added to wallet</Description>
      <TestCategory>
        <TestCategoryItem TestCategory="ApplyAndBuy Regression" />
      </TestCategory>
      <DeploymentItems>
        <DeploymentItem filename="ExternalBinaries" outputDirectory=".\ExternalBinaries" />
        <DeploymentItem filename="TestData" outputDirectory=".\TestData" />
        <DeploymentItem filename="TestRunConfig" outputDirectory=".\TestRunConfig" />
      </DeploymentItems>
      <Execution id="c757b37a-f4da-480f-a8a1-da61fbbed419" />
      <TestMethod codeBase="C:/LoyaltyWebTest/Web/Test/UI/LoyaltyWeb/LoyaltyWebTest/LoyaltyWebTest/bin/Debug/Nordstrom.Web.Test.UI.LoyaltyWeb.DLL" adapterTypeName="Microsoft.VisualStudio.TestTools.TestTypes.Unit.UnitTestAdapter, Microsoft.VisualStudio.QualityTools.Tips.UnitTest.Adapter, Version=12.0.0.0, Culture=neutral, PublicKeyToken=b03f5f7f11d50a3a" className="Nordstrom.Web.Test.UI.LoyaltyWeb.ApplyAndBuyTests, Nordstrom.Web.Test.UI.LoyaltyWeb, Version=1.0.0.0, Culture=neutral, PublicKeyToken=null" name="ApplyAndBuy_GuestUserApplyForNewVisaCardAndRegisterAfterCardConfirmation_CardSuccessfullyAddedToWallet" />
    </UnitTest>
    <UnitTest name="TenderNeutralRewardsEnroll_MarketingPreferenceForAuthenticatedUser_MarketingPreferenceNotDisplayed" storage="c:\loyaltywebtest\web\test\ui\loyaltyweb\loyaltywebtest\loyaltywebtest\bin\debug\nordstrom.web.test.ui.loyaltyweb.dll" id="d4223cb2-795f-acc3-97c9-3a959ae1fbec">
      <Description>Verify that the marketing preference is not displayed on Loyalty enroll page for a N.com registered authenticated user</Description>
      <TestCategory>
        <TestCategoryItem TestCategory="LoyaltyTenderNeutralMarketingPreference" />
        <TestCategoryItem TestCategory="LoyaltyTenderNeutral Regression" />
        <TestCategoryItem TestCategory="LoyaltyWeb" />
      </TestCategory>
      <DeploymentItems>
        <DeploymentItem filename="ExternalBinaries" outputDirectory=".\ExternalBinaries" />
        <DeploymentItem filename="TestData" outputDirectory=".\TestData" />
        <DeploymentItem filename="TestRunConfig" outputDirectory=".\TestRunConfig" />
      </DeploymentItems>
      <Execution id="fea03bd5-93b9-4d45-9261-7f66453edb96" />
      <TestMethod codeBase="C:/LoyaltyWebTest/Web/Test/UI/LoyaltyWeb/LoyaltyWebTest/LoyaltyWebTest/bin/Debug/Nordstrom.Web.Test.UI.LoyaltyWeb.DLL" adapterTypeName="Microsoft.VisualStudio.TestTools.TestTypes.Unit.UnitTestAdapter, Microsoft.VisualStudio.QualityTools.Tips.UnitTest.Adapter, Version=12.0.0.0, Culture=neutral, PublicKeyToken=b03f5f7f11d50a3a" className="Nordstrom.Web.Test.UI.LoyaltyWeb.LoyaltyRegisterTests, Nordstrom.Web.Test.UI.LoyaltyWeb, Version=1.0.0.0, Culture=neutral, PublicKeyToken=null" name="TenderNeutralRewardsEnroll_MarketingPreferenceForAuthenticatedUser_MarketingPreferenceNotDisplayed" />
    </UnitTest>
    <UnitTest name="ApplyAndBuy_AuthenticatedUserShoppingForRetailCard_ShouldGetReferralMessage" storage="c:\loyaltywebtest\web\test\ui\loyaltyweb\loyaltywebtest\loyaltywebtest\bin\debug\nordstrom.web.test.ui.loyaltyweb.dll" id="e4a64364-519b-8322-a7f4-93d5e3084e40">
      <Description>Verify authenticated user would shop retail card unsuccessfully.</Description>
      <TestCategory>
        <TestCategoryItem TestCategory="ApplyAndBuy Regression" />
      </TestCategory>
      <DeploymentItems>
        <DeploymentItem filename="ExternalBinaries" outputDirectory=".\ExternalBinaries" />
        <DeploymentItem filename="TestData" outputDirectory=".\TestData" />
        <DeploymentItem filename="TestRunConfig" outputDirectory=".\TestRunConfig" />
      </DeploymentItems>
      <Execution id="70204a6c-828b-465d-b983-92df03a3b3c6" />
[...]
    </UnitTestResult>
    <UnitTestResult executionId="5887432c-c8fe-4f6c-8981-e08f51dcb598" testId="49a974b3-ec64-d3af-0151-561a64779c12" testName="MobileVerificationPage_WhenEnrolledUserTypeExpiredCode_ShouldGetExpiredErrorMessage" computerName="MW00977477" testType="13cdc9d9-ddb5-4fa4-a97d-d965ccfc6d4b" outcome="NotExecuted" testListId="8c84fa94-04c1-424b-9868-57a2d4851a1d" relativeResultsDirectory="5887432c-c8fe-4f6c-8981-e08f51dcb598">
    </UnitTestResult>
    <UnitTestResult executionId="e9b92d39-5bfd-458f-b3f5-76a207c43ee2" testId="0292a43c-fff5-8a73-f216-496011be59f2" testName="MobileVerificationPage_WhenEnrolledUserTypeValidDigitCode_ShouldLaunchWelcomePage" computerName="MW00977477" testType="13cdc9d9-ddb5-4fa4-a97d-d965ccfc6d4b" outcome="NotExecuted" testListId="8c84fa94-04c1-424b-9868-57a2d4851a1d" relativeResultsDirectory="e9b92d39-5bfd-458f-b3f5-76a207c43ee2">
    </UnitTestResult>
    <UnitTestResult executionId="960563a1-1778-4d67-a7f1-0ea65c23bcd8" testId="d0f4ec86-2b86-2cd8-ac68-409545882993" testName="MobileVerificationPage_WhenEnrolledUserTypeWrongDigitCode_ShouldGetWrongCodeMessage" computerName="MW00977477" testType="13cdc9d9-ddb5-4fa4-a97d-d965ccfc6d4b" outcome="NotExecuted" testListId="8c84fa94-04c1-424b-9868-57a2d4851a1d" relativeResultsDirectory="960563a1-1778-4d67-a7f1-0ea65c23bcd8">
    </UnitTestResult>
    <UnitTestResult executionId="f9b9cf0c-c46e-4ae9-b542-07769f600ca1" testId="4a24944e-583e-e01a-529b-88059ce4229f" testName="MobileVerificationPageModalPopupsValidation_AuthenticatedUserGetANewCodeModalContentValidation_GetANewCodeModalContentValidatedSuccessfully" computerName="MW00977477" testType="13cdc9d9-ddb5-4fa4-a97d-d965ccfc6d4b" outcome="NotExecuted" testListId="8c84fa94-04c1-424b-9868-57a2d4851a1d" relativeResultsDirectory="f9b9cf0c-c46e-4ae9-b542-07769f600ca1">
    </UnitTestResult>
    <UnitTestResult executionId="9d5778a9-00d4-4fba-9f5a-0b2f3c973d9c" testId="5c0ec21b-359a-7e0f-4182-44eb294aa758" testName="MobileVerificationPageModalPopupsValidation_AuthenticatedUserMaximumLimitGetACodeClickValidation_ThrowsError" computerName="MW00977477" testType="13cdc9d9-ddb5-4fa4-a97d-d965ccfc6d4b" outcome="NotExecuted" testListId="8c84fa94-04c1-424b-9868-57a2d4851a1d" relativeResultsDirectory="9d5778a9-00d4-4fba-9f5a-0b2f3c973d9c">
    </UnitTestResult>
    <UnitTestResult executionId="aac56d02-d043-46c2-bb0e-34921bd3e11f" testId="23010815-be15-7fb0-5f11-ae62528f19b0" testName="MobileVerificationPageModalPopupsValidation_CloseButtonInDidntGetACodeModalValidation_CloseButtonInDidntGetACodeModalClosedModalSuccessfully" computerName="MW00977477" testType="13cdc9d9-ddb5-4fa4-a97d-d965ccfc6d4b" outcome="NotExecuted" testListId="8c84fa94-04c1-424b-9868-57a2d4851a1d" relativeResultsDirectory="aac56d02-d043-46c2-bb0e-34921bd3e11f">
    </UnitTestResult>
    <UnitTestResult executionId="93a14a9c-51ed-42ba-99ab-b0931e715863" testId="2dc10e4d-0215-3f23-67b5-47a4fe1b7ab1" testName="MobileVerificationPageModalPopupsValidation_CloseButtonInGetANewCodeModalValidation_CloseButtonInGetANewCodeModalClosesModalSuccessfully" computerName="MW00977477" testType="13cdc9d9-ddb5-4fa4-a97d-d965ccfc6d4b" outcome="NotExecuted" testListId="8c84fa94-04c1-424b-9868-57a2d4851a1d" relativeResultsDirectory="93a14a9c-51ed-42ba-99ab-b0931e715863">
    </UnitTestResult>
    <UnitTestResult executionId="053e3153-e160-429c-ac44-658c39a82b18" testId="b8760095-196b-9486-9ec7-d0fcb8b1c53c" testName="MobileVerificationPageModalPopupsValidation_DidntGetACodeModalContentValidation_DidntGetACodeModalContentValidatedSuccessfully" computerName="MW00977477" testType="13cdc9d9-ddb5-4fa4-a97d-d965ccfc6d4b" outcome="NotExecuted" testListId="8c84fa94-04c1-424b-9868-57a2d4851a1d" relativeResultsDirectory="053e3153-e160-429c-ac44-658c39a82b18">
    </UnitTestResult>
    <UnitTestResult executionId="83f876d0-7bd1-456e-84ec-d1b62f4babdb" testId="d618c68d-88ae-88f4-1bc5-f56301e716ed" testName="MobileVerificationPageModalPopupsValidation_GuestUserGetANewCodeModalContentValidation_GetANewCodeModalContentValidatedSuccessfully" computerName="MW00977477" testType="13cdc9d9-ddb5-4fa4-a97d-d965ccfc6d4b" outcome="NotExecuted" testListId="8c84fa94-04c1-424b-9868-57a2d4851a1d" relativeResultsDirectory="83f876d0-7bd1-456e-84ec-d1b62f4babdb">
    </UnitTestResult>
    <UnitTestResult executionId="e3f64ae4-fec4-4bef-bf40-d5efd823a65d" testId="899e75ac-735e-e41d-941c-31a4337e1cb7" testName="MobileVerificationPageModalPopupsValidation_OkButtonInDidntGetACodeModalValidation_OkButtonInDidntGetACodeModalClosedModalSuccessfully" computerName="MW00977477" testType="13cdc9d9-ddb5-4fa4-a97d-d965ccfc6d4b" outcome="NotExecuted" testListId="8c84fa94-04c1-424b-9868-57a2d4851a1d" relativeResultsDirectory="e3f64ae4-fec4-4bef-bf40-d5efd823a65d">
    </UnitTestResult>
    <UnitTestResult executionId="fbcacce9-9588-49df-bf07-0a7e6669f962" testId="a69eddad-1d10-e519-4d70-67bf86829651" testName="MobileVerificationPageModalPopupsValidation_OkButtonInGetANewCodeModalValidation_OkButtonInGetANewCodeModalClosesModalSuccessfully" computerName="MW00977477" testType="13cdc9d9-ddb5-4fa4-a97d-d965ccfc6d4b" outcome="NotExecuted" testListId="8c84fa94-04c1-424b-9868-57a2d4851a1d" relativeResultsDirectory="fbcacce9-9588-49df-bf07-0a7e6669f962">
    </UnitTestResult>
    <UnitTestResult executionId="a8addeb4-c987-474a-9a33-bf923d322b94" testId="d0950b0b-ed3c-7fe5-5ab1-a2a80aa43ac2" testName="SuccessAssociationPageModalPopupsValidation_AuthenticatedUserDidntGetACodeModalContentValidation_DidntGetACodeModalContentValidatedSuccessfully" computerName="MW00977477" testType="13cdc9d9-ddb5-4fa4-a97d-d965ccfc6d4b" outcome="NotExecuted" testListId="8c84fa94-04c1-424b-9868-57a2d4851a1d" relativeResultsDirectory="a8addeb4-c987-474a-9a33-bf923d322b94">
    </UnitTestResult>
    <UnitTestResult executionId="0d2e4b96-4111-4690-96a8-c292c13f7160" testId="aa85e4af-cb36-19c8-0057-a6b24c106f4d" testName="SuccessAssociationPageModalPopupsValidation_AuthenticatedUserGetANewCodeModalContentValidation_GetANewCodeModalContentValidatedSuccessfully" computerName="MW00977477" testType="13cdc9d9-ddb5-4fa4-a97d-d965ccfc6d4b" outcome="NotExecuted" testListId="8c84fa94-04c1-424b-9868-57a2d4851a1d" relativeResultsDirectory="0d2e4b96-4111-4690-96a8-c292c13f7160">
    </UnitTestResult>
    <UnitTestResult executionId="91abb412-ff12-448a-88c6-49860cc09de0" testId="f908d2f2-d10f-a35a-dcc7-beef8d7bcb26" testName="SuccessAssociationPageModalPopupsValidation_AuthenticatedUserSpecialCharacterinCodeField_ThrowsError" computerName="MW00977477" testType="13cdc9d9-ddb5-4fa4-a97d-d965ccfc6d4b" outcome="NotExecuted" testListId="8c84fa94-04c1-424b-9868-57a2d4851a1d" relativeResultsDirectory="91abb412-ff12-448a-88c6-49860cc09de0">
    </UnitTestResult>
    <UnitTestResult executionId="5c34e58a-e931-40e2-8288-afdc6d362441" testId="8d07d365-e6b3-65ac-7ac7-e1c25fe2e0cb" testName="SuccessAssociationPageModalPopupsValidation_CloseButtonGetANewCodeModalValidation_CloseButtonInGetANewCodeModalClosedModalSuccessfully" computerName="MW00977477" testType="13cdc9d9-ddb5-4fa4-a97d-d965ccfc6d4b" outcome="NotExecuted" testListId="8c84fa94-04c1-424b-9868-57a2d4851a1d" relativeResultsDirectory="5c34e58a-e931-40e2-8288-afdc6d362441">
    </UnitTestResult>
    <UnitTestResult executionId="67def3de-c4af-4a90-8cb7-e4d95600d35e" testId="8814ad4a-610b-1476-179c-7964a75f96e9" testName="SuccessAssociationPageModalPopupsValidation_CloseButtonInDidntGetACodeModalValidation_CloseButtonInDidntGetACodeModalClosedModalSuccessfully" computerName="MW00977477" testType="13cdc9d9-ddb5-4fa4-a97d-d965ccfc6d4b" outcome="NotExecuted" testListId="8c84fa94-04c1-424b-9868-57a2d4851a1d" relativeResultsDirectory="67def3de-c4af-4a90-8cb7-e4d95600d35e">
    </UnitTestResult>
    <UnitTestResult executionId="efdcf948-fb2e-401b-a2e1-5b88d675d97b" testId="837239c5-67a3-15ad-e8a9-edc4254dd4db" testName="SuccessAssociationPageModalPopupsValidation_GuestUserDidntGetACodeModalContentValidation_DidntGetACodeModalContentValidatedSuccessfully" computerName="MW00977477" testType="13cdc9d9-ddb5-4fa4-a97d-d965ccfc6d4b" outcome="NotExecuted" testListId="8c84fa94-04c1-424b-9868-57a2d4851a1d" relativeResultsDirectory="efdcf948-fb2e-401b-a2e1-5b88d675d97b">
    </UnitTestResult>
    <UnitTestResult executionId="a6ba1417-82ae-4ed4-a389-49f19146eab6" testId="d7776958-df7b-aafc-c999-c6ac276b3cb8" testName="SuccessAssociationPageModalPopupsValidation_GuestUserGetANewCodeModalContentValidation_GetANewCodeModalContentValidatedSuccessfully" computerName="MW00977477" testType="13cdc9d9-ddb5-4fa4-a97d-d965ccfc6d4b" outcome="NotExecuted" testListId="8c84fa94-04c1-424b-9868-57a2d4851a1d" relativeResultsDirectory="a6ba1417-82ae-4ed4-a389-49f19146eab6">
    </UnitTestResult>
    <UnitTestResult executionId="8170493c-37df-490d-b46f-67a02b83697c" testId="70b5096a-4d76-50d1-927f-d842acd0d8ad" testName="SuccessAssociationPageModalPopupsValidation_GuestUserGetANewCodePhoneNumberValidation_PhoneNumberToAssociateValidatedSuccessfully" computerName="MW00977477" testType="13cdc9d9-ddb5-4fa4-a97d-d965ccfc6d4b" outcome="NotExecuted" testListId="8c84fa94-04c1-424b-9868-57a2d4851a1d" relativeResultsDirectory="8170493c-37df-490d-b46f-67a02b83697c">
    </UnitTestResult>
    <UnitTestResult executionId="b51f268a-a1b7-4690-b439-6fdc746a7e28" testId="17ddc304-caf1-92fb-26b0-9e5ce0e35f12" testName="SuccessAssociationPageModalPopupsValidation_GuestUserMaximumLimitGetANewCodeClickValidation_ValidMessageDisplayedSuccessfully" computerName="MW00977477" testType="13cdc9d9-ddb5-4fa4-a97d-d965ccfc6d4b" outcome="NotExecuted" testListId="8c84fa94-04c1-424b-9868-57a2d4851a1d" relativeResultsDirectory="b51f268a-a1b7-4690-b439-6fdc746a7e28">
    </UnitTestResult>
    <UnitTestResult executionId="5903a802-64d8-4ce2-9a6c-4327b517d4bb" testId="47b1dee1-d457-b144-965d-3ecfde9a5fd1" testName="SuccessAssociationPageModalPopupsValidation_OkButtonGetANewCodeModalValidation_OkButtonInGetANewCodeModalClosedModalSuccessfully" computerName="MW00977477" testType="13cdc9d9-ddb5-4fa4-a97d-d965ccfc6d4b" outcome="NotExecuted" testListId="8c84fa94-04c1-424b-9868-57a2d4851a1d" relativeResultsDirectory="5903a802-64d8-4ce2-9a6c-4327b517d4bb">
    </UnitTestResult>
    <UnitTestResult executionId="814796aa-42db-48db-a6cd-79bab5b33778" testId="bc8bcbad-6dab-8a10-872a-1cd128e497ce" testName="SuccessAssociationPageModalPopupsValidation_OkButtonInDidntGetACodeModalValidation_OkButtonInDidntGetACodeModalClosedModalSuccessfully" computerName="MW00977477" testType="13cdc9d9-ddb5-4fa4-a97d-d965ccfc6d4b" outcome="NotExecuted" testListId="8c84fa94-04c1-424b-9868-57a2d4851a1d" relativeResultsDirectory="814796aa-42db-48db-a6cd-79bab5b33778">
    </UnitTestResult>
    <UnitTestResult executionId="7e8bf6b4-6fc6-4661-9f9c-adee25a3a888" testId="882fb25a-af60-c1a9-9ac5-8c717310c276" testName="TenderNeutralRewardsEnroll_LoyaltyTenderNeutralRegisteredAuthenticatedUser_EmailPrePopulationVerificationSuccessful" computerName="MW00977477" testType="13cdc9d9-ddb5-4fa4-a97d-d965ccfc6d4b" outcome="NotExecuted" testListId="8c84fa94-04c1-424b-9868-57a2d4851a1d" relativeResultsDirectory="7e8bf6b4-6fc6-4661-9f9c-adee25a3a888">
    </UnitTestResult>
    <UnitTestResult executionId="4e8aa66a-5db1-4fc5-92c3-b55aa08989d8" testId="a7a8df94-1db0-153a-c800-e2df07e46ab8" testName="TenderNeutralRewardsEnroll_LoyaltyTNAuthenticatedUserAlphanumericCharacterInCodeField_ThrowseError" computerName="MW00977477" testType="13cdc9d9-ddb5-4fa4-a97d-d965ccfc6d4b" outcome="NotExecuted" testListId="8c84fa94-04c1-424b-9868-57a2d4851a1d" relativeResultsDirectory="4e8aa66a-5db1-4fc5-92c3-b55aa08989d8">
    </UnitTestResult>
    <UnitTestResult executionId="6d773470-5b2e-4359-a681-219531491859" testId="884a4ca8-cd4f-64c9-09ad-1d353ec31c8c" testName="TenderNeutralRewardsEnroll_LoyaltyTNAuthenticatedUserFBlankCodeField_ThrowseError" computerName="MW00977477" testType="13cdc9d9-ddb5-4fa4-a97d-d965ccfc6d4b" outcome="NotExecuted" testListId="8c84fa94-04c1-424b-9868-57a2d4851a1d" relativeResultsDirectory="6d773470-5b2e-4359-a681-219531491859">
    </UnitTestResult>
    <UnitTestResult executionId="ea6405a8-6eda-45dc-91f6-ef4cde89ae71" testId="f95a6f19-ee3b-53de-cf88-883fcaddfe39" testName="TenderNeutralRewardsEnroll_LoyaltyTNAuthenticatedUserFiveDigitsInCodeField_ThrowseError" computerName="MW00977477" testType="13cdc9d9-ddb5-4fa4-a97d-d965ccfc6d4b" outcome="NotExecuted" testListId="8c84fa94-04c1-424b-9868-57a2d4851a1d" relativeResultsDirectory="ea6405a8-6eda-45dc-91f6-ef4cde89ae71">
    </UnitTestResult>
    <UnitTestResult executionId="b7501043-00fc-4e5a-b325-d75668feb76e" testId="3757ab62-2418-b96f-a6e8-6a2ddff7f5be" testName="TenderNeutralRewardsEnroll_LoyaltyTNAuthenticatedUserLessThanSixDigitsInCodeField_ThrowseError" computerName="MW00977477" testType="13cdc9d9-ddb5-4fa4-a97d-d965ccfc6d4b" outcome="NotExecuted" testListId="8c84fa94-04c1-424b-9868-57a2d4851a1d" relativeResultsDirectory="b7501043-00fc-4e5a-b325-d75668feb76e">
    </UnitTestResult>
    <UnitTestResult executionId="a9ff3531-4c7b-48ac-aae5-e3b1e2e79f52" testId="ee8371a4-6a8c-8220-7b9b-c4b425e74e47" testName="TenderNeutralRewardsEnroll_LoyaltyTNAuthenticatedUserMaximumInvlaidEntryinCodeField_ThrowsError" computerName="MW00977477" testType="13cdc9d9-ddb5-4fa4-a97d-d965ccfc6d4b" outcome="NotExecuted" testListId="8c84fa94-04c1-424b-9868-57a2d4851a1d" relativeResultsDirectory="a9ff3531-4c7b-48ac-aae5-e3b1e2e79f52">
    </UnitTestResult>
    <UnitTestResult executionId="4070f2f2-0e3a-4b81-bf22-8c28fcf63e93" testId="5d94c71d-df20-d6cd-d92c-a694e0aa36bf" testName="TenderNeutralRewardsEnroll_LoyaltyTNAuthenticatedUserSevenDigitsInCodeField_ThrowseError" computerName="MW00977477" testType="13cdc9d9-ddb5-4fa4-a97d-d965ccfc6d4b" outcome="NotExecuted" testListId="8c84fa94-04c1-424b-9868-57a2d4851a1d" relativeResultsDirectory="4070f2f2-0e3a-4b81-bf22-8c28fcf63e93">
    </UnitTestResult>
    <UnitTestResult executionId="c640fe2f-f8bb-40f6-8369-36c3161d8182" testId="7003bcc1-5465-4329-b7ef-878c9e819482" testName="TenderNeutralRewardsEnroll_LoyaltyTNAuthenticatedUserSpecialCharacterinCodeField_ThrowseError" computerName="MW00977477" testType="13cdc9d9-ddb5-4fa4-a97d-d965ccfc6d4b" outcome="NotExecuted" testListId="8c84fa94-04c1-424b-9868-57a2d4851a1d" relativeResultsDirectory="c640fe2f-f8bb-40f6-8369-36c3161d8182">
    </UnitTestResult>
    <UnitTestResult executionId="593f802b-50ec-4a5e-b080-2bf8ae9abbf2" testId="f2fbd149-e2af-5637-9417-20622b33fae0" testName="LoyaltyWelcomePage_BonusPointEventsLink_ShouldHaveValidURL" computerName="MW00977477" testType="13cdc9d9-ddb5-4fa4-a97d-d965ccfc6d4b" outcome="NotExecuted" testListId="8c84fa94-04c1-424b-9868-57a2d4851a1d" relativeResultsDirectory="593f802b-50ec-4a5e-b080-2bf8ae9abbf2">
    </UnitTestResult>
    <UnitTestResult executionId="9431a3e4-51f9-4a85-a659-e74aec1eb1b9" testId="a4820a9f-81f2-f74a-e78b-327ea50d8b48" testName="LoyaltyWelcomePage_HauteLookLogo_ShouldRender" computerName="MW00977477" testType="13cdc9d9-ddb5-4fa4-a97d-d965ccfc6d4b" outcome="NotExecuted" testListId="8c84fa94-04c1-424b-9868-57a2d4851a1d" relativeResultsDirectory="9431a3e4-51f9-4a85-a659-e74aec1eb1b9">
    </UnitTestResult>
    <UnitTestResult executionId="547a4885-f05d-4b29-97f9-5a296618cdb7" testId="6e08402d-8997-90dc-9b66-886438ad27db" testName="LoyaltyWelcomePage_NordstromLogo_ShouldRender" computerName="MW00977477" testType="13cdc9d9-ddb5-4fa4-a97d-d965ccfc6d4b" outcome="NotExecuted" testListId="8c84fa94-04c1-424b-9868-57a2d4851a1d" relativeResultsDirectory="547a4885-f05d-4b29-97f9-5a296618cdb7">
    </UnitTestResult>
    <UnitTestResult executionId="075aadda-46bc-4f70-be6a-6d3016ffd7f7" testId="c03a005c-b69d-99fa-b651-b26bd5d00566" testName="LoyaltyWelcomePage_RackLogo_ShouldRender" computerName="MW00977477" testType="13cdc9d9-ddb5-4fa4-a97d-d965ccfc6d4b" outcome="NotExecuted" testListId="8c84fa94-04c1-424b-9868-57a2d4851a1d" relativeResultsDirectory="075aadda-46bc-4f70-be6a-6d3016ffd7f7">
    </UnitTestResult>
    <UnitTestResult executionId="89b51345-7172-4321-a2fb-91ba3c733a67" testId="e3a562d7-b300-5f52-06c2-7be31e66bd96" testName="LoyaltyWelcomePage_WhenTypeRightURL_ShouldRenderWelcomePage" computerName="MW00977477" testType="13cdc9d9-ddb5-4fa4-a97d-d965ccfc6d4b" outcome="NotExecuted" testListId="8c84fa94-04c1-424b-9868-57a2d4851a1d" relativeResultsDirectory="89b51345-7172-4321-a2fb-91ba3c733a67">
    </UnitTestResult>
    <UnitTestResult executionId="7c89815e-6335-4d2d-bf0c-a646aa017d12" testId="e7dc9dd3-4cd3-3bf6-c7c0-12fcc1c1c5cd" testName="TenderNeutralAssociation_When15MinutesPassAsAuthenticatedUser_ChangeToRecognizeUserAndInfoDisappear" computerName="MW00977477" testType="13cdc9d9-ddb5-4fa4-a97d-d965ccfc6d4b" outcome="NotExecuted" testListId="8c84fa94-04c1-424b-9868-57a2d4851a1d" relativeResultsDirectory="7c89815e-6335-4d2d-bf0c-a646aa017d12">
    </UnitTestResult>
    <UnitTestResult executionId="ef51ddaa-3942-496f-ac0f-3f1076c9a084" testId="dea7da76-cc4d-9db9-653c-019847e5cc46" testName="TenderNeutralAssociation_When15MinutesPassAsGuestUser_EnteredInfoDisappear" computerName="MW00977477" testType="13cdc9d9-ddb5-4fa4-a97d-d965ccfc6d4b" outcome="NotExecuted" testListId="8c84fa94-04c1-424b-9868-57a2d4851a1d" relativeResultsDirectory="ef51ddaa-3942-496f-ac0f-3f1076c9a084">
    </UnitTestResult>
    <UnitTestResult executionId="007cf172-7c7b-4ca8-9d7c-9e9b241bebb7" testId="988daa97-185a-b36c-e2bb-1662c7eee467" testName="TenderNeutralEnroll_When15MinutesPassWithoutAuthenticatedUserActivity_ExpectSessionTimeoutInfoShowAndUserInfoDisappear" computerName="MW00977477" testType="13cdc9d9-ddb5-4fa4-a97d-d965ccfc6d4b" outcome="NotExecuted" testListId="8c84fa94-04c1-424b-9868-57a2d4851a1d" relativeResultsDirectory="007cf172-7c7b-4ca8-9d7c-9e9b241bebb7">
    </UnitTestResult>
    <UnitTestResult executionId="4eee5285-5de5-441e-bc01-977d13f53662" testId="dbe39e81-54e6-8534-594e-60312842c80d" testName="TenderNeutralEnroll_When15MinutesPassWithoutUserActivityAndTestSecureShopperSessionFeatureFlagOff_ExpectSessionTimeoutInfoShowAndUserInfoDisappear" computerName="MW00977477" testType="13cdc9d9-ddb5-4fa4-a97d-d965ccfc6d4b" outcome="NotExecuted" testListId="8c84fa94-04c1-424b-9868-57a2d4851a1d" relativeResultsDirectory="4eee5285-5de5-441e-bc01-977d13f53662">
    </UnitTestResult>
    <UnitTestResult executionId="124c2cc6-48e0-49be-96c0-d9839bc2e8ab" testId="df693012-2078-7e40-769b-35128c8352ea" testName="FunJourney" computerName="MW00977477" testType="13cdc9d9-ddb5-4fa4-a97d-d965ccfc6d4b" outcome="NotExecuted" testListId="8c84fa94-04c1-424b-9868-57a2d4851a1d" relativeResultsDirectory="124c2cc6-48e0-49be-96c0-d9839bc2e8ab">
    </UnitTestResult>
    <UnitTestResult executionId="19eaf382-e51a-4365-a9ee-cb6ea8d0fb27" testId="88fee92b-29a5-8efc-d2c6-587beeb283fa" testName="TenderNeutralRewards_FromEnroll_ToSuccessAssociatedEnd" computerName="MW00977477" testType="13cdc9d9-ddb5-4fa4-a97d-d965ccfc6d4b" outcome="NotExecuted" testListId="8c84fa94-04c1-424b-9868-57a2d4851a1d" relativeResultsDirectory="19eaf382-e51a-4365-a9ee-cb6ea8d0fb27">
    </UnitTestResult>
    <UnitTestResult executionId="d1ecd0d6-0871-433f-afde-da9c37de900e" testId="91a3c75c-7428-63da-00ff-d5a1fd9b86ed" testName="TenderNeutralRewardsEnroll_MultipleUserScenariosBasic_EnrollShouldBeSucceedInTheEnd" computerName="MW00977477" testType="13cdc9d9-ddb5-4fa4-a97d-d965ccfc6d4b" outcome="NotExecuted" testListId="8c84fa94-04c1-424b-9868-57a2d4851a1d" relativeResultsDirectory="d1ecd0d6-0871-433f-afde-da9c37de900e">
    </UnitTestResult>
  </Results>
</TestRun>